[2017-01-22 15:21:15] applog.INFO: 进入tenderAction方法>>>准备推送招标抓取数据 [] []
[2017-01-22 15:21:15] applog.WARNING: Notice: Undefined property: SABundle\Entity\GrabRule::$getEntity [] []
[2017-01-22 15:21:15] applog.WARNING: Notice: Undefined property: SABundle\Entity\GrabRule::$getEntity [] []
[2017-01-22 15:21:15] applog.WARNING: Notice: Undefined property: SABundle\Entity\GrabRule::$getEntity [] []
[2017-01-22 15:21:16] applog.WARNING: Notice: Undefined property: SABundle\Entity\GrabRule::$getEntity [] []
[2017-01-22 15:21:16] applog.WARNING: Notice: Undefined property: SABundle\Entity\GrabRule::$getEntity [] []
[2017-01-22 15:21:16] applog.WARNING: Notice: Undefined property: SABundle\Entity\GrabRule::$getEntity [] []
[2017-01-22 15:21:16] applog.WARNING: Notice: Undefined property: SABundle\Entity\GrabRule::$getEntity [] []
[2017-01-22 15:21:16] applog.WARNING: Notice: Undefined property: SABundle\Entity\GrabRule::$getEntity [] []
[2017-01-22 15:21:16] applog.WARNING: Notice: Undefined property: SABundle\Entity\GrabRule::$getEntity [] []
[2017-01-22 15:21:16] applog.WARNING: Notice: Undefined property: SABundle\Entity\GrabRule::$getEntity [] []
[2017-01-22 15:21:16] applog.WARNING: Notice: Undefined property: SABundle\Entity\GrabRule::$getEntity [] []
[2017-01-22 15:21:16] applog.WARNING: Notice: Undefined property: SABundle\Entity\GrabRule::$getEntity [] []
[2017-01-22 15:21:16] applog.WARNING: Notice: Undefined property: SABundle\Entity\GrabRule::$getEntity [] []
[2017-01-22 15:21:16] applog.WARNING: Notice: Undefined property: SABundle\Entity\GrabRule::$getEntity [] []
[2017-01-22 15:21:16] applog.WARNING: Notice: Undefined property: SABundle\Entity\GrabRule::$getEntity [] []
[2017-01-22 15:21:16] applog.WARNING: Notice: Undefined property: SABundle\Entity\GrabRule::$getEntity [] []
[2017-01-22 15:21:16] applog.WARNING: Notice: Undefined property: SABundle\Entity\GrabRule::$getEntity [] []
[2017-01-22 15:21:16] applog.WARNING: Notice: Undefined property: SABundle\Entity\GrabRule::$getEntity [] []
[2017-01-22 15:21:16] applog.WARNING: Notice: Undefined property: SABundle\Entity\GrabRule::$getEntity [] []
[2017-01-22 15:21:16] applog.WARNING: Notice: Undefined property: SABundle\Entity\GrabRule::$getEntity [] []
[2017-01-22 15:21:16] applog.WARNING: Notice: Undefined property: SABundle\Entity\GrabRule::$getEntity [] []
[2017-01-22 15:21:16] applog.WARNING: Notice: Undefined property: SABundle\Entity\GrabRule::$getEntity [] []
[2017-01-22 15:21:16] applog.WARNING: Notice: Undefined property: SABundle\Entity\GrabRule::$getEntity [] []
[2017-01-22 15:21:16] applog.WARNING: Notice: Undefined property: SABundle\Entity\GrabRule::$getEntity [] []
[2017-01-22 15:21:16] applog.WARNING: Notice: Undefined property: SABundle\Entity\GrabRule::$getEntity [] []
[2017-01-22 15:21:16] applog.WARNING: Notice: Undefined property: SABundle\Entity\GrabRule::$getEntity [] []
[2017-01-22 15:21:16] applog.WARNING: Notice: Undefined property: SABundle\Entity\GrabRule::$getEntity [] []
[2017-01-22 15:21:16] applog.WARNING: Notice: Undefined property: SABundle\Entity\GrabRule::$getEntity [] []
[2017-01-22 15:21:16] applog.WARNING: Notice: Undefined property: SABundle\Entity\GrabRule::$getEntity [] []
[2017-01-22 15:21:16] applog.WARNING: Notice: Undefined property: SABundle\Entity\GrabRule::$getEntity [] []
[2017-01-22 15:21:16] applog.WARNING: Notice: Undefined property: SABundle\Entity\GrabRule::$getEntity [] []
[2017-01-22 15:21:16] applog.WARNING: Notice: Undefined property: SABundle\Entity\GrabRule::$getEntity [] []
[2017-01-22 15:21:16] applog.WARNING: Notice: Undefined property: SABundle\Entity\GrabRule::$getEntity [] []
[2017-01-22 15:21:16] applog.WARNING: Notice: Undefined property: SABundle\Entity\GrabRule::$getEntity [] []
[2017-01-22 15:21:16] applog.WARNING: Notice: Undefined property: SABundle\Entity\GrabRule::$getEntity [] []
[2017-01-22 15:21:16] applog.WARNING: Notice: Undefined property: SABundle\Entity\GrabRule::$getEntity [] []
[2017-01-22 15:21:16] applog.WARNING: Notice: Undefined property: SABundle\Entity\GrabRule::$getEntity [] []
[2017-01-22 15:21:16] applog.WARNING: Notice: Undefined property: SABundle\Entity\GrabRule::$getEntity [] []
[2017-01-22 15:21:16] applog.WARNING: Notice: Undefined property: SABundle\Entity\GrabRule::$getEntity [] []
[2017-01-22 15:21:16] applog.WARNING: Notice: Undefined property: SABundle\Entity\GrabRule::$getEntity [] []
[2017-01-22 15:21:16] applog.WARNING: Notice: Undefined property: SABundle\Entity\GrabRule::$getEntity [] []
[2017-01-22 15:21:16] applog.WARNING: Notice: Undefined property: SABundle\Entity\GrabRule::$getEntity [] []
[2017-01-22 15:21:16] applog.WARNING: Notice: Undefined property: SABundle\Entity\GrabRule::$getEntity [] []
[2017-01-22 15:21:16] applog.WARNING: Notice: Undefined property: SABundle\Entity\GrabRule::$getEntity [] []
[2017-01-22 15:21:16] applog.WARNING: Notice: Undefined property: SABundle\Entity\GrabRule::$getEntity [] []
[2017-01-22 15:21:16] applog.WARNING: Notice: Undefined property: SABundle\Entity\GrabRule::$getEntity [] []
[2017-01-22 15:21:16] applog.WARNING: Notice: Undefined property: SABundle\Entity\GrabRule::$getEntity [] []
[2017-01-22 15:21:16] applog.WARNING: Notice: Undefined property: SABundle\Entity\GrabRule::$getEntity [] []
[2017-01-22 15:21:16] applog.WARNING: Notice: Undefined property: SABundle\Entity\GrabRule::$getEntity [] []
[2017-01-22 15:21:16] applog.INFO: tenderAction方法执行完成<<<推送招标抓取数据结束 [] []
[2017-01-22 15:22:17] applog.INFO: 进入tenderAction方法>>>准备推送招标抓取数据 [] []
[2017-01-22 15:23:10] applog.INFO: 进入tenderAction方法>>>准备推送招标抓取数据 [] []
[2017-01-22 15:23:11] applog.INFO: 开始推送AppBundle:Company:108 [] []
[2017-01-22 15:23:12] applog.INFO: 开始推送AppBundle:Company:108 [] []
[2017-01-22 15:23:13] applog.INFO: 开始推送AppBundle:Company:108 [] []
[2017-01-22 15:23:14] applog.INFO: 开始推送AppBundle:Company:108 [] []
[2017-01-22 15:23:14] applog.INFO: 开始推送AppBundle:Company:108 [] []
[2017-01-22 15:23:15] applog.INFO: 开始推送AppBundle:Company:108 [] []
[2017-01-22 15:23:16] applog.INFO: 开始推送AppBundle:Company:108 [] []
[2017-01-22 15:23:17] applog.INFO: 开始推送AppBundle:Company:108 [] []
[2017-01-22 15:23:18] applog.INFO: 开始推送AppBundle:Company:98 [] []
[2017-01-22 15:23:18] applog.INFO: 开始推送AppBundle:Company:98 [] []
[2017-01-22 15:23:19] applog.INFO: 开始推送AppBundle:Company:284 [] []
[2017-01-22 15:23:20] applog.INFO: 开始推送AppBundle:Company:284 [] []
[2017-01-22 15:23:21] applog.INFO: 开始推送AppBundle:Company:296 [] []
[2017-01-22 15:23:21] applog.INFO: 开始推送AppBundle:Company:296 [] []
[2017-01-22 15:23:22] applog.INFO: 开始推送AppBundle:Company:296 [] []
[2017-01-22 15:23:23] applog.INFO: 开始推送AppBundle:Company:295 [] []
[2017-01-22 15:23:24] applog.INFO: 开始推送AppBundle:Company:295 [] []
[2017-01-22 15:23:24] applog.INFO: 开始推送AppBundle:Company:295 [] []
[2017-01-22 15:23:25] applog.INFO: 开始推送AppBundle:Company:295 [] []
[2017-01-22 15:23:26] applog.INFO: 开始推送AppBundle:Company:295 [] []
[2017-01-22 15:23:27] applog.INFO: 开始推送AppBundle:Company:295 [] []
[2017-01-22 15:23:28] applog.INFO: 开始推送AppBundle:Company:295 [] []
[2017-01-22 15:23:28] applog.INFO: 开始推送AppBundle:Company:295 [] []
[2017-01-22 15:23:29] applog.INFO: 开始推送AppBundle:Company:295 [] []
[2017-01-22 15:23:30] applog.INFO: 开始推送AppBundle:Company:295 [] []
[2017-01-22 15:23:31] applog.INFO: 开始推送AppBundle:Company:155 [] []
[2017-01-22 15:23:31] applog.INFO: 开始推送AppBundle:Company:155 [] []
[2017-01-22 15:23:32] applog.INFO: 开始推送AppBundle:Company:155 [] []
[2017-01-22 15:23:33] applog.INFO: 开始推送AppBundle:Company:155 [] []
[2017-01-22 15:23:34] applog.INFO: 开始推送AppBundle:Company:155 [] []
[2017-01-22 15:23:34] applog.INFO: 开始推送AppBundle:Company:155 [] []
[2017-01-22 15:23:35] applog.INFO: 开始推送AppBundle:Company:155 [] []
[2017-01-22 15:23:36] applog.INFO: 开始推送AppBundle:Company:155 [] []
[2017-01-22 15:23:37] applog.INFO: 开始推送AppBundle:Company:380 [] []
[2017-01-22 15:23:38] applog.INFO: 开始推送AppBundle:Company:380 [] []
[2017-01-22 15:23:38] applog.INFO: 开始推送AppBundle:Company:178 [] []
[2017-01-22 15:23:39] applog.INFO: 开始推送AppBundle:Company:136 [] []
[2017-01-22 15:23:40] applog.INFO: 开始推送AppBundle:Company:136 [] []
[2017-01-22 15:23:41] applog.INFO: 开始推送AppBundle:Company:136 [] []
[2017-01-22 15:23:41] applog.INFO: 开始推送AppBundle:Company:136 [] []
[2017-01-22 15:23:42] applog.INFO: 开始推送AppBundle:Company:136 [] []
[2017-01-22 15:23:43] applog.INFO: 开始推送AppBundle:Company:136 [] []
[2017-01-22 15:23:44] applog.INFO: 开始推送AppBundle:Company:136 [] []
[2017-01-22 15:23:45] applog.INFO: 开始推送AppBundle:Company:136 [] []
[2017-01-22 15:23:45] applog.INFO: 开始推送AppBundle:Company:136 [] []
[2017-01-22 15:23:46] applog.INFO: 开始推送AppBundle:Company:136 [] []
[2017-01-22 15:23:47] applog.INFO: 开始推送AppBundle:Company:13 [] []
[2017-01-22 15:23:48] applog.INFO: 开始推送AppBundle:Company:13 [] []
[2017-01-22 15:23:49] applog.INFO: 开始推送AppBundle:Company:1 [] []
[2017-01-22 15:23:49] applog.INFO: tenderAction方法执行完成<<<推送招标抓取数据结束 [] []
[2017-01-22 15:25:39] applog.INFO: 进入tenderAction方法>>>准备推送招标抓取数据 [] []
[2017-01-22 15:25:40] applog.INFO: 开始推送3699:AppBundle:Company:108 [] []
[2017-01-22 15:25:41] applog.INFO: 开始推送3687:AppBundle:Company:296 [] []
[2017-01-22 15:25:42] applog.INFO: 开始推送3664:AppBundle:Company:178 [] []
[2017-01-22 15:25:42] applog.INFO: 开始推送3653:AppBundle:Company:13 [] []
[2017-01-22 15:25:42] applog.INFO: 开始推送3652:AppBundle:Company:13 [] []
[2017-01-22 15:25:43] applog.INFO: tenderAction方法执行完成<<<推送招标抓取数据结束 [] []
