[2017-01-16 09:47:01] applog.INFO: 开始查询渠道列表 [] []
[2017-01-16 09:47:02] applog.INFO: 查询渠道列表结束 [] []
[2017-01-16 09:47:02] applog.INFO: 开始采集信息 [] []
[2017-01-16 09:48:03] applog.INFO: 采集@Oil India Limited（OIL）信息成功:0 [] []
[2017-01-16 09:48:10] applog.INFO: 采集@Petronet LNG信息成功:0 [] []
[2017-01-16 09:48:13] applog.INFO: 采集@Georgian Oil & Gas Corporation信息成功:0 [] []
[2017-01-16 09:48:42] applog.INFO: 采集@Oil and Gas Development Company Limited  (OGDCL)  goods信息成功:0 [] []
[2017-01-16 09:48:45] applog.INFO: 采集@Pakistan Petroleum Limited信息成功:0 [] []
[2017-01-16 09:48:50] applog.INFO: 采集@Mari Petroleum Company Limited信息成功:0 [] []
[2017-01-16 09:48:53] applog.INFO: 采集@LUKOIL Uzbekistan Operating Company信息成功:0 [] []
[2017-01-16 09:48:59] applog.INFO: 采集@Bharat Petroleum Corporation Limited（BPCL）信息成功:0 [] []
[2017-01-16 09:49:02] applog.INFO: 采集@HINDUSTAN PETROLEUM CORPORATION LIMITED (HPCL)信息成功:0 [] []
[2017-01-16 09:49:29] applog.INFO: 采集@Oil and Natural Gas Corporation Ltd.(ONGC)信息成功:0 [] []
[2017-01-16 09:49:34] applog.INFO: 采集@Bangladesh Gas Fields Company Limited(BGFCL)信息成功:0 [] []
[2017-01-16 09:49:39] applog.INFO: 采集@Nepal Oil Corporation Limited信息成功:0 [] []
[2017-01-16 09:49:43] applog.INFO: 采集@NEBIT-GAZ Turkmenistan信息成功:0 [] []
[2017-01-16 09:51:17] applog.INFO: 采集@意大利埃尼公司信息成功:0 [] []
[2017-01-16 09:51:22] applog.INFO: 采集@意大利埃尼公司莫桑比克分公司信息成功:0 [] []
[2017-01-16 09:51:27] applog.INFO: 采集@加拿大招标网（免费/收费）信息成功:0 [] []
[2017-01-16 09:52:25] applog.INFO: 开始查询渠道列表 [] []
[2017-01-16 09:52:26] applog.INFO: 查询渠道列表结束 [] []
[2017-01-16 09:52:26] applog.INFO: 开始采集信息 [] []
[2017-01-16 09:52:49] applog.INFO: 采集@日本展会信息成功:40 [] []
[2017-01-16 09:52:59] applog.INFO: 采集@迪拜展会信息成功:0 [] []
[2017-01-16 09:53:58] applog.INFO: 采集@印度展会信息成功:99 [] []
[2017-01-16 09:54:33] applog.INFO: 采集@韩国展会信息成功:35 [] []
[2017-01-16 09:54:50] applog.INFO: 采集@泰国展会信息成功:16 [] []
[2017-01-16 09:55:33] applog.INFO: 采集@土耳其展会信息成功:72 [] []
[2017-01-16 09:56:06] applog.INFO: 采集@伊朗展会信息成功:41 [] []
[2017-01-16 09:56:41] applog.INFO: 采集@越南展会信息成功:45 [] []
[2017-01-16 09:56:55] applog.INFO: 采集@新加坡展会信息成功:11 [] []
[2017-01-16 09:57:04] applog.INFO: 采集@哥伦比亚展会信息成功:14 [] []
[2017-01-16 09:58:02] applog.INFO: 采集@巴西展会信息成功:110 [] []
[2017-01-16 09:58:44] applog.INFO: 采集@智利展会信息成功:32 [] []
[2017-01-16 09:59:15] applog.INFO: 采集@阿根廷展会信息成功:33 [] []
[2017-01-16 10:00:44] applog.INFO: 采集@美国展会信息成功:132 [] []
[2017-01-16 10:01:29] applog.INFO: 采集@加拿大展会信息成功:40 [] []
[2017-01-16 10:01:58] applog.INFO: 采集@墨西哥展会信息成功:36 [] []
[2017-01-16 10:03:14] applog.INFO: 采集@德国展会信息成功:132 [] []
[2017-01-16 10:03:58] applog.INFO: 采集@英国展会信息成功:23 [] []
[2017-01-16 10:05:12] applog.INFO: 采集@俄罗斯展会信息成功:119 [] []
[2017-01-16 10:05:53] applog.INFO: 采集@法国展会信息成功:31 [] []
[2017-01-16 10:06:34] applog.INFO: 采集@意大利展会信息成功:67 [] []
[2017-01-16 10:07:01] applog.INFO: 采集@波兰展会信息成功:25 [] []
[2017-01-16 10:08:01] applog.INFO: 采集@澳大利亚展会信息成功:83 [] []
[2017-01-16 10:08:30] applog.INFO: 采集@埃及展会信息成功:17 [] []
[2017-01-16 10:08:43] applog.INFO: 采集@伊拉克展会信息成功:16 [] []
[2017-01-16 10:08:49] applog.INFO: 采集@科威特展会信息成功:1 [] []
[2017-01-16 10:08:58] applog.INFO: 采集@卡塔尔展会信息成功:10 [] []
[2017-01-16 10:09:14] applog.INFO: 采集@沙特展会信息成功:21 [] []
[2017-01-16 10:09:21] applog.INFO: 采集@叙利亚展会信息成功:3 [] []
[2017-01-16 10:10:44] applog.INFO: 采集@阿联酋展会信息成功:141 [] []
[2017-01-16 10:13:31] applog.INFO: 采集@上海展会信息成功:234 [] []
[2017-01-16 10:14:20] applog.INFO: 采集@浙江展会信息成功:7 [] []
[2017-01-16 10:14:47] applog.INFO: 采集@江苏展会信息成功:37 [] []
[2017-01-16 10:15:02] applog.INFO: 采集@安徽展会信息成功:9 [] []
[2017-01-16 10:15:37] applog.INFO: 采集@山东展会信息成功:50 [] []
[2017-01-16 10:15:50] applog.INFO: 采集@福建展会信息成功:2 [] []
[2017-01-16 10:19:30] applog.INFO: 采集@北京展会信息成功:342 [] []
[2017-01-16 10:20:44] applog.INFO: 采集@河北展会信息成功:13 [] []
[2017-01-16 10:21:17] applog.INFO: 采集@天津展会信息成功:27 [] []
[2017-01-16 10:21:40] applog.INFO: 采集@山西展会信息成功:25 [] []
[2017-01-16 10:21:59] applog.INFO: 采集@内蒙古展会信息成功:18 [] []
[2017-01-16 10:22:26] applog.INFO: 采集@云南展会信息成功:18 [] []
[2017-01-16 10:23:04] applog.INFO: 采集@四川展会信息成功:36 [] []
[2017-01-16 10:23:27] applog.INFO: 采集@重庆展会信息成功:15 [] []
[2017-01-16 10:23:40] applog.INFO: 采集@贵州展会信息成功:8 [] []
[2017-01-16 10:23:47] applog.INFO: 采集@西藏展会信息成功:0 [] []
[2017-01-16 10:24:32] applog.INFO: 采集@陕西展会信息成功:41 [] []
[2017-01-16 10:24:47] applog.INFO: 采集@甘肃展会信息成功:5 [] []
[2017-01-16 10:24:59] applog.INFO: 采集@宁夏展会信息成功:6 [] []
[2017-01-16 10:25:18] applog.INFO: 采集@新疆展会信息成功:15 [] []
[2017-01-16 10:25:26] applog.INFO: 采集@青海展会信息成功:1 [] []
[2017-01-16 10:32:49] applog.INFO: 开始查询渠道列表 [] []
[2017-01-16 10:32:51] applog.INFO: 查询渠道列表结束 [] []
[2017-01-16 10:32:51] applog.INFO: 开始采集信息 [] []
[2017-01-16 10:32:52] applog.WARNING: 采集@日本展会信息失败 [] []
[2017-01-16 10:32:52] applog.WARNING: 错误原因：{exception 'InvalidArgumentException' with message 'The current node list is empty.' in C:\Bitnami\wamp\apps\symfony\htdocs\vendor\symfony\dom-crawler\Crawler.php:703 Stack trace: #0 C:\Bitnami\wamp\apps\symfony\htdocs\src\AppBundle\Service\DomGrab.php(163): Symfony\Component\DomCrawler\Crawler->link} [] []
[2017-01-16 10:32:55] applog.INFO: 采集@迪拜展会信息成功:0 [] []
[2017-01-16 10:33:00] applog.WARNING: 采集@印度展会信息失败 [] []
[2017-01-16 10:33:00] applog.WARNING: 错误原因：{exception 'InvalidArgumentException' with message 'The current node list is empty.' in C:\Bitnami\wamp\apps\symfony\htdocs\vendor\symfony\dom-crawler\Crawler.php:703 Stack trace: #0 C:\Bitnami\wamp\apps\symfony\htdocs\src\AppBundle\Service\DomGrab.php(163): Symfony\Component\DomCrawler\Crawler->link} [] []
[2017-01-16 10:33:02] applog.WARNING: 采集@韩国展会信息失败 [] []
[2017-01-16 10:33:02] applog.WARNING: 错误原因：{exception 'InvalidArgumentException' with message 'The current node list is empty.' in C:\Bitnami\wamp\apps\symfony\htdocs\vendor\symfony\dom-crawler\Crawler.php:703 Stack trace: #0 C:\Bitnami\wamp\apps\symfony\htdocs\src\AppBundle\Service\DomGrab.php(163): Symfony\Component\DomCrawler\Crawler->link} [] []
[2017-01-16 10:33:05] applog.WARNING: 采集@泰国展会信息失败 [] []
[2017-01-16 10:33:05] applog.WARNING: 错误原因：{exception 'InvalidArgumentException' with message 'The current node list is empty.' in C:\Bitnami\wamp\apps\symfony\htdocs\vendor\symfony\dom-crawler\Crawler.php:703 Stack trace: #0 C:\Bitnami\wamp\apps\symfony\htdocs\src\AppBundle\Service\DomGrab.php(163): Symfony\Component\DomCrawler\Crawler->link} [] []
[2017-01-16 10:33:08] applog.WARNING: 采集@土耳其展会信息失败 [] []
[2017-01-16 10:33:08] applog.WARNING: 错误原因：{exception 'InvalidArgumentException' with message 'The current node list is empty.' in C:\Bitnami\wamp\apps\symfony\htdocs\vendor\symfony\dom-crawler\Crawler.php:703 Stack trace: #0 C:\Bitnami\wamp\apps\symfony\htdocs\src\AppBundle\Service\DomGrab.php(163): Symfony\Component\DomCrawler\Crawler->link} [] []
[2017-01-16 10:33:10] applog.WARNING: 采集@伊朗展会信息失败 [] []
[2017-01-16 10:33:10] applog.WARNING: 错误原因：{exception 'InvalidArgumentException' with message 'The current node list is empty.' in C:\Bitnami\wamp\apps\symfony\htdocs\vendor\symfony\dom-crawler\Crawler.php:703 Stack trace: #0 C:\Bitnami\wamp\apps\symfony\htdocs\src\AppBundle\Service\DomGrab.php(163): Symfony\Component\DomCrawler\Crawler->link} [] []
[2017-01-16 10:33:11] applog.WARNING: 采集@越南展会信息失败 [] []
[2017-01-16 10:33:11] applog.WARNING: 错误原因：{exception 'InvalidArgumentException' with message 'The current node list is empty.' in C:\Bitnami\wamp\apps\symfony\htdocs\vendor\symfony\dom-crawler\Crawler.php:703 Stack trace: #0 C:\Bitnami\wamp\apps\symfony\htdocs\src\AppBundle\Service\DomGrab.php(163): Symfony\Component\DomCrawler\Crawler->link} [] []
[2017-01-16 10:33:12] applog.WARNING: 采集@新加坡展会信息失败 [] []
[2017-01-16 10:33:12] applog.WARNING: 错误原因：{exception 'InvalidArgumentException' with message 'The current node list is empty.' in C:\Bitnami\wamp\apps\symfony\htdocs\vendor\symfony\dom-crawler\Crawler.php:703 Stack trace: #0 C:\Bitnami\wamp\apps\symfony\htdocs\src\AppBundle\Service\DomGrab.php(163): Symfony\Component\DomCrawler\Crawler->link} [] []
[2017-01-16 10:33:14] applog.WARNING: 采集@哥伦比亚展会信息失败 [] []
[2017-01-16 10:33:14] applog.WARNING: 错误原因：{exception 'InvalidArgumentException' with message 'The current node list is empty.' in C:\Bitnami\wamp\apps\symfony\htdocs\vendor\symfony\dom-crawler\Crawler.php:703 Stack trace: #0 C:\Bitnami\wamp\apps\symfony\htdocs\src\AppBundle\Service\DomGrab.php(163): Symfony\Component\DomCrawler\Crawler->link} [] []
[2017-01-16 10:33:16] applog.WARNING: 采集@巴西展会信息失败 [] []
[2017-01-16 10:33:16] applog.WARNING: 错误原因：{exception 'InvalidArgumentException' with message 'The current node list is empty.' in C:\Bitnami\wamp\apps\symfony\htdocs\vendor\symfony\dom-crawler\Crawler.php:703 Stack trace: #0 C:\Bitnami\wamp\apps\symfony\htdocs\src\AppBundle\Service\DomGrab.php(163): Symfony\Component\DomCrawler\Crawler->link} [] []
[2017-01-16 10:33:18] applog.WARNING: 采集@智利展会信息失败 [] []
[2017-01-16 10:33:18] applog.WARNING: 错误原因：{exception 'InvalidArgumentException' with message 'The current node list is empty.' in C:\Bitnami\wamp\apps\symfony\htdocs\vendor\symfony\dom-crawler\Crawler.php:703 Stack trace: #0 C:\Bitnami\wamp\apps\symfony\htdocs\src\AppBundle\Service\DomGrab.php(163): Symfony\Component\DomCrawler\Crawler->link} [] []
[2017-01-16 10:33:19] applog.WARNING: 采集@阿根廷展会信息失败 [] []
[2017-01-16 10:33:19] applog.WARNING: 错误原因：{exception 'InvalidArgumentException' with message 'The current node list is empty.' in C:\Bitnami\wamp\apps\symfony\htdocs\vendor\symfony\dom-crawler\Crawler.php:703 Stack trace: #0 C:\Bitnami\wamp\apps\symfony\htdocs\src\AppBundle\Service\DomGrab.php(163): Symfony\Component\DomCrawler\Crawler->link} [] []
[2017-01-16 10:33:21] applog.WARNING: 采集@美国展会信息失败 [] []
[2017-01-16 10:33:21] applog.WARNING: 错误原因：{exception 'InvalidArgumentException' with message 'The current node list is empty.' in C:\Bitnami\wamp\apps\symfony\htdocs\vendor\symfony\dom-crawler\Crawler.php:703 Stack trace: #0 C:\Bitnami\wamp\apps\symfony\htdocs\src\AppBundle\Service\DomGrab.php(163): Symfony\Component\DomCrawler\Crawler->link} [] []
[2017-01-16 10:33:24] applog.WARNING: 采集@加拿大展会信息失败 [] []
[2017-01-16 10:33:24] applog.WARNING: 错误原因：{exception 'InvalidArgumentException' with message 'The current node list is empty.' in C:\Bitnami\wamp\apps\symfony\htdocs\vendor\symfony\dom-crawler\Crawler.php:703 Stack trace: #0 C:\Bitnami\wamp\apps\symfony\htdocs\src\AppBundle\Service\DomGrab.php(163): Symfony\Component\DomCrawler\Crawler->link} [] []
[2017-01-16 10:33:27] applog.WARNING: 采集@墨西哥展会信息失败 [] []
[2017-01-16 10:33:27] applog.WARNING: 错误原因：{exception 'InvalidArgumentException' with message 'The current node list is empty.' in C:\Bitnami\wamp\apps\symfony\htdocs\vendor\symfony\dom-crawler\Crawler.php:703 Stack trace: #0 C:\Bitnami\wamp\apps\symfony\htdocs\src\AppBundle\Service\DomGrab.php(163): Symfony\Component\DomCrawler\Crawler->link} [] []
[2017-01-16 10:33:28] applog.WARNING: 采集@德国展会信息失败 [] []
[2017-01-16 10:33:28] applog.WARNING: 错误原因：{exception 'InvalidArgumentException' with message 'The current node list is empty.' in C:\Bitnami\wamp\apps\symfony\htdocs\vendor\symfony\dom-crawler\Crawler.php:703 Stack trace: #0 C:\Bitnami\wamp\apps\symfony\htdocs\src\AppBundle\Service\DomGrab.php(163): Symfony\Component\DomCrawler\Crawler->link} [] []
[2017-01-16 10:33:29] applog.WARNING: 采集@英国展会信息失败 [] []
[2017-01-16 10:33:29] applog.WARNING: 错误原因：{exception 'InvalidArgumentException' with message 'The current node list is empty.' in C:\Bitnami\wamp\apps\symfony\htdocs\vendor\symfony\dom-crawler\Crawler.php:703 Stack trace: #0 C:\Bitnami\wamp\apps\symfony\htdocs\src\AppBundle\Service\DomGrab.php(163): Symfony\Component\DomCrawler\Crawler->link} [] []
[2017-01-16 10:33:31] applog.WARNING: 采集@俄罗斯展会信息失败 [] []
[2017-01-16 10:33:31] applog.WARNING: 错误原因：{exception 'InvalidArgumentException' with message 'The current node list is empty.' in C:\Bitnami\wamp\apps\symfony\htdocs\vendor\symfony\dom-crawler\Crawler.php:703 Stack trace: #0 C:\Bitnami\wamp\apps\symfony\htdocs\src\AppBundle\Service\DomGrab.php(163): Symfony\Component\DomCrawler\Crawler->link} [] []
[2017-01-16 10:33:32] applog.WARNING: 采集@法国展会信息失败 [] []
[2017-01-16 10:33:32] applog.WARNING: 错误原因：{exception 'InvalidArgumentException' with message 'The current node list is empty.' in C:\Bitnami\wamp\apps\symfony\htdocs\vendor\symfony\dom-crawler\Crawler.php:703 Stack trace: #0 C:\Bitnami\wamp\apps\symfony\htdocs\src\AppBundle\Service\DomGrab.php(163): Symfony\Component\DomCrawler\Crawler->link} [] []
[2017-01-16 10:33:34] applog.WARNING: 采集@意大利展会信息失败 [] []
[2017-01-16 10:33:34] applog.WARNING: 错误原因：{exception 'InvalidArgumentException' with message 'The current node list is empty.' in C:\Bitnami\wamp\apps\symfony\htdocs\vendor\symfony\dom-crawler\Crawler.php:703 Stack trace: #0 C:\Bitnami\wamp\apps\symfony\htdocs\src\AppBundle\Service\DomGrab.php(163): Symfony\Component\DomCrawler\Crawler->link} [] []
[2017-01-16 10:33:35] applog.WARNING: 采集@波兰展会信息失败 [] []
[2017-01-16 10:33:35] applog.WARNING: 错误原因：{exception 'InvalidArgumentException' with message 'The current node list is empty.' in C:\Bitnami\wamp\apps\symfony\htdocs\vendor\symfony\dom-crawler\Crawler.php:703 Stack trace: #0 C:\Bitnami\wamp\apps\symfony\htdocs\src\AppBundle\Service\DomGrab.php(163): Symfony\Component\DomCrawler\Crawler->link} [] []
[2017-01-16 10:33:37] applog.WARNING: 采集@澳大利亚展会信息失败 [] []
[2017-01-16 10:33:37] applog.WARNING: 错误原因：{exception 'InvalidArgumentException' with message 'The current node list is empty.' in C:\Bitnami\wamp\apps\symfony\htdocs\vendor\symfony\dom-crawler\Crawler.php:703 Stack trace: #0 C:\Bitnami\wamp\apps\symfony\htdocs\src\AppBundle\Service\DomGrab.php(163): Symfony\Component\DomCrawler\Crawler->link} [] []
[2017-01-16 10:33:38] applog.WARNING: 采集@埃及展会信息失败 [] []
[2017-01-16 10:33:38] applog.WARNING: 错误原因：{exception 'InvalidArgumentException' with message 'The current node list is empty.' in C:\Bitnami\wamp\apps\symfony\htdocs\vendor\symfony\dom-crawler\Crawler.php:703 Stack trace: #0 C:\Bitnami\wamp\apps\symfony\htdocs\src\AppBundle\Service\DomGrab.php(163): Symfony\Component\DomCrawler\Crawler->link} [] []
[2017-01-16 10:33:40] applog.WARNING: 采集@伊拉克展会信息失败 [] []
[2017-01-16 10:33:40] applog.WARNING: 错误原因：{exception 'InvalidArgumentException' with message 'The current node list is empty.' in C:\Bitnami\wamp\apps\symfony\htdocs\vendor\symfony\dom-crawler\Crawler.php:703 Stack trace: #0 C:\Bitnami\wamp\apps\symfony\htdocs\src\AppBundle\Service\DomGrab.php(163): Symfony\Component\DomCrawler\Crawler->link} [] []
[2017-01-16 10:33:41] applog.WARNING: 采集@科威特展会信息失败 [] []
[2017-01-16 10:33:41] applog.WARNING: 错误原因：{exception 'InvalidArgumentException' with message 'The current node list is empty.' in C:\Bitnami\wamp\apps\symfony\htdocs\vendor\symfony\dom-crawler\Crawler.php:703 Stack trace: #0 C:\Bitnami\wamp\apps\symfony\htdocs\src\AppBundle\Service\DomGrab.php(163): Symfony\Component\DomCrawler\Crawler->link} [] []
[2017-01-16 10:33:44] applog.WARNING: 采集@卡塔尔展会信息失败 [] []
[2017-01-16 10:33:44] applog.WARNING: 错误原因：{exception 'InvalidArgumentException' with message 'The current node list is empty.' in C:\Bitnami\wamp\apps\symfony\htdocs\vendor\symfony\dom-crawler\Crawler.php:703 Stack trace: #0 C:\Bitnami\wamp\apps\symfony\htdocs\src\AppBundle\Service\DomGrab.php(163): Symfony\Component\DomCrawler\Crawler->link} [] []
[2017-01-16 10:33:46] applog.WARNING: 采集@沙特展会信息失败 [] []
[2017-01-16 10:33:46] applog.WARNING: 错误原因：{exception 'InvalidArgumentException' with message 'The current node list is empty.' in C:\Bitnami\wamp\apps\symfony\htdocs\vendor\symfony\dom-crawler\Crawler.php:703 Stack trace: #0 C:\Bitnami\wamp\apps\symfony\htdocs\src\AppBundle\Service\DomGrab.php(163): Symfony\Component\DomCrawler\Crawler->link} [] []
[2017-01-16 10:33:47] applog.WARNING: 采集@叙利亚展会信息失败 [] []
[2017-01-16 10:33:47] applog.WARNING: 错误原因：{exception 'InvalidArgumentException' with message 'The current node list is empty.' in C:\Bitnami\wamp\apps\symfony\htdocs\vendor\symfony\dom-crawler\Crawler.php:703 Stack trace: #0 C:\Bitnami\wamp\apps\symfony\htdocs\src\AppBundle\Service\DomGrab.php(163): Symfony\Component\DomCrawler\Crawler->link} [] []
[2017-01-16 10:33:49] applog.WARNING: 采集@阿联酋展会信息失败 [] []
[2017-01-16 10:33:49] applog.WARNING: 错误原因：{exception 'InvalidArgumentException' with message 'The current node list is empty.' in C:\Bitnami\wamp\apps\symfony\htdocs\vendor\symfony\dom-crawler\Crawler.php:703 Stack trace: #0 C:\Bitnami\wamp\apps\symfony\htdocs\src\AppBundle\Service\DomGrab.php(163): Symfony\Component\DomCrawler\Crawler->link} [] []
[2017-01-16 10:33:51] applog.WARNING: 采集@上海展会信息失败 [] []
[2017-01-16 10:33:51] applog.WARNING: 错误原因：{exception 'InvalidArgumentException' with message 'The current node list is empty.' in C:\Bitnami\wamp\apps\symfony\htdocs\vendor\symfony\dom-crawler\Crawler.php:703 Stack trace: #0 C:\Bitnami\wamp\apps\symfony\htdocs\src\AppBundle\Service\DomGrab.php(163): Symfony\Component\DomCrawler\Crawler->link} [] []
[2017-01-16 10:33:53] applog.WARNING: 采集@浙江展会信息失败 [] []
[2017-01-16 10:33:53] applog.WARNING: 错误原因：{exception 'InvalidArgumentException' with message 'The current node list is empty.' in C:\Bitnami\wamp\apps\symfony\htdocs\vendor\symfony\dom-crawler\Crawler.php:703 Stack trace: #0 C:\Bitnami\wamp\apps\symfony\htdocs\src\AppBundle\Service\DomGrab.php(163): Symfony\Component\DomCrawler\Crawler->link} [] []
[2017-01-16 10:33:56] applog.WARNING: 采集@江苏展会信息失败 [] []
[2017-01-16 10:33:56] applog.WARNING: 错误原因：{exception 'InvalidArgumentException' with message 'The current node list is empty.' in C:\Bitnami\wamp\apps\symfony\htdocs\vendor\symfony\dom-crawler\Crawler.php:703 Stack trace: #0 C:\Bitnami\wamp\apps\symfony\htdocs\src\AppBundle\Service\DomGrab.php(163): Symfony\Component\DomCrawler\Crawler->link} [] []
[2017-01-16 10:34:00] applog.WARNING: 采集@安徽展会信息失败 [] []
[2017-01-16 10:34:00] applog.WARNING: 错误原因：{exception 'InvalidArgumentException' with message 'The current node list is empty.' in C:\Bitnami\wamp\apps\symfony\htdocs\vendor\symfony\dom-crawler\Crawler.php:703 Stack trace: #0 C:\Bitnami\wamp\apps\symfony\htdocs\src\AppBundle\Service\DomGrab.php(163): Symfony\Component\DomCrawler\Crawler->link} [] []
[2017-01-16 10:34:01] applog.WARNING: 采集@山东展会信息失败 [] []
[2017-01-16 10:34:01] applog.WARNING: 错误原因：{exception 'InvalidArgumentException' with message 'The current node list is empty.' in C:\Bitnami\wamp\apps\symfony\htdocs\vendor\symfony\dom-crawler\Crawler.php:703 Stack trace: #0 C:\Bitnami\wamp\apps\symfony\htdocs\src\AppBundle\Service\DomGrab.php(163): Symfony\Component\DomCrawler\Crawler->link} [] []
[2017-01-16 10:34:02] applog.WARNING: 采集@福建展会信息失败 [] []
[2017-01-16 10:34:02] applog.WARNING: 错误原因：{exception 'InvalidArgumentException' with message 'The current node list is empty.' in C:\Bitnami\wamp\apps\symfony\htdocs\vendor\symfony\dom-crawler\Crawler.php:703 Stack trace: #0 C:\Bitnami\wamp\apps\symfony\htdocs\src\AppBundle\Service\DomGrab.php(163): Symfony\Component\DomCrawler\Crawler->link} [] []
[2017-01-16 10:34:04] applog.WARNING: 采集@北京展会信息失败 [] []
[2017-01-16 10:34:04] applog.WARNING: 错误原因：{exception 'InvalidArgumentException' with message 'The current node list is empty.' in C:\Bitnami\wamp\apps\symfony\htdocs\vendor\symfony\dom-crawler\Crawler.php:703 Stack trace: #0 C:\Bitnami\wamp\apps\symfony\htdocs\src\AppBundle\Service\DomGrab.php(163): Symfony\Component\DomCrawler\Crawler->link} [] []
[2017-01-16 10:34:06] applog.WARNING: 采集@河北展会信息失败 [] []
[2017-01-16 10:34:06] applog.WARNING: 错误原因：{exception 'InvalidArgumentException' with message 'The current node list is empty.' in C:\Bitnami\wamp\apps\symfony\htdocs\vendor\symfony\dom-crawler\Crawler.php:703 Stack trace: #0 C:\Bitnami\wamp\apps\symfony\htdocs\src\AppBundle\Service\DomGrab.php(163): Symfony\Component\DomCrawler\Crawler->link} [] []
[2017-01-16 10:34:09] applog.WARNING: 采集@天津展会信息失败 [] []
[2017-01-16 10:34:09] applog.WARNING: 错误原因：{exception 'InvalidArgumentException' with message 'The current node list is empty.' in C:\Bitnami\wamp\apps\symfony\htdocs\vendor\symfony\dom-crawler\Crawler.php:703 Stack trace: #0 C:\Bitnami\wamp\apps\symfony\htdocs\src\AppBundle\Service\DomGrab.php(163): Symfony\Component\DomCrawler\Crawler->link} [] []
[2017-01-16 10:34:10] applog.WARNING: 采集@山西展会信息失败 [] []
[2017-01-16 10:34:10] applog.WARNING: 错误原因：{exception 'InvalidArgumentException' with message 'The current node list is empty.' in C:\Bitnami\wamp\apps\symfony\htdocs\vendor\symfony\dom-crawler\Crawler.php:703 Stack trace: #0 C:\Bitnami\wamp\apps\symfony\htdocs\src\AppBundle\Service\DomGrab.php(163): Symfony\Component\DomCrawler\Crawler->link} [] []
[2017-01-16 10:34:12] applog.WARNING: 采集@内蒙古展会信息失败 [] []
[2017-01-16 10:34:12] applog.WARNING: 错误原因：{exception 'InvalidArgumentException' with message 'The current node list is empty.' in C:\Bitnami\wamp\apps\symfony\htdocs\vendor\symfony\dom-crawler\Crawler.php:703 Stack trace: #0 C:\Bitnami\wamp\apps\symfony\htdocs\src\AppBundle\Service\DomGrab.php(163): Symfony\Component\DomCrawler\Crawler->link} [] []
[2017-01-16 10:34:15] applog.WARNING: 采集@云南展会信息失败 [] []
[2017-01-16 10:34:15] applog.WARNING: 错误原因：{exception 'InvalidArgumentException' with message 'The current node list is empty.' in C:\Bitnami\wamp\apps\symfony\htdocs\vendor\symfony\dom-crawler\Crawler.php:703 Stack trace: #0 C:\Bitnami\wamp\apps\symfony\htdocs\src\AppBundle\Service\DomGrab.php(163): Symfony\Component\DomCrawler\Crawler->link} [] []
[2017-01-16 10:34:17] applog.WARNING: 采集@四川展会信息失败 [] []
[2017-01-16 10:34:17] applog.WARNING: 错误原因：{exception 'InvalidArgumentException' with message 'The current node list is empty.' in C:\Bitnami\wamp\apps\symfony\htdocs\vendor\symfony\dom-crawler\Crawler.php:703 Stack trace: #0 C:\Bitnami\wamp\apps\symfony\htdocs\src\AppBundle\Service\DomGrab.php(163): Symfony\Component\DomCrawler\Crawler->link} [] []
[2017-01-16 10:34:19] applog.WARNING: 采集@重庆展会信息失败 [] []
[2017-01-16 10:34:19] applog.WARNING: 错误原因：{exception 'InvalidArgumentException' with message 'The current node list is empty.' in C:\Bitnami\wamp\apps\symfony\htdocs\vendor\symfony\dom-crawler\Crawler.php:703 Stack trace: #0 C:\Bitnami\wamp\apps\symfony\htdocs\src\AppBundle\Service\DomGrab.php(163): Symfony\Component\DomCrawler\Crawler->link} [] []
[2017-01-16 10:34:20] applog.WARNING: 采集@贵州展会信息失败 [] []
[2017-01-16 10:34:20] applog.WARNING: 错误原因：{exception 'InvalidArgumentException' with message 'The current node list is empty.' in C:\Bitnami\wamp\apps\symfony\htdocs\vendor\symfony\dom-crawler\Crawler.php:703 Stack trace: #0 C:\Bitnami\wamp\apps\symfony\htdocs\src\AppBundle\Service\DomGrab.php(163): Symfony\Component\DomCrawler\Crawler->link} [] []
[2017-01-16 10:34:21] applog.INFO: 采集@西藏展会信息成功:0 [] []
[2017-01-16 10:34:26] applog.WARNING: 采集@陕西展会信息失败 [] []
[2017-01-16 10:34:26] applog.WARNING: 错误原因：{exception 'InvalidArgumentException' with message 'The current node list is empty.' in C:\Bitnami\wamp\apps\symfony\htdocs\vendor\symfony\dom-crawler\Crawler.php:703 Stack trace: #0 C:\Bitnami\wamp\apps\symfony\htdocs\src\AppBundle\Service\DomGrab.php(163): Symfony\Component\DomCrawler\Crawler->link} [] []
[2017-01-16 10:34:28] applog.WARNING: 采集@甘肃展会信息失败 [] []
[2017-01-16 10:34:28] applog.WARNING: 错误原因：{exception 'InvalidArgumentException' with message 'The current node list is empty.' in C:\Bitnami\wamp\apps\symfony\htdocs\vendor\symfony\dom-crawler\Crawler.php:703 Stack trace: #0 C:\Bitnami\wamp\apps\symfony\htdocs\src\AppBundle\Service\DomGrab.php(163): Symfony\Component\DomCrawler\Crawler->link} [] []
[2017-01-16 10:34:31] applog.WARNING: 采集@宁夏展会信息失败 [] []
[2017-01-16 10:34:31] applog.WARNING: 错误原因：{exception 'InvalidArgumentException' with message 'The current node list is empty.' in C:\Bitnami\wamp\apps\symfony\htdocs\vendor\symfony\dom-crawler\Crawler.php:703 Stack trace: #0 C:\Bitnami\wamp\apps\symfony\htdocs\src\AppBundle\Service\DomGrab.php(163): Symfony\Component\DomCrawler\Crawler->link} [] []
[2017-01-16 10:34:38] applog.WARNING: 采集@新疆展会信息失败 [] []
[2017-01-16 10:34:38] applog.WARNING: 错误原因：{exception 'InvalidArgumentException' with message 'The current node list is empty.' in C:\Bitnami\wamp\apps\symfony\htdocs\vendor\symfony\dom-crawler\Crawler.php:703 Stack trace: #0 C:\Bitnami\wamp\apps\symfony\htdocs\src\AppBundle\Service\DomGrab.php(163): Symfony\Component\DomCrawler\Crawler->link} [] []
[2017-01-16 10:34:39] applog.INFO: 采集@青海展会信息成功:1 [] []
[2017-01-16 10:34:43] applog.WARNING: 采集@广东展会信息失败 [] []
[2017-01-16 10:34:43] applog.WARNING: 错误原因：{exception 'InvalidArgumentException' with message 'The current node list is empty.' in C:\Bitnami\wamp\apps\symfony\htdocs\vendor\symfony\dom-crawler\Crawler.php:703 Stack trace: #0 C:\Bitnami\wamp\apps\symfony\htdocs\src\AppBundle\Service\DomGrab.php(163): Symfony\Component\DomCrawler\Crawler->link} [] []
[2017-01-16 10:34:45] applog.WARNING: 采集@广西展会信息失败 [] []
[2017-01-16 10:34:45] applog.WARNING: 错误原因：{exception 'InvalidArgumentException' with message 'The current node list is empty.' in C:\Bitnami\wamp\apps\symfony\htdocs\vendor\symfony\dom-crawler\Crawler.php:703 Stack trace: #0 C:\Bitnami\wamp\apps\symfony\htdocs\src\AppBundle\Service\DomGrab.php(163): Symfony\Component\DomCrawler\Crawler->link} [] []
[2017-01-16 10:34:47] applog.WARNING: 采集@海南展会信息失败 [] []
[2017-01-16 10:34:47] applog.WARNING: 错误原因：{exception 'InvalidArgumentException' with message 'The current node list is empty.' in C:\Bitnami\wamp\apps\symfony\htdocs\vendor\symfony\dom-crawler\Crawler.php:703 Stack trace: #0 C:\Bitnami\wamp\apps\symfony\htdocs\src\AppBundle\Service\DomGrab.php(163): Symfony\Component\DomCrawler\Crawler->link} [] []
[2017-01-16 10:34:49] applog.WARNING: 采集@湖南展会信息失败 [] []
[2017-01-16 10:34:49] applog.WARNING: 错误原因：{exception 'InvalidArgumentException' with message 'The current node list is empty.' in C:\Bitnami\wamp\apps\symfony\htdocs\vendor\symfony\dom-crawler\Crawler.php:703 Stack trace: #0 C:\Bitnami\wamp\apps\symfony\htdocs\src\AppBundle\Service\DomGrab.php(163): Symfony\Component\DomCrawler\Crawler->link} [] []
[2017-01-16 10:34:52] applog.WARNING: 采集@湖北展会信息失败 [] []
[2017-01-16 10:34:52] applog.WARNING: 错误原因：{exception 'InvalidArgumentException' with message 'The current node list is empty.' in C:\Bitnami\wamp\apps\symfony\htdocs\vendor\symfony\dom-crawler\Crawler.php:703 Stack trace: #0 C:\Bitnami\wamp\apps\symfony\htdocs\src\AppBundle\Service\DomGrab.php(163): Symfony\Component\DomCrawler\Crawler->link} [] []
[2017-01-16 10:34:57] applog.WARNING: 采集@河南展会信息失败 [] []
[2017-01-16 10:34:57] applog.WARNING: 错误原因：{exception 'InvalidArgumentException' with message 'The current node list is empty.' in C:\Bitnami\wamp\apps\symfony\htdocs\vendor\symfony\dom-crawler\Crawler.php:703 Stack trace: #0 C:\Bitnami\wamp\apps\symfony\htdocs\src\AppBundle\Service\DomGrab.php(163): Symfony\Component\DomCrawler\Crawler->link} [] []
[2017-01-16 10:34:59] applog.WARNING: 采集@江西展会信息失败 [] []
[2017-01-16 10:34:59] applog.WARNING: 错误原因：{exception 'InvalidArgumentException' with message 'The current node list is empty.' in C:\Bitnami\wamp\apps\symfony\htdocs\vendor\symfony\dom-crawler\Crawler.php:703 Stack trace: #0 C:\Bitnami\wamp\apps\symfony\htdocs\src\AppBundle\Service\DomGrab.php(163): Symfony\Component\DomCrawler\Crawler->link} [] []
[2017-01-16 10:35:00] applog.WARNING: 采集@辽宁展会信息失败 [] []
[2017-01-16 10:35:00] applog.WARNING: 错误原因：{exception 'InvalidArgumentException' with message 'The current node list is empty.' in C:\Bitnami\wamp\apps\symfony\htdocs\vendor\symfony\dom-crawler\Crawler.php:703 Stack trace: #0 C:\Bitnami\wamp\apps\symfony\htdocs\src\AppBundle\Service\DomGrab.php(163): Symfony\Component\DomCrawler\Crawler->link} [] []
[2017-01-16 10:35:02] applog.WARNING: 采集@吉林展会信息失败 [] []
[2017-01-16 10:35:02] applog.WARNING: 错误原因：{exception 'InvalidArgumentException' with message 'The current node list is empty.' in C:\Bitnami\wamp\apps\symfony\htdocs\vendor\symfony\dom-crawler\Crawler.php:703 Stack trace: #0 C:\Bitnami\wamp\apps\symfony\htdocs\src\AppBundle\Service\DomGrab.php(163): Symfony\Component\DomCrawler\Crawler->link} [] []
[2017-01-16 10:35:04] applog.WARNING: 采集@黑龙江展会信息失败 [] []
[2017-01-16 10:35:04] applog.WARNING: 错误原因：{exception 'InvalidArgumentException' with message 'The current node list is empty.' in C:\Bitnami\wamp\apps\symfony\htdocs\vendor\symfony\dom-crawler\Crawler.php:703 Stack trace: #0 C:\Bitnami\wamp\apps\symfony\htdocs\src\AppBundle\Service\DomGrab.php(163): Symfony\Component\DomCrawler\Crawler->link} [] []
[2017-01-16 10:35:06] applog.INFO: 采集@香港展会信息成功:2 [] []
[2017-01-16 10:35:10] applog.WARNING: 采集@澳门展会信息失败 [] []
[2017-01-16 10:35:10] applog.WARNING: 错误原因：{exception 'InvalidArgumentException' with message 'The current node list is empty.' in C:\Bitnami\wamp\apps\symfony\htdocs\vendor\symfony\dom-crawler\Crawler.php:703 Stack trace: #0 C:\Bitnami\wamp\apps\symfony\htdocs\src\AppBundle\Service\DomGrab.php(163): Symfony\Component\DomCrawler\Crawler->link} [] []
[2017-01-16 10:35:12] applog.WARNING: 采集@台湾展会信息失败 [] []
[2017-01-16 10:35:12] applog.WARNING: 错误原因：{exception 'InvalidArgumentException' with message 'The current node list is empty.' in C:\Bitnami\wamp\apps\symfony\htdocs\vendor\symfony\dom-crawler\Crawler.php:703 Stack trace: #0 C:\Bitnami\wamp\apps\symfony\htdocs\src\AppBundle\Service\DomGrab.php(163): Symfony\Component\DomCrawler\Crawler->link} [] []
[2017-01-16 10:35:12] applog.INFO: 采集信息结束 [] []
[2017-01-16 10:50:22] applog.INFO: 开始查询渠道列表 [] []
[2017-01-16 10:50:23] applog.INFO: 查询渠道列表结束 [] []
[2017-01-16 10:50:23] applog.INFO: 开始采集信息 [] []
[2017-01-16 10:51:01] applog.INFO: 采集@日本展会信息成功:40 [] []
[2017-01-16 10:51:19] applog.INFO: 采集@迪拜展会信息成功:0 [] []
[2017-01-16 10:52:39] applog.INFO: 采集@印度展会信息成功:99 [] []
[2017-01-16 10:53:30] applog.INFO: 采集@韩国展会信息成功:35 [] []
[2017-01-16 10:53:51] applog.INFO: 采集@泰国展会信息成功:16 [] []
[2017-01-16 10:54:59] applog.INFO: 采集@土耳其展会信息成功:72 [] []
[2017-01-16 10:55:46] applog.INFO: 采集@伊朗展会信息成功:41 [] []
[2017-01-16 10:56:19] applog.INFO: 采集@越南展会信息成功:45 [] []
[2017-01-16 10:56:43] applog.INFO: 采集@新加坡展会信息成功:11 [] []
[2017-01-16 10:56:56] applog.INFO: 采集@哥伦比亚展会信息成功:14 [] []
[2017-01-16 10:58:12] applog.INFO: 采集@巴西展会信息成功:110 [] []
[2017-01-16 10:58:50] applog.INFO: 采集@智利展会信息成功:32 [] []
[2017-01-16 10:59:25] applog.INFO: 采集@阿根廷展会信息成功:33 [] []
[2017-01-16 11:00:59] applog.INFO: 采集@美国展会信息成功:132 [] []
[2017-01-16 11:02:07] applog.INFO: 采集@加拿大展会信息成功:40 [] []
[2017-01-16 11:02:33] applog.INFO: 采集@墨西哥展会信息成功:36 [] []
[2017-01-16 11:04:04] applog.INFO: 采集@德国展会信息成功:132 [] []
[2017-01-16 11:05:01] applog.INFO: 采集@英国展会信息成功:23 [] []
[2017-01-16 11:06:30] applog.INFO: 采集@俄罗斯展会信息成功:119 [] []
[2017-01-16 11:07:20] applog.INFO: 采集@法国展会信息成功:31 [] []
[2017-01-16 11:08:09] applog.INFO: 采集@意大利展会信息成功:67 [] []
[2017-01-16 11:08:38] applog.INFO: 采集@波兰展会信息成功:25 [] []
[2017-01-16 11:09:36] applog.INFO: 采集@澳大利亚展会信息成功:83 [] []
[2017-01-16 11:10:06] applog.INFO: 采集@埃及展会信息成功:17 [] []
[2017-01-16 11:10:28] applog.INFO: 采集@伊拉克展会信息成功:16 [] []
[2017-01-16 11:10:36] applog.INFO: 采集@科威特展会信息成功:1 [] []
[2017-01-16 11:10:46] applog.INFO: 采集@卡塔尔展会信息成功:10 [] []
[2017-01-16 11:11:04] applog.INFO: 采集@沙特展会信息成功:21 [] []
[2017-01-16 11:11:17] applog.INFO: 采集@叙利亚展会信息成功:3 [] []
[2017-01-16 11:12:57] applog.INFO: 采集@阿联酋展会信息成功:141 [] []
[2017-01-16 11:19:09] applog.INFO: 采集@上海展会信息成功:234 [] []
[2017-01-16 11:19:54] applog.INFO: 采集@浙江展会信息成功:7 [] []
[2017-01-16 11:20:25] applog.INFO: 采集@江苏展会信息成功:37 [] []
[2017-01-16 11:20:43] applog.INFO: 采集@安徽展会信息成功:9 [] []
[2017-01-16 11:21:17] applog.INFO: 采集@山东展会信息成功:50 [] []
[2017-01-16 11:21:33] applog.INFO: 采集@福建展会信息成功:2 [] []
[2017-01-16 11:25:34] applog.INFO: 采集@北京展会信息成功:342 [] []
[2017-01-16 11:27:01] applog.INFO: 采集@河北展会信息成功:13 [] []
[2017-01-16 11:27:27] applog.INFO: 采集@天津展会信息成功:27 [] []
[2017-01-16 11:27:53] applog.INFO: 采集@山西展会信息成功:25 [] []
[2017-01-16 11:28:13] applog.INFO: 采集@内蒙古展会信息成功:18 [] []
[2017-01-16 11:28:39] applog.INFO: 采集@云南展会信息成功:18 [] []
[2017-01-16 11:29:07] applog.INFO: 采集@四川展会信息成功:36 [] []
[2017-01-16 11:29:30] applog.INFO: 采集@重庆展会信息成功:15 [] []
[2017-01-16 11:29:52] applog.INFO: 采集@贵州展会信息成功:8 [] []
[2017-01-16 11:30:00] applog.INFO: 采集@西藏展会信息成功:0 [] []
[2017-01-16 11:30:51] applog.INFO: 采集@陕西展会信息成功:41 [] []
[2017-01-16 11:31:16] applog.INFO: 采集@甘肃展会信息成功:5 [] []
[2017-01-16 11:31:25] applog.INFO: 采集@宁夏展会信息成功:6 [] []
[2017-01-16 11:31:39] applog.INFO: 采集@新疆展会信息成功:15 [] []
[2017-01-16 11:31:50] applog.INFO: 采集@青海展会信息成功:1 [] []
[2017-01-16 11:32:58] applog.INFO: 采集@广东展会信息成功:99 [] []
[2017-01-16 11:33:25] applog.INFO: 采集@广西展会信息成功:11 [] []
[2017-01-16 11:33:37] applog.INFO: 采集@海南展会信息成功:1 [] []
[2017-01-16 11:33:48] applog.INFO: 采集@湖南展会信息成功:10 [] []
[2017-01-16 11:33:58] applog.INFO: 采集@湖北展会信息成功:4 [] []
[2017-01-16 11:34:35] applog.INFO: 采集@河南展会信息成功:37 [] []
[2017-01-16 11:34:56] applog.INFO: 采集@江西展会信息成功:1 [] []
[2017-01-16 11:35:06] applog.INFO: 采集@辽宁展会信息成功:6 [] []
[2017-01-16 11:35:12] applog.INFO: 采集@吉林展会信息成功:2 [] []
[2017-01-16 11:35:25] applog.INFO: 采集@黑龙江展会信息成功:20 [] []
[2017-01-16 11:35:33] applog.INFO: 采集@香港展会信息成功:2 [] []
[2017-01-16 11:35:39] applog.INFO: 采集@澳门展会信息成功:1 [] []
[2017-01-16 11:35:45] applog.INFO: 采集@台湾展会信息成功:1 [] []
[2017-01-16 11:35:49] applog.INFO: 采集信息结束 [] []
[2017-01-16 14:28:28] applog.INFO: 开始查询渠道列表 [] []
[2017-01-16 14:28:28] applog.INFO: 查询渠道列表结束 [] []
[2017-01-16 14:28:28] applog.INFO: 开始采集信息 [] []
[2017-01-16 14:28:31] applog.INFO: 采集@日本展会信息成功:0 [] []
[2017-01-16 14:28:34] applog.INFO: 采集@迪拜展会信息成功:0 [] []
[2017-01-16 14:28:35] applog.INFO: 采集@印度展会信息成功:0 [] []
[2017-01-16 14:28:37] applog.INFO: 采集@韩国展会信息成功:0 [] []
[2017-01-16 14:28:38] applog.INFO: 采集@泰国展会信息成功:0 [] []
[2017-01-16 14:28:40] applog.INFO: 采集@土耳其展会信息成功:0 [] []
[2017-01-16 14:28:41] applog.INFO: 采集@伊朗展会信息成功:0 [] []
[2017-01-16 14:28:43] applog.INFO: 采集@越南展会信息成功:0 [] []
[2017-01-16 14:28:50] applog.INFO: 采集@新加坡展会信息成功:0 [] []
[2017-01-16 14:28:51] applog.INFO: 采集@哥伦比亚展会信息成功:0 [] []
[2017-01-16 14:28:53] applog.INFO: 采集@巴西展会信息成功:0 [] []
[2017-01-16 14:28:55] applog.INFO: 采集@智利展会信息成功:0 [] []
[2017-01-16 14:28:56] applog.INFO: 采集@阿根廷展会信息成功:0 [] []
[2017-01-16 14:28:57] applog.INFO: 采集@美国展会信息成功:0 [] []
[2017-01-16 14:28:58] applog.INFO: 采集@加拿大展会信息成功:0 [] []
[2017-01-16 14:29:00] applog.INFO: 采集@墨西哥展会信息成功:0 [] []
[2017-01-16 14:29:01] applog.INFO: 采集@德国展会信息成功:0 [] []
[2017-01-16 14:29:03] applog.INFO: 采集@英国展会信息成功:0 [] []
[2017-01-16 14:29:04] applog.INFO: 采集@俄罗斯展会信息成功:0 [] []
[2017-01-16 14:29:05] applog.INFO: 采集@法国展会信息成功:0 [] []
[2017-01-16 14:29:07] applog.INFO: 采集@意大利展会信息成功:0 [] []
[2017-01-16 14:29:10] applog.INFO: 采集@波兰展会信息成功:0 [] []
[2017-01-16 14:29:12] applog.INFO: 采集@澳大利亚展会信息成功:0 [] []
[2017-01-16 14:29:13] applog.INFO: 采集@埃及展会信息成功:0 [] []
[2017-01-16 14:29:16] applog.INFO: 采集@伊拉克展会信息成功:0 [] []
[2017-01-16 14:29:17] applog.INFO: 采集@科威特展会信息成功:0 [] []
[2017-01-16 14:29:19] applog.INFO: 采集@卡塔尔展会信息成功:0 [] []
[2017-01-16 14:29:20] applog.INFO: 采集@沙特展会信息成功:0 [] []
[2017-01-16 14:29:22] applog.INFO: 采集@叙利亚展会信息成功:0 [] []
[2017-01-16 14:29:24] applog.INFO: 采集@阿联酋展会信息成功:0 [] []
[2017-01-16 14:29:25] applog.INFO: 采集@上海展会信息成功:0 [] []
[2017-01-16 14:29:27] applog.INFO: 采集@浙江展会信息成功:0 [] []
[2017-01-16 14:29:28] applog.INFO: 采集@江苏展会信息成功:0 [] []
[2017-01-16 14:29:30] applog.INFO: 采集@安徽展会信息成功:0 [] []
[2017-01-16 14:29:31] applog.INFO: 采集@山东展会信息成功:0 [] []
[2017-01-16 14:29:32] applog.INFO: 采集@福建展会信息成功:0 [] []
[2017-01-16 14:29:34] applog.INFO: 采集@北京展会信息成功:0 [] []
[2017-01-16 14:29:35] applog.INFO: 采集@河北展会信息成功:0 [] []
[2017-01-16 14:29:37] applog.INFO: 采集@天津展会信息成功:0 [] []
[2017-01-16 14:29:39] applog.INFO: 采集@山西展会信息成功:0 [] []
[2017-01-16 14:29:41] applog.INFO: 采集@内蒙古展会信息成功:0 [] []
[2017-01-16 14:29:42] applog.INFO: 采集@云南展会信息成功:0 [] []
[2017-01-16 14:29:44] applog.INFO: 采集@四川展会信息成功:0 [] []
[2017-01-16 14:29:46] applog.INFO: 采集@重庆展会信息成功:0 [] []
[2017-01-16 14:29:48] applog.INFO: 采集@贵州展会信息成功:0 [] []
[2017-01-16 14:29:50] applog.INFO: 采集@西藏展会信息成功:0 [] []
[2017-01-16 14:29:51] applog.INFO: 采集@陕西展会信息成功:0 [] []
[2017-01-16 14:29:53] applog.INFO: 采集@甘肃展会信息成功:0 [] []
[2017-01-16 14:29:55] applog.INFO: 采集@宁夏展会信息成功:0 [] []
[2017-01-16 14:29:57] applog.INFO: 采集@新疆展会信息成功:0 [] []
[2017-01-16 14:29:58] applog.INFO: 采集@青海展会信息成功:0 [] []
[2017-01-16 14:30:00] applog.INFO: 采集@广东展会信息成功:0 [] []
[2017-01-16 14:30:02] applog.INFO: 采集@广西展会信息成功:0 [] []
[2017-01-16 14:30:03] applog.INFO: 采集@海南展会信息成功:0 [] []
[2017-01-16 14:30:05] applog.INFO: 采集@湖南展会信息成功:0 [] []
[2017-01-16 14:30:07] applog.INFO: 采集@湖北展会信息成功:0 [] []
[2017-01-16 14:30:09] applog.INFO: 采集@河南展会信息成功:0 [] []
[2017-01-16 14:30:11] applog.INFO: 采集@江西展会信息成功:0 [] []
[2017-01-16 14:30:12] applog.INFO: 采集@辽宁展会信息成功:0 [] []
[2017-01-16 14:30:14] applog.INFO: 采集@吉林展会信息成功:0 [] []
[2017-01-16 14:30:16] applog.INFO: 采集@黑龙江展会信息成功:0 [] []
[2017-01-16 14:30:18] applog.INFO: 采集@香港展会信息成功:0 [] []
[2017-01-16 14:30:20] applog.INFO: 采集@澳门展会信息成功:0 [] []
[2017-01-16 14:30:21] applog.INFO: 采集@台湾展会信息成功:0 [] []
[2017-01-16 14:30:22] applog.INFO: 采集信息结束 [] []
[2017-01-16 16:01:46] applog.INFO: 开始查询渠道列表 [] []
[2017-01-16 16:01:47] applog.INFO: 查询渠道列表结束 [] []
[2017-01-16 16:01:47] applog.INFO: 开始采集信息 [] []
[2017-01-16 16:02:11] applog.INFO: 采集@日本展会信息成功:40 [] []
[2017-01-16 16:02:18] applog.INFO: 采集@迪拜展会信息成功:0 [] []
[2017-01-16 16:03:12] applog.INFO: 采集@印度展会信息成功:99 [] []
[2017-01-16 16:03:48] applog.INFO: 采集@韩国展会信息成功:35 [] []
[2017-01-16 16:04:02] applog.INFO: 采集@泰国展会信息成功:16 [] []
[2017-01-16 16:04:45] applog.INFO: 采集@土耳其展会信息成功:72 [] []
[2017-01-16 16:05:20] applog.INFO: 采集@伊朗展会信息成功:41 [] []
[2017-01-16 16:05:50] applog.INFO: 采集@越南展会信息成功:45 [] []
[2017-01-16 16:06:03] applog.INFO: 采集@新加坡展会信息成功:11 [] []
[2017-01-16 16:06:13] applog.INFO: 采集@哥伦比亚展会信息成功:14 [] []
[2017-01-16 16:07:07] applog.INFO: 采集@巴西展会信息成功:110 [] []
[2017-01-16 16:07:43] applog.INFO: 采集@智利展会信息成功:32 [] []
[2017-01-16 16:08:07] applog.INFO: 采集@阿根廷展会信息成功:33 [] []
[2017-01-16 16:09:17] applog.INFO: 采集@美国展会信息成功:132 [] []
[2017-01-16 16:09:56] applog.INFO: 采集@加拿大展会信息成功:40 [] []
[2017-01-16 16:10:21] applog.INFO: 采集@墨西哥展会信息成功:36 [] []
[2017-01-16 16:11:26] applog.INFO: 采集@德国展会信息成功:132 [] []
[2017-01-16 16:11:58] applog.INFO: 采集@英国展会信息成功:23 [] []
[2017-01-16 16:12:56] applog.INFO: 采集@俄罗斯展会信息成功:119 [] []
[2017-01-16 16:13:32] applog.INFO: 采集@法国展会信息成功:31 [] []
[2017-01-16 16:14:40] applog.INFO: 开始查询渠道列表 [] []
[2017-01-16 16:14:41] applog.INFO: 查询渠道列表结束 [] []
[2017-01-16 16:14:41] applog.INFO: 开始采集信息 [] []
[2017-01-16 16:14:59] applog.INFO: 采集@日本展会信息成功:40 [] []
[2017-01-16 16:15:06] applog.INFO: 采集@迪拜展会信息成功:0 [] []
[2017-01-16 16:15:48] applog.INFO: 采集@印度展会信息成功:99 [] []
[2017-01-16 16:16:19] applog.INFO: 采集@韩国展会信息成功:35 [] []
[2017-01-16 16:16:34] applog.INFO: 采集@泰国展会信息成功:16 [] []
[2017-01-16 16:17:09] applog.INFO: 采集@土耳其展会信息成功:72 [] []
[2017-01-16 16:17:41] applog.INFO: 采集@伊朗展会信息成功:41 [] []
[2017-01-16 16:18:10] applog.INFO: 采集@越南展会信息成功:45 [] []
[2017-01-16 16:18:23] applog.INFO: 采集@新加坡展会信息成功:11 [] []
[2017-01-16 16:18:32] applog.INFO: 采集@哥伦比亚展会信息成功:14 [] []
[2017-01-16 16:19:22] applog.INFO: 采集@巴西展会信息成功:110 [] []
[2017-01-16 16:19:52] applog.INFO: 采集@智利展会信息成功:32 [] []
[2017-01-16 16:20:14] applog.INFO: 采集@阿根廷展会信息成功:33 [] []
[2017-01-16 16:21:23] applog.INFO: 采集@美国展会信息成功:132 [] []
[2017-01-16 16:22:00] applog.INFO: 采集@加拿大展会信息成功:40 [] []
[2017-01-16 16:22:23] applog.INFO: 采集@墨西哥展会信息成功:36 [] []
[2017-01-16 16:23:24] applog.INFO: 采集@德国展会信息成功:132 [] []
[2017-01-16 16:23:59] applog.INFO: 采集@英国展会信息成功:23 [] []
[2017-01-16 16:25:01] applog.INFO: 采集@俄罗斯展会信息成功:119 [] []
[2017-01-16 16:25:37] applog.INFO: 采集@法国展会信息成功:31 [] []
[2017-01-16 16:26:13] applog.INFO: 采集@意大利展会信息成功:67 [] []
[2017-01-16 16:26:38] applog.INFO: 采集@波兰展会信息成功:25 [] []
[2017-01-16 16:27:19] applog.INFO: 采集@澳大利亚展会信息成功:83 [] []
[2017-01-16 16:27:44] applog.INFO: 采集@埃及展会信息成功:17 [] []
[2017-01-16 16:27:56] applog.INFO: 采集@伊拉克展会信息成功:16 [] []
[2017-01-16 16:28:02] applog.INFO: 采集@科威特展会信息成功:1 [] []
[2017-01-16 16:28:08] applog.INFO: 采集@卡塔尔展会信息成功:10 [] []
[2017-01-16 16:28:24] applog.INFO: 采集@沙特展会信息成功:21 [] []
[2017-01-16 16:28:31] applog.INFO: 采集@叙利亚展会信息成功:3 [] []
[2017-01-16 16:29:40] applog.INFO: 采集@阿联酋展会信息成功:141 [] []
[2017-01-16 16:32:14] applog.INFO: 采集@上海展会信息成功:234 [] []
[2017-01-16 16:32:59] applog.INFO: 采集@浙江展会信息成功:7 [] []
[2017-01-16 16:33:21] applog.INFO: 采集@江苏展会信息成功:37 [] []
[2017-01-16 16:33:37] applog.INFO: 采集@安徽展会信息成功:9 [] []
[2017-01-16 16:34:09] applog.INFO: 采集@山东展会信息成功:50 [] []
[2017-01-16 16:34:22] applog.INFO: 采集@福建展会信息成功:2 [] []
[2017-01-16 16:38:02] applog.INFO: 开始查询渠道列表 [] []
[2017-01-16 16:38:03] applog.INFO: 查询渠道列表结束 [] []
[2017-01-16 16:38:03] applog.INFO: 开始采集信息 [] []
[2017-01-16 16:38:22] applog.INFO: 采集@日本展会信息成功:42 [] []
[2017-01-16 16:38:30] applog.INFO: 采集@迪拜展会信息成功:0 [] []
[2017-01-16 16:39:29] applog.INFO: 采集@印度展会信息成功:103 [] []
[2017-01-16 16:40:03] applog.INFO: 采集@韩国展会信息成功:37 [] []
[2017-01-16 16:40:21] applog.INFO: 采集@泰国展会信息成功:17 [] []
[2017-01-16 16:41:04] applog.INFO: 采集@土耳其展会信息成功:75 [] []
[2017-01-16 16:41:41] applog.INFO: 采集@伊朗展会信息成功:43 [] []
[2017-01-16 16:42:20] applog.INFO: 采集@越南展会信息成功:47 [] []
[2017-01-16 16:42:35] applog.INFO: 采集@新加坡展会信息成功:12 [] []
[2017-01-16 16:42:45] applog.INFO: 采集@哥伦比亚展会信息成功:15 [] []
[2017-01-16 16:43:44] applog.INFO: 采集@巴西展会信息成功:114 [] []
[2017-01-16 16:44:21] applog.INFO: 采集@智利展会信息成功:34 [] []
[2017-01-16 16:44:42] applog.INFO: 采集@阿根廷展会信息成功:35 [] []
[2017-01-16 16:46:09] applog.INFO: 采集@美国展会信息成功:137 [] []
[2017-01-16 16:46:57] applog.INFO: 采集@加拿大展会信息成功:42 [] []
[2017-01-16 16:47:22] applog.INFO: 采集@墨西哥展会信息成功:38 [] []
[2017-01-16 16:48:35] applog.INFO: 采集@德国展会信息成功:137 [] []
[2017-01-16 16:49:11] applog.INFO: 采集@英国展会信息成功:24 [] []
[2017-01-16 16:50:17] applog.INFO: 采集@俄罗斯展会信息成功:124 [] []
[2017-01-16 16:50:58] applog.INFO: 采集@法国展会信息成功:33 [] []
[2017-01-16 16:51:44] applog.INFO: 采集@意大利展会信息成功:70 [] []
[2017-01-16 16:52:08] applog.INFO: 采集@波兰展会信息成功:26 [] []
[2017-01-16 16:52:57] applog.INFO: 采集@澳大利亚展会信息成功:86 [] []
[2017-01-16 16:53:21] applog.INFO: 采集@埃及展会信息成功:18 [] []
[2017-01-16 16:53:36] applog.INFO: 采集@伊拉克展会信息成功:17 [] []
[2017-01-16 16:53:43] applog.INFO: 采集@科威特展会信息成功:1 [] []
[2017-01-16 16:53:53] applog.INFO: 采集@卡塔尔展会信息成功:11 [] []
[2017-01-16 16:53:55] applog.WARNING: 采集@卡塔尔展会信息失败 [] []
[2017-01-16 16:53:55] applog.WARNING: 错误原因：{exception 'PDOException' with message 'SQLSTATE[22001]: String data, right truncated: 1406 Data too long for column 'publish_date' at row 1' in C:\Bitnami\wamp\apps\symfony\htdocs\vendor\doctrine\dbal\lib\Doctrine\DBAL\Driver\PDOStatement.php:91 Stack trace: #0 C:\Bitnami\wamp\apps\symfony\htdocs\ve} [] []
[2017-01-16 16:54:10] applog.INFO: 采集@沙特展会信息成功:22 [] []
[2017-01-16 16:54:10] applog.WARNING: 采集@沙特展会信息失败 [] []
[2017-01-16 16:54:10] applog.WARNING: 错误原因：{exception 'Doctrine\ORM\ORMException' with message 'The EntityManager is closed.' in C:\Bitnami\wamp\apps\symfony\htdocs\vendor\doctrine\orm\lib\Doctrine\ORM\ORMException.php:144 Stack trace: #0 C:\Bitnami\wamp\apps\symfony\htdocs\vendor\doctrine\orm\lib\Doctrine\ORM\EntityManager.php(741): Doctrine} [] []
[2017-01-16 16:54:12] applog.INFO: 采集@叙利亚展会信息成功:4 [] []
[2017-01-16 16:54:12] applog.WARNING: 采集@叙利亚展会信息失败 [] []
[2017-01-16 16:54:12] applog.WARNING: 错误原因：{exception 'Doctrine\ORM\ORMException' with message 'The EntityManager is closed.' in C:\Bitnami\wamp\apps\symfony\htdocs\vendor\doctrine\orm\lib\Doctrine\ORM\ORMException.php:144 Stack trace: #0 C:\Bitnami\wamp\apps\symfony\htdocs\vendor\doctrine\orm\lib\Doctrine\ORM\EntityManager.php(741): Doctrine} [] []
[2017-01-16 16:55:23] applog.INFO: 采集@阿联酋展会信息成功:146 [] []
[2017-01-16 16:55:23] applog.WARNING: 采集@阿联酋展会信息失败 [] []
[2017-01-16 16:55:23] applog.WARNING: 错误原因：{exception 'Doctrine\ORM\ORMException' with message 'The EntityManager is closed.' in C:\Bitnami\wamp\apps\symfony\htdocs\vendor\doctrine\orm\lib\Doctrine\ORM\ORMException.php:144 Stack trace: #0 C:\Bitnami\wamp\apps\symfony\htdocs\vendor\doctrine\orm\lib\Doctrine\ORM\EntityManager.php(741): Doctrine} [] []
[2017-01-16 16:57:25] applog.INFO: 采集@上海展会信息成功:243 [] []
[2017-01-16 16:57:25] applog.WARNING: 采集@上海展会信息失败 [] []
[2017-01-16 16:57:25] applog.WARNING: 错误原因：{exception 'Doctrine\ORM\ORMException' with message 'The EntityManager is closed.' in C:\Bitnami\wamp\apps\symfony\htdocs\vendor\doctrine\orm\lib\Doctrine\ORM\ORMException.php:144 Stack trace: #0 C:\Bitnami\wamp\apps\symfony\htdocs\vendor\doctrine\orm\lib\Doctrine\ORM\EntityManager.php(741): Doctrine} [] []
[2017-01-16 16:57:29] applog.INFO: 采集@浙江展会信息成功:8 [] []
[2017-01-16 16:57:29] applog.WARNING: 采集@浙江展会信息失败 [] []
[2017-01-16 16:57:29] applog.WARNING: 错误原因：{exception 'Doctrine\ORM\ORMException' with message 'The EntityManager is closed.' in C:\Bitnami\wamp\apps\symfony\htdocs\vendor\doctrine\orm\lib\Doctrine\ORM\ORMException.php:144 Stack trace: #0 C:\Bitnami\wamp\apps\symfony\htdocs\vendor\doctrine\orm\lib\Doctrine\ORM\EntityManager.php(741): Doctrine} [] []
[2017-01-16 16:57:46] applog.INFO: 采集@江苏展会信息成功:39 [] []
[2017-01-16 16:57:46] applog.WARNING: 采集@江苏展会信息失败 [] []
[2017-01-16 16:57:46] applog.WARNING: 错误原因：{exception 'Doctrine\ORM\ORMException' with message 'The EntityManager is closed.' in C:\Bitnami\wamp\apps\symfony\htdocs\vendor\doctrine\orm\lib\Doctrine\ORM\ORMException.php:144 Stack trace: #0 C:\Bitnami\wamp\apps\symfony\htdocs\vendor\doctrine\orm\lib\Doctrine\ORM\EntityManager.php(741): Doctrine} [] []
[2017-01-16 16:57:51] applog.INFO: 采集@安徽展会信息成功:10 [] []
[2017-01-16 16:57:51] applog.WARNING: 采集@安徽展会信息失败 [] []
[2017-01-16 16:57:51] applog.WARNING: 错误原因：{exception 'Doctrine\ORM\ORMException' with message 'The EntityManager is closed.' in C:\Bitnami\wamp\apps\symfony\htdocs\vendor\doctrine\orm\lib\Doctrine\ORM\ORMException.php:144 Stack trace: #0 C:\Bitnami\wamp\apps\symfony\htdocs\vendor\doctrine\orm\lib\Doctrine\ORM\EntityManager.php(741): Doctrine} [] []
[2017-01-16 16:58:14] applog.INFO: 采集@山东展会信息成功:52 [] []
[2017-01-16 16:58:14] applog.WARNING: 采集@山东展会信息失败 [] []
[2017-01-16 16:58:14] applog.WARNING: 错误原因：{exception 'Doctrine\ORM\ORMException' with message 'The EntityManager is closed.' in C:\Bitnami\wamp\apps\symfony\htdocs\vendor\doctrine\orm\lib\Doctrine\ORM\ORMException.php:144 Stack trace: #0 C:\Bitnami\wamp\apps\symfony\htdocs\vendor\doctrine\orm\lib\Doctrine\ORM\EntityManager.php(741): Doctrine} [] []
[2017-01-16 16:58:16] applog.INFO: 采集@福建展会信息成功:3 [] []
[2017-01-16 16:58:16] applog.WARNING: 采集@福建展会信息失败 [] []
[2017-01-16 16:58:16] applog.WARNING: 错误原因：{exception 'Doctrine\ORM\ORMException' with message 'The EntityManager is closed.' in C:\Bitnami\wamp\apps\symfony\htdocs\vendor\doctrine\orm\lib\Doctrine\ORM\ORMException.php:144 Stack trace: #0 C:\Bitnami\wamp\apps\symfony\htdocs\vendor\doctrine\orm\lib\Doctrine\ORM\EntityManager.php(741): Doctrine} [] []
[2017-01-16 17:00:55] applog.INFO: 采集@北京展会信息成功:354 [] []
[2017-01-16 17:00:55] applog.WARNING: 采集@北京展会信息失败 [] []
[2017-01-16 17:00:55] applog.WARNING: 错误原因：{exception 'Doctrine\ORM\ORMException' with message 'The EntityManager is closed.' in C:\Bitnami\wamp\apps\symfony\htdocs\vendor\doctrine\orm\lib\Doctrine\ORM\ORMException.php:144 Stack trace: #0 C:\Bitnami\wamp\apps\symfony\htdocs\vendor\doctrine\orm\lib\Doctrine\ORM\EntityManager.php(741): Doctrine} [] []
[2017-01-16 17:01:01] applog.INFO: 采集@河北展会信息成功:14 [] []
[2017-01-16 17:01:01] applog.WARNING: 采集@河北展会信息失败 [] []
[2017-01-16 17:01:01] applog.WARNING: 错误原因：{exception 'Doctrine\ORM\ORMException' with message 'The EntityManager is closed.' in C:\Bitnami\wamp\apps\symfony\htdocs\vendor\doctrine\orm\lib\Doctrine\ORM\ORMException.php:144 Stack trace: #0 C:\Bitnami\wamp\apps\symfony\htdocs\vendor\doctrine\orm\lib\Doctrine\ORM\EntityManager.php(741): Doctrine} [] []
[2017-01-16 17:01:14] applog.INFO: 采集@天津展会信息成功:28 [] []
[2017-01-16 17:01:14] applog.WARNING: 采集@天津展会信息失败 [] []
[2017-01-16 17:01:14] applog.WARNING: 错误原因：{exception 'Doctrine\ORM\ORMException' with message 'The EntityManager is closed.' in C:\Bitnami\wamp\apps\symfony\htdocs\vendor\doctrine\orm\lib\Doctrine\ORM\ORMException.php:144 Stack trace: #0 C:\Bitnami\wamp\apps\symfony\htdocs\vendor\doctrine\orm\lib\Doctrine\ORM\EntityManager.php(741): Doctrine} [] []
[2017-01-16 17:01:24] applog.INFO: 采集@山西展会信息成功:26 [] []
[2017-01-16 17:01:24] applog.WARNING: 采集@山西展会信息失败 [] []
[2017-01-16 17:01:24] applog.WARNING: 错误原因：{exception 'Doctrine\ORM\ORMException' with message 'The EntityManager is closed.' in C:\Bitnami\wamp\apps\symfony\htdocs\vendor\doctrine\orm\lib\Doctrine\ORM\ORMException.php:144 Stack trace: #0 C:\Bitnami\wamp\apps\symfony\htdocs\vendor\doctrine\orm\lib\Doctrine\ORM\EntityManager.php(741): Doctrine} [] []
[2017-01-16 17:01:33] applog.INFO: 采集@内蒙古展会信息成功:19 [] []
[2017-01-16 17:01:33] applog.WARNING: 采集@内蒙古展会信息失败 [] []
[2017-01-16 17:01:33] applog.WARNING: 错误原因：{exception 'Doctrine\ORM\ORMException' with message 'The EntityManager is closed.' in C:\Bitnami\wamp\apps\symfony\htdocs\vendor\doctrine\orm\lib\Doctrine\ORM\ORMException.php:144 Stack trace: #0 C:\Bitnami\wamp\apps\symfony\htdocs\vendor\doctrine\orm\lib\Doctrine\ORM\EntityManager.php(741): Doctrine} [] []
[2017-01-16 17:01:42] applog.INFO: 采集@云南展会信息成功:19 [] []
[2017-01-16 17:01:42] applog.WARNING: 采集@云南展会信息失败 [] []
[2017-01-16 17:01:42] applog.WARNING: 错误原因：{exception 'Doctrine\ORM\ORMException' with message 'The EntityManager is closed.' in C:\Bitnami\wamp\apps\symfony\htdocs\vendor\doctrine\orm\lib\Doctrine\ORM\ORMException.php:144 Stack trace: #0 C:\Bitnami\wamp\apps\symfony\htdocs\vendor\doctrine\orm\lib\Doctrine\ORM\EntityManager.php(741): Doctrine} [] []
[2017-01-16 17:01:59] applog.INFO: 采集@四川展会信息成功:38 [] []
[2017-01-16 17:01:59] applog.WARNING: 采集@四川展会信息失败 [] []
[2017-01-16 17:01:59] applog.WARNING: 错误原因：{exception 'Doctrine\ORM\ORMException' with message 'The EntityManager is closed.' in C:\Bitnami\wamp\apps\symfony\htdocs\vendor\doctrine\orm\lib\Doctrine\ORM\ORMException.php:144 Stack trace: #0 C:\Bitnami\wamp\apps\symfony\htdocs\vendor\doctrine\orm\lib\Doctrine\ORM\EntityManager.php(741): Doctrine} [] []
[2017-01-16 17:02:07] applog.INFO: 采集@重庆展会信息成功:17 [] []
[2017-01-16 17:02:07] applog.WARNING: 采集@重庆展会信息失败 [] []
[2017-01-16 17:02:07] applog.WARNING: 错误原因：{exception 'Doctrine\ORM\ORMException' with message 'The EntityManager is closed.' in C:\Bitnami\wamp\apps\symfony\htdocs\vendor\doctrine\orm\lib\Doctrine\ORM\ORMException.php:144 Stack trace: #0 C:\Bitnami\wamp\apps\symfony\htdocs\vendor\doctrine\orm\lib\Doctrine\ORM\EntityManager.php(741): Doctrine} [] []
[2017-01-16 17:02:11] applog.INFO: 采集@贵州展会信息成功:9 [] []
[2017-01-16 17:02:11] applog.WARNING: 采集@贵州展会信息失败 [] []
[2017-01-16 17:02:11] applog.WARNING: 错误原因：{exception 'Doctrine\ORM\ORMException' with message 'The EntityManager is closed.' in C:\Bitnami\wamp\apps\symfony\htdocs\vendor\doctrine\orm\lib\Doctrine\ORM\ORMException.php:144 Stack trace: #0 C:\Bitnami\wamp\apps\symfony\htdocs\vendor\doctrine\orm\lib\Doctrine\ORM\EntityManager.php(741): Doctrine} [] []
[2017-01-16 17:02:12] applog.INFO: 采集@西藏展会信息成功:0 [] []
[2017-01-16 17:02:12] applog.WARNING: 采集@西藏展会信息失败 [] []
[2017-01-16 17:02:12] applog.WARNING: 错误原因：{exception 'Doctrine\ORM\ORMException' with message 'The EntityManager is closed.' in C:\Bitnami\wamp\apps\symfony\htdocs\vendor\doctrine\orm\lib\Doctrine\ORM\ORMException.php:144 Stack trace: #0 C:\Bitnami\wamp\apps\symfony\htdocs\vendor\doctrine\orm\lib\Doctrine\ORM\EntityManager.php(741): Doctrine} [] []
[2017-01-16 17:02:31] applog.INFO: 采集@陕西展会信息成功:43 [] []
[2017-01-16 17:02:31] applog.WARNING: 采集@陕西展会信息失败 [] []
[2017-01-16 17:02:31] applog.WARNING: 错误原因：{exception 'Doctrine\ORM\ORMException' with message 'The EntityManager is closed.' in C:\Bitnami\wamp\apps\symfony\htdocs\vendor\doctrine\orm\lib\Doctrine\ORM\ORMException.php:144 Stack trace: #0 C:\Bitnami\wamp\apps\symfony\htdocs\vendor\doctrine\orm\lib\Doctrine\ORM\EntityManager.php(741): Doctrine} [] []
[2017-01-16 17:02:34] applog.INFO: 采集@甘肃展会信息成功:6 [] []
[2017-01-16 17:02:34] applog.WARNING: 采集@甘肃展会信息失败 [] []
[2017-01-16 17:02:34] applog.WARNING: 错误原因：{exception 'Doctrine\ORM\ORMException' with message 'The EntityManager is closed.' in C:\Bitnami\wamp\apps\symfony\htdocs\vendor\doctrine\orm\lib\Doctrine\ORM\ORMException.php:144 Stack trace: #0 C:\Bitnami\wamp\apps\symfony\htdocs\vendor\doctrine\orm\lib\Doctrine\ORM\EntityManager.php(741): Doctrine} [] []
[2017-01-16 17:02:38] applog.INFO: 采集@宁夏展会信息成功:7 [] []
[2017-01-16 17:02:38] applog.WARNING: 采集@宁夏展会信息失败 [] []
[2017-01-16 17:02:38] applog.WARNING: 错误原因：{exception 'Doctrine\ORM\ORMException' with message 'The EntityManager is closed.' in C:\Bitnami\wamp\apps\symfony\htdocs\vendor\doctrine\orm\lib\Doctrine\ORM\ORMException.php:144 Stack trace: #0 C:\Bitnami\wamp\apps\symfony\htdocs\vendor\doctrine\orm\lib\Doctrine\ORM\EntityManager.php(741): Doctrine} [] []
[2017-01-16 17:02:45] applog.INFO: 采集@新疆展会信息成功:16 [] []
[2017-01-16 17:02:45] applog.WARNING: 采集@新疆展会信息失败 [] []
[2017-01-16 17:02:45] applog.WARNING: 错误原因：{exception 'Doctrine\ORM\ORMException' with message 'The EntityManager is closed.' in C:\Bitnami\wamp\apps\symfony\htdocs\vendor\doctrine\orm\lib\Doctrine\ORM\ORMException.php:144 Stack trace: #0 C:\Bitnami\wamp\apps\symfony\htdocs\vendor\doctrine\orm\lib\Doctrine\ORM\EntityManager.php(741): Doctrine} [] []
[2017-01-16 17:02:46] applog.INFO: 采集@青海展会信息成功:1 [] []
[2017-01-16 17:02:46] applog.WARNING: 采集@青海展会信息失败 [] []
[2017-01-16 17:02:46] applog.WARNING: 错误原因：{exception 'Doctrine\ORM\ORMException' with message 'The EntityManager is closed.' in C:\Bitnami\wamp\apps\symfony\htdocs\vendor\doctrine\orm\lib\Doctrine\ORM\ORMException.php:144 Stack trace: #0 C:\Bitnami\wamp\apps\symfony\htdocs\vendor\doctrine\orm\lib\Doctrine\ORM\EntityManager.php(741): Doctrine} [] []
[2017-01-16 17:03:40] applog.INFO: 采集@广东展会信息成功:103 [] []
[2017-01-16 17:03:40] applog.WARNING: 采集@广东展会信息失败 [] []
[2017-01-16 17:03:40] applog.WARNING: 错误原因：{exception 'Doctrine\ORM\ORMException' with message 'The EntityManager is closed.' in C:\Bitnami\wamp\apps\symfony\htdocs\vendor\doctrine\orm\lib\Doctrine\ORM\ORMException.php:144 Stack trace: #0 C:\Bitnami\wamp\apps\symfony\htdocs\vendor\doctrine\orm\lib\Doctrine\ORM\EntityManager.php(741): Doctrine} [] []
[2017-01-16 17:03:46] applog.INFO: 采集@广西展会信息成功:12 [] []
[2017-01-16 17:03:46] applog.WARNING: 采集@广西展会信息失败 [] []
[2017-01-16 17:03:46] applog.WARNING: 错误原因：{exception 'Doctrine\ORM\ORMException' with message 'The EntityManager is closed.' in C:\Bitnami\wamp\apps\symfony\htdocs\vendor\doctrine\orm\lib\Doctrine\ORM\ORMException.php:144 Stack trace: #0 C:\Bitnami\wamp\apps\symfony\htdocs\vendor\doctrine\orm\lib\Doctrine\ORM\EntityManager.php(741): Doctrine} [] []
[2017-01-16 17:03:47] applog.INFO: 采集@海南展会信息成功:1 [] []
[2017-01-16 17:03:47] applog.WARNING: 采集@海南展会信息失败 [] []
[2017-01-16 17:03:47] applog.WARNING: 错误原因：{exception 'Doctrine\ORM\ORMException' with message 'The EntityManager is closed.' in C:\Bitnami\wamp\apps\symfony\htdocs\vendor\doctrine\orm\lib\Doctrine\ORM\ORMException.php:144 Stack trace: #0 C:\Bitnami\wamp\apps\symfony\htdocs\vendor\doctrine\orm\lib\Doctrine\ORM\EntityManager.php(741): Doctrine} [] []
[2017-01-16 17:03:52] applog.INFO: 采集@湖南展会信息成功:11 [] []
[2017-01-16 17:03:52] applog.WARNING: 采集@湖南展会信息失败 [] []
[2017-01-16 17:03:52] applog.WARNING: 错误原因：{exception 'Doctrine\ORM\ORMException' with message 'The EntityManager is closed.' in C:\Bitnami\wamp\apps\symfony\htdocs\vendor\doctrine\orm\lib\Doctrine\ORM\ORMException.php:144 Stack trace: #0 C:\Bitnami\wamp\apps\symfony\htdocs\vendor\doctrine\orm\lib\Doctrine\ORM\EntityManager.php(741): Doctrine} [] []
[2017-01-16 17:03:55] applog.INFO: 采集@湖北展会信息成功:5 [] []
[2017-01-16 17:03:55] applog.WARNING: 采集@湖北展会信息失败 [] []
[2017-01-16 17:03:55] applog.WARNING: 错误原因：{exception 'Doctrine\ORM\ORMException' with message 'The EntityManager is closed.' in C:\Bitnami\wamp\apps\symfony\htdocs\vendor\doctrine\orm\lib\Doctrine\ORM\ORMException.php:144 Stack trace: #0 C:\Bitnami\wamp\apps\symfony\htdocs\vendor\doctrine\orm\lib\Doctrine\ORM\EntityManager.php(741): Doctrine} [] []
[2017-01-16 17:04:31] applog.INFO: 采集@河南展会信息成功:39 [] []
[2017-01-16 17:04:31] applog.WARNING: 采集@河南展会信息失败 [] []
[2017-01-16 17:04:31] applog.WARNING: 错误原因：{exception 'Doctrine\ORM\ORMException' with message 'The EntityManager is closed.' in C:\Bitnami\wamp\apps\symfony\htdocs\vendor\doctrine\orm\lib\Doctrine\ORM\ORMException.php:144 Stack trace: #0 C:\Bitnami\wamp\apps\symfony\htdocs\vendor\doctrine\orm\lib\Doctrine\ORM\EntityManager.php(741): Doctrine} [] []
[2017-01-16 17:04:32] applog.INFO: 采集@江西展会信息成功:1 [] []
[2017-01-16 17:04:32] applog.WARNING: 采集@江西展会信息失败 [] []
[2017-01-16 17:04:32] applog.WARNING: 错误原因：{exception 'Doctrine\ORM\ORMException' with message 'The EntityManager is closed.' in C:\Bitnami\wamp\apps\symfony\htdocs\vendor\doctrine\orm\lib\Doctrine\ORM\ORMException.php:144 Stack trace: #0 C:\Bitnami\wamp\apps\symfony\htdocs\vendor\doctrine\orm\lib\Doctrine\ORM\EntityManager.php(741): Doctrine} [] []
[2017-01-16 17:04:36] applog.INFO: 采集@辽宁展会信息成功:7 [] []
[2017-01-16 17:04:36] applog.WARNING: 采集@辽宁展会信息失败 [] []
[2017-01-16 17:04:36] applog.WARNING: 错误原因：{exception 'Doctrine\ORM\ORMException' with message 'The EntityManager is closed.' in C:\Bitnami\wamp\apps\symfony\htdocs\vendor\doctrine\orm\lib\Doctrine\ORM\ORMException.php:144 Stack trace: #0 C:\Bitnami\wamp\apps\symfony\htdocs\vendor\doctrine\orm\lib\Doctrine\ORM\EntityManager.php(741): Doctrine} [] []
[2017-01-16 17:04:37] applog.INFO: 采集@吉林展会信息成功:3 [] []
[2017-01-16 17:04:37] applog.WARNING: 采集@吉林展会信息失败 [] []
[2017-01-16 17:04:37] applog.WARNING: 错误原因：{exception 'Doctrine\ORM\ORMException' with message 'The EntityManager is closed.' in C:\Bitnami\wamp\apps\symfony\htdocs\vendor\doctrine\orm\lib\Doctrine\ORM\ORMException.php:144 Stack trace: #0 C:\Bitnami\wamp\apps\symfony\htdocs\vendor\doctrine\orm\lib\Doctrine\ORM\EntityManager.php(741): Doctrine} [] []
[2017-01-16 17:04:47] applog.INFO: 采集@黑龙江展会信息成功:21 [] []
[2017-01-16 17:04:47] applog.WARNING: 采集@黑龙江展会信息失败 [] []
[2017-01-16 17:04:47] applog.WARNING: 错误原因：{exception 'Doctrine\ORM\ORMException' with message 'The EntityManager is closed.' in C:\Bitnami\wamp\apps\symfony\htdocs\vendor\doctrine\orm\lib\Doctrine\ORM\ORMException.php:144 Stack trace: #0 C:\Bitnami\wamp\apps\symfony\htdocs\vendor\doctrine\orm\lib\Doctrine\ORM\EntityManager.php(741): Doctrine} [] []
[2017-01-16 17:04:49] applog.INFO: 采集@香港展会信息成功:3 [] []
[2017-01-16 17:04:49] applog.WARNING: 采集@香港展会信息失败 [] []
[2017-01-16 17:04:49] applog.WARNING: 错误原因：{exception 'Doctrine\ORM\ORMException' with message 'The EntityManager is closed.' in C:\Bitnami\wamp\apps\symfony\htdocs\vendor\doctrine\orm\lib\Doctrine\ORM\ORMException.php:144 Stack trace: #0 C:\Bitnami\wamp\apps\symfony\htdocs\vendor\doctrine\orm\lib\Doctrine\ORM\EntityManager.php(741): Doctrine} [] []
[2017-01-16 17:04:50] applog.INFO: 采集@澳门展会信息成功:1 [] []
[2017-01-16 17:04:50] applog.WARNING: 采集@澳门展会信息失败 [] []
[2017-01-16 17:04:50] applog.WARNING: 错误原因：{exception 'Doctrine\ORM\ORMException' with message 'The EntityManager is closed.' in C:\Bitnami\wamp\apps\symfony\htdocs\vendor\doctrine\orm\lib\Doctrine\ORM\ORMException.php:144 Stack trace: #0 C:\Bitnami\wamp\apps\symfony\htdocs\vendor\doctrine\orm\lib\Doctrine\ORM\EntityManager.php(741): Doctrine} [] []
[2017-01-16 17:04:51] applog.INFO: 采集@台湾展会信息成功:1 [] []
[2017-01-16 17:04:51] applog.WARNING: 采集@台湾展会信息失败 [] []
[2017-01-16 17:04:51] applog.WARNING: 错误原因：{exception 'Doctrine\ORM\ORMException' with message 'The EntityManager is closed.' in C:\Bitnami\wamp\apps\symfony\htdocs\vendor\doctrine\orm\lib\Doctrine\ORM\ORMException.php:144 Stack trace: #0 C:\Bitnami\wamp\apps\symfony\htdocs\vendor\doctrine\orm\lib\Doctrine\ORM\EntityManager.php(741): Doctrine} [] []
[2017-01-16 17:04:51] applog.INFO: 采集信息结束 [] []
[2017-01-16 17:06:56] applog.INFO: 开始查询渠道列表 [] []
[2017-01-16 17:06:57] applog.INFO: 查询渠道列表结束 [] []
[2017-01-16 17:06:57] applog.INFO: 开始采集信息 [] []
[2017-01-16 17:06:58] applog.INFO: 采集@日本展会信息成功:0 [] []
[2017-01-16 17:07:00] applog.INFO: 采集@迪拜展会信息成功:0 [] []
[2017-01-16 17:07:01] applog.INFO: 采集@印度展会信息成功:0 [] []
[2017-01-16 17:07:02] applog.INFO: 采集@韩国展会信息成功:0 [] []
[2017-01-16 17:07:03] applog.INFO: 采集@泰国展会信息成功:0 [] []
[2017-01-16 17:07:05] applog.INFO: 采集@土耳其展会信息成功:0 [] []
[2017-01-16 17:07:06] applog.INFO: 采集@伊朗展会信息成功:0 [] []
[2017-01-16 17:07:07] applog.INFO: 采集@越南展会信息成功:0 [] []
[2017-01-16 17:07:09] applog.INFO: 采集@新加坡展会信息成功:0 [] []
[2017-01-16 17:07:10] applog.INFO: 采集@哥伦比亚展会信息成功:0 [] []
[2017-01-16 17:07:11] applog.INFO: 采集@巴西展会信息成功:0 [] []
[2017-01-16 17:07:12] applog.INFO: 采集@智利展会信息成功:0 [] []
[2017-01-16 17:07:14] applog.INFO: 采集@阿根廷展会信息成功:0 [] []
[2017-01-16 17:07:15] applog.INFO: 采集@美国展会信息成功:0 [] []
[2017-01-16 17:07:16] applog.INFO: 采集@加拿大展会信息成功:0 [] []
[2017-01-16 17:07:18] applog.INFO: 采集@墨西哥展会信息成功:0 [] []
[2017-01-16 17:07:19] applog.INFO: 采集@德国展会信息成功:0 [] []
[2017-01-16 17:07:21] applog.INFO: 采集@英国展会信息成功:0 [] []
[2017-01-16 17:07:22] applog.INFO: 采集@俄罗斯展会信息成功:0 [] []
[2017-01-16 17:07:24] applog.INFO: 采集@法国展会信息成功:0 [] []
[2017-01-16 17:07:25] applog.INFO: 采集@意大利展会信息成功:0 [] []
[2017-01-16 17:07:26] applog.INFO: 采集@波兰展会信息成功:0 [] []
[2017-01-16 17:07:28] applog.INFO: 采集@澳大利亚展会信息成功:0 [] []
[2017-01-16 17:07:29] applog.INFO: 采集@埃及展会信息成功:0 [] []
[2017-01-16 17:07:30] applog.INFO: 采集@伊拉克展会信息成功:0 [] []
[2017-01-16 17:07:32] applog.INFO: 采集@科威特展会信息成功:0 [] []
[2017-01-16 17:07:37] applog.INFO: 采集@卡塔尔展会信息成功:11 [] []
[2017-01-16 17:07:49] applog.INFO: 采集@沙特展会信息成功:22 [] []
[2017-01-16 17:07:55] applog.INFO: 采集@叙利亚展会信息成功:4 [] []
[2017-01-16 17:08:58] applog.INFO: 采集@阿联酋展会信息成功:146 [] []
[2017-01-16 17:11:21] applog.INFO: 采集@上海展会信息成功:243 [] []
[2017-01-16 17:12:01] applog.INFO: 采集@浙江展会信息成功:8 [] []
[2017-01-16 17:12:22] applog.INFO: 采集@江苏展会信息成功:39 [] []
[2017-01-16 17:12:34] applog.INFO: 采集@安徽展会信息成功:10 [] []
[2017-01-16 17:13:04] applog.INFO: 采集@山东展会信息成功:52 [] []
[2017-01-16 17:13:16] applog.INFO: 采集@福建展会信息成功:3 [] []
[2017-01-16 17:16:17] applog.INFO: 采集@北京展会信息成功:354 [] []
[2017-01-16 17:17:23] applog.INFO: 采集@河北展会信息成功:14 [] []
[2017-01-16 17:17:40] applog.INFO: 采集@天津展会信息成功:28 [] []
[2017-01-16 17:17:59] applog.INFO: 采集@山西展会信息成功:26 [] []
[2017-01-16 17:18:14] applog.INFO: 采集@内蒙古展会信息成功:19 [] []
[2017-01-16 17:18:28] applog.INFO: 采集@云南展会信息成功:19 [] []
[2017-01-16 17:18:52] applog.INFO: 采集@四川展会信息成功:38 [] []
[2017-01-16 17:19:09] applog.INFO: 采集@重庆展会信息成功:17 [] []
[2017-01-16 17:19:18] applog.INFO: 采集@贵州展会信息成功:9 [] []
[2017-01-16 17:19:23] applog.INFO: 采集@西藏展会信息成功:0 [] []
[2017-01-16 17:19:48] applog.INFO: 采集@陕西展会信息成功:43 [] []
[2017-01-16 17:20:00] applog.INFO: 采集@甘肃展会信息成功:6 [] []
[2017-01-16 17:20:07] applog.INFO: 采集@宁夏展会信息成功:7 [] []
[2017-01-16 17:20:17] applog.INFO: 采集@新疆展会信息成功:16 [] []
[2017-01-16 17:20:23] applog.INFO: 采集@青海展会信息成功:1 [] []
[2017-01-16 17:21:14] applog.INFO: 采集@广东展会信息成功:103 [] []
[2017-01-16 17:21:36] applog.INFO: 采集@广西展会信息成功:12 [] []
[2017-01-16 17:21:42] applog.INFO: 采集@海南展会信息成功:1 [] []
[2017-01-16 17:21:50] applog.INFO: 采集@湖南展会信息成功:11 [] []
[2017-01-16 17:21:56] applog.INFO: 采集@湖北展会信息成功:5 [] []
[2017-01-16 17:22:19] applog.INFO: 采集@河南展会信息成功:39 [] []
[2017-01-16 17:22:28] applog.INFO: 采集@江西展会信息成功:1 [] []
[2017-01-16 17:22:34] applog.INFO: 采集@辽宁展会信息成功:7 [] []
[2017-01-16 17:22:39] applog.INFO: 采集@吉林展会信息成功:3 [] []
[2017-01-16 17:22:53] applog.INFO: 采集@黑龙江展会信息成功:21 [] []
[2017-01-16 17:23:01] applog.INFO: 采集@香港展会信息成功:3 [] []
[2017-01-16 17:23:04] applog.INFO: 采集@澳门展会信息成功:1 [] []
[2017-01-16 17:23:08] applog.INFO: 采集@台湾展会信息成功:1 [] []
[2017-01-16 17:23:10] applog.INFO: 采集信息结束 [] []
