[2017-01-16 11:38:54] applog.INFO: 进入pushEzhan。。开始推送展会信息 [] []
[2017-01-16 11:40:18] applog.NOTICE: http://wp.pecans.cn/api.php:推送结果------------------{"status":0,"res":{"id":"","msg":"The title already exists"}} [] []
[2017-01-16 11:40:39] applog.INFO: 进入pushEzhan。。开始推送展会信息 [] []
[2017-01-16 11:42:18] applog.NOTICE: http://wp.pecans.cn/api.php:推送结果------------------{"status":0,"res":{"id":"","msg":"The title already exists"}} [] []
[2017-01-16 11:44:27] applog.INFO: 进入pushEzhan。。开始推送展会信息 [] []
[2017-01-16 11:47:25] applog.NOTICE: http://wp.pecans.cn/api.php:推送结果------------------{"status":0,"res":{"id":"","msg":"The title already exists"}} [] []
[2017-01-16 11:48:42] applog.INFO: 进入pushEzhan。。开始推送展会信息 [] []
[2017-01-16 11:49:46] applog.NOTICE: http://wp.pecans.cn/api.php:推送结果------------------{"status":0,"res":{"id":"","msg":"The title already exists"}} [] []
[2017-01-16 11:53:58] applog.INFO: 进入pushEzhan。。开始推送展会信息 [] []
[2017-01-16 11:54:43] applog.NOTICE: http://wp.pecans.cn/api.php:推送结果------------------{"status":0,"res":{"id":"","msg":"Data validation failed(121)"}} [] []
[2017-01-16 11:56:04] applog.INFO: 进入pushEzhan。。开始推送展会信息 [] []
[2017-01-16 11:58:27] applog.NOTICE: http://wp.pecans.cn/api.php:推送结果------------------{"status":0,"res":{"id":"","msg":"Data validation failed(121)"}} [] []
[2017-01-16 12:00:04] applog.INFO: 进入pushEzhan。。开始推送展会信息 [] []
[2017-01-16 12:00:47] applog.NOTICE: http://wp.pecans.cn/api.php:推送结果------------------Warning:  Illegal string offset 'id' in /mdata/wordpress/api.php on line 127 {"status":0,"res":{"id":"{","msg":"The title already exists"}} [] []
[2017-01-16 12:10:02] applog.INFO: 进入pushEzhan。。开始推送展会信息 [] []
[2017-01-16 12:10:46] applog.NOTICE: http://wp.pecans.cn/api.php:推送结果------------------{"status":1,"res":{"id":95834,"msg":"The article was submitted successfully"}} [] []
[2017-01-16 12:14:10] applog.INFO: 进入pushEzhan。。开始推送展会信息 [] []
[2017-01-16 12:14:56] applog.NOTICE: http://wp.pecans.cn/api.php:推送结果------------------{"status":1,"res":{"id":95834,"msg":"The article was submitted successfully"}} [] []
[2017-01-16 12:22:55] applog.INFO: 进入pushEzhan。。开始推送展会信息 [] []
[2017-01-16 12:23:25] applog.NOTICE: http://wp.pecans.cn/api.php:推送结果------------------{"status":1,"res":{"id":95834,"msg":"The article was submitted successfully"}} [] []
[2017-01-16 12:24:40] applog.INFO: 进入pushEzhan。。开始推送展会信息 [] []
[2017-01-16 12:25:09] applog.NOTICE: http://wp.pecans.cn/api.php:推送结果------------------{"status":1,"res":{"id":95834,"msg":"The article was submitted successfully"}} [] []
[2017-01-16 12:26:37] applog.INFO: 进入pushEzhan。。开始推送展会信息 [] []
[2017-01-16 12:27:58] applog.INFO: 进入pushEzhan。。开始推送展会信息 [] []
[2017-01-16 12:30:11] applog.INFO: 进入pushEzhan。。开始推送展会信息 [] []
[2017-01-16 12:37:09] applog.INFO: 进入pushEzhan。。开始推送展会信息 [] []
[2017-01-16 12:40:08] applog.INFO: 进入pushEzhan。。开始推送展会信息 [] []
[2017-01-16 12:41:31] applog.INFO: 进入pushEzhan。。开始推送展会信息 [] []
[2017-01-16 12:42:01] applog.NOTICE: http://wp.pecans.cn/api.php:推送结果------------------{"status":1,"res":{"id":95834,"msg":"The article was submitted successfully"}} [] []
[2017-01-16 12:42:05] applog.NOTICE: http://wp.pecans.cn/api.php:推送结果------------------{"status":1,"res":{"id":95833,"msg":"The article was submitted successfully"}} [] []
[2017-01-16 12:42:10] applog.NOTICE: http://wp.pecans.cn/api.php:推送结果------------------{"status":1,"res":{"id":95832,"msg":"The article was submitted successfully"}} [] []
[2017-01-16 12:42:14] applog.NOTICE: http://wp.pecans.cn/api.php:推送结果------------------{"status":1,"res":{"id":95831,"msg":"The article was submitted successfully"}} [] []
[2017-01-16 12:42:19] applog.NOTICE: http://wp.pecans.cn/api.php:推送结果------------------{"status":1,"res":{"id":95830,"msg":"The article was submitted successfully"}} [] []
[2017-01-16 12:42:23] applog.NOTICE: http://wp.pecans.cn/api.php:推送结果------------------{"status":1,"res":{"id":95829,"msg":"The article was submitted successfully"}} [] []
[2017-01-16 12:42:27] applog.NOTICE: http://wp.pecans.cn/api.php:推送结果------------------{"status":1,"res":{"id":95828,"msg":"The article was submitted successfully"}} [] []
[2017-01-16 12:42:32] applog.NOTICE: http://wp.pecans.cn/api.php:推送结果------------------{"status":1,"res":{"id":95827,"msg":"The article was submitted successfully"}} [] []
[2017-01-16 12:42:36] applog.NOTICE: http://wp.pecans.cn/api.php:推送结果------------------{"status":1,"res":{"id":95826,"msg":"The article was submitted successfully"}} [] []
[2017-01-16 12:42:40] applog.NOTICE: http://wp.pecans.cn/api.php:推送结果------------------{"status":1,"res":{"id":95825,"msg":"The article was submitted successfully"}} [] []
[2017-01-16 12:42:44] applog.NOTICE: http://wp.pecans.cn/api.php:推送结果------------------{"status":1,"res":{"id":95824,"msg":"The article was submitted successfully"}} [] []
[2017-01-16 12:42:49] applog.NOTICE: http://wp.pecans.cn/api.php:推送结果------------------{"status":1,"res":{"id":95823,"msg":"The article was submitted successfully"}} [] []
[2017-01-16 12:42:52] applog.NOTICE: http://wp.pecans.cn/api.php:推送结果------------------{"status":1,"res":{"id":95822,"msg":"The article was submitted successfully"}} [] []
[2017-01-16 12:42:57] applog.NOTICE: http://wp.pecans.cn/api.php:推送结果------------------{"status":1,"res":{"id":95821,"msg":"The article was submitted successfully"}} [] []
[2017-01-16 12:43:01] applog.NOTICE: http://wp.pecans.cn/api.php:推送结果------------------{"status":1,"res":{"id":95820,"msg":"The article was submitted successfully"}} [] []
[2017-01-16 12:43:05] applog.NOTICE: http://wp.pecans.cn/api.php:推送结果------------------{"status":1,"res":{"id":95819,"msg":"The article was submitted successfully"}} [] []
[2017-01-16 12:43:10] applog.NOTICE: http://wp.pecans.cn/api.php:推送结果------------------{"status":1,"res":{"id":95818,"msg":"The article was submitted successfully"}} [] []
[2017-01-16 12:43:13] applog.NOTICE: http://wp.pecans.cn/api.php:推送结果------------------{"status":1,"res":{"id":95817,"msg":"The article was submitted successfully"}} [] []
[2017-01-16 12:43:17] applog.NOTICE: http://wp.pecans.cn/api.php:推送结果------------------{"status":1,"res":{"id":95816,"msg":"The article was submitted successfully"}} [] []
[2017-01-16 12:43:21] applog.NOTICE: http://wp.pecans.cn/api.php:推送结果------------------{"status":1,"res":{"id":95815,"msg":"The article was submitted successfully"}} [] []
[2017-01-16 12:43:25] applog.NOTICE: http://wp.pecans.cn/api.php:推送结果------------------{"status":1,"res":{"id":95814,"msg":"The article was submitted successfully"}} [] []
[2017-01-16 12:43:30] applog.NOTICE: http://wp.pecans.cn/api.php:推送结果------------------{"status":1,"res":{"id":95813,"msg":"The article was submitted successfully"}} [] []
[2017-01-16 12:43:34] applog.NOTICE: http://wp.pecans.cn/api.php:推送结果------------------{"status":1,"res":{"id":95812,"msg":"The article was submitted successfully"}} [] []
[2017-01-16 12:43:38] applog.NOTICE: http://wp.pecans.cn/api.php:推送结果------------------{"status":1,"res":{"id":95811,"msg":"The article was submitted successfully"}} [] []
[2017-01-16 12:43:42] applog.NOTICE: http://wp.pecans.cn/api.php:推送结果------------------{"status":1,"res":{"id":95810,"msg":"The article was submitted successfully"}} [] []
[2017-01-16 12:43:46] applog.NOTICE: http://wp.pecans.cn/api.php:推送结果------------------{"status":1,"res":{"id":95809,"msg":"The article was submitted successfully"}} [] []
[2017-01-16 12:43:50] applog.NOTICE: http://wp.pecans.cn/api.php:推送结果------------------{"status":1,"res":{"id":95808,"msg":"The article was submitted successfully"}} [] []
[2017-01-16 12:43:54] applog.NOTICE: http://wp.pecans.cn/api.php:推送结果------------------{"status":1,"res":{"id":95807,"msg":"The article was submitted successfully"}} [] []
[2017-01-16 12:43:58] applog.NOTICE: http://wp.pecans.cn/api.php:推送结果------------------{"status":1,"res":{"id":95806,"msg":"The article was submitted successfully"}} [] []
[2017-01-16 12:44:02] applog.NOTICE: http://wp.pecans.cn/api.php:推送结果------------------{"status":1,"res":{"id":95805,"msg":"The article was submitted successfully"}} [] []
[2017-01-16 12:44:06] applog.NOTICE: http://wp.pecans.cn/api.php:推送结果------------------{"status":1,"res":{"id":95804,"msg":"The article was submitted successfully"}} [] []
[2017-01-16 12:44:10] applog.NOTICE: http://wp.pecans.cn/api.php:推送结果------------------{"status":1,"res":{"id":95803,"msg":"The article was submitted successfully"}} [] []
[2017-01-16 12:44:15] applog.NOTICE: http://wp.pecans.cn/api.php:推送结果------------------{"status":1,"res":{"id":95802,"msg":"The article was submitted successfully"}} [] []
[2017-01-16 12:44:20] applog.NOTICE: http://wp.pecans.cn/api.php:推送结果------------------{"status":1,"res":{"id":95801,"msg":"The article was submitted successfully"}} [] []
[2017-01-16 12:44:24] applog.NOTICE: http://wp.pecans.cn/api.php:推送结果------------------{"status":1,"res":{"id":95800,"msg":"The article was submitted successfully"}} [] []
[2017-01-16 12:44:28] applog.NOTICE: http://wp.pecans.cn/api.php:推送结果------------------{"status":1,"res":{"id":95799,"msg":"The article was submitted successfully"}} [] []
[2017-01-16 12:44:33] applog.NOTICE: http://wp.pecans.cn/api.php:推送结果------------------{"status":1,"res":{"id":95798,"msg":"The article was submitted successfully"}} [] []
[2017-01-16 12:44:37] applog.NOTICE: http://wp.pecans.cn/api.php:推送结果------------------{"status":1,"res":{"id":95797,"msg":"The article was submitted successfully"}} [] []
[2017-01-16 12:44:41] applog.NOTICE: http://wp.pecans.cn/api.php:推送结果------------------{"status":1,"res":{"id":95796,"msg":"The article was submitted successfully"}} [] []
[2017-01-16 12:44:46] applog.NOTICE: http://wp.pecans.cn/api.php:推送结果------------------{"status":1,"res":{"id":95795,"msg":"The article was submitted successfully"}} [] []
[2017-01-16 12:44:50] applog.NOTICE: http://wp.pecans.cn/api.php:推送结果------------------{"status":1,"res":{"id":95794,"msg":"The article was submitted successfully"}} [] []
[2017-01-16 12:44:54] applog.NOTICE: http://wp.pecans.cn/api.php:推送结果------------------{"status":1,"res":{"id":95793,"msg":"The article was submitted successfully"}} [] []
[2017-01-16 12:44:58] applog.NOTICE: http://wp.pecans.cn/api.php:推送结果------------------{"status":1,"res":{"id":95792,"msg":"The article was submitted successfully"}} [] []
[2017-01-16 12:45:02] applog.NOTICE: http://wp.pecans.cn/api.php:推送结果------------------{"status":1,"res":{"id":95791,"msg":"The article was submitted successfully"}} [] []
[2017-01-16 12:45:06] applog.NOTICE: http://wp.pecans.cn/api.php:推送结果------------------{"status":1,"res":{"id":95790,"msg":"The article was submitted successfully"}} [] []
[2017-01-16 12:45:11] applog.NOTICE: http://wp.pecans.cn/api.php:推送结果------------------{"status":1,"res":{"id":95789,"msg":"The article was submitted successfully"}} [] []
[2017-01-16 12:45:15] applog.NOTICE: http://wp.pecans.cn/api.php:推送结果------------------{"status":1,"res":{"id":95788,"msg":"The article was submitted successfully"}} [] []
[2017-01-16 17:27:12] applog.INFO: 进入pushEzhan。。开始推送展会信息 [] []
[2017-01-16 17:27:46] applog.NOTICE: http://wp.pecans.cn/api.php:推送结果------------------{"status":1,"res":{"id":101349,"msg":"The article was submitted successfully"}} [] []
[2017-01-16 17:27:51] applog.NOTICE: http://wp.pecans.cn/api.php:推送结果------------------{"status":1,"res":{"id":101348,"msg":"The article was submitted successfully"}} [] []
[2017-01-16 17:27:56] applog.NOTICE: http://wp.pecans.cn/api.php:推送结果------------------{"status":1,"res":{"id":101347,"msg":"The article was submitted successfully"}} [] []
[2017-01-16 17:28:00] applog.NOTICE: http://wp.pecans.cn/api.php:推送结果------------------{"status":1,"res":{"id":101346,"msg":"The article was submitted successfully"}} [] []
[2017-01-16 17:28:05] applog.NOTICE: http://wp.pecans.cn/api.php:推送结果------------------{"status":1,"res":{"id":101345,"msg":"The article was submitted successfully"}} [] []
[2017-01-16 17:28:10] applog.NOTICE: http://wp.pecans.cn/api.php:推送结果------------------{"status":1,"res":{"id":101344,"msg":"The article was submitted successfully"}} [] []
[2017-01-16 17:28:14] applog.NOTICE: http://wp.pecans.cn/api.php:推送结果------------------{"status":1,"res":{"id":101343,"msg":"The article was submitted successfully"}} [] []
[2017-01-16 17:28:19] applog.NOTICE: http://wp.pecans.cn/api.php:推送结果------------------{"status":1,"res":{"id":101342,"msg":"The article was submitted successfully"}} [] []
[2017-01-16 17:28:24] applog.NOTICE: http://wp.pecans.cn/api.php:推送结果------------------{"status":1,"res":{"id":101341,"msg":"The article was submitted successfully"}} [] []
[2017-01-16 17:28:29] applog.NOTICE: http://wp.pecans.cn/api.php:推送结果------------------{"status":1,"res":{"id":101340,"msg":"The article was submitted successfully"}} [] []
[2017-01-16 17:28:33] applog.NOTICE: http://wp.pecans.cn/api.php:推送结果------------------{"status":1,"res":{"id":101339,"msg":"The article was submitted successfully"}} [] []
[2017-01-16 17:28:38] applog.NOTICE: http://wp.pecans.cn/api.php:推送结果------------------{"status":1,"res":{"id":101338,"msg":"The article was submitted successfully"}} [] []
[2017-01-16 17:28:42] applog.NOTICE: http://wp.pecans.cn/api.php:推送结果------------------{"status":1,"res":{"id":101337,"msg":"The article was submitted successfully"}} [] []
[2017-01-16 17:28:46] applog.NOTICE: http://wp.pecans.cn/api.php:推送结果------------------{"status":1,"res":{"id":101336,"msg":"The article was submitted successfully"}} [] []
[2017-01-16 17:28:51] applog.NOTICE: http://wp.pecans.cn/api.php:推送结果------------------{"status":1,"res":{"id":101335,"msg":"The article was submitted successfully"}} [] []
[2017-01-16 17:28:55] applog.NOTICE: http://wp.pecans.cn/api.php:推送结果------------------{"status":1,"res":{"id":101334,"msg":"The article was submitted successfully"}} [] []
[2017-01-16 17:29:00] applog.NOTICE: http://wp.pecans.cn/api.php:推送结果------------------{"status":1,"res":{"id":101333,"msg":"The article was submitted successfully"}} [] []
[2017-01-16 17:29:05] applog.NOTICE: http://wp.pecans.cn/api.php:推送结果------------------{"status":1,"res":{"id":101332,"msg":"The article was submitted successfully"}} [] []
[2017-01-16 17:29:09] applog.NOTICE: http://wp.pecans.cn/api.php:推送结果------------------{"status":1,"res":{"id":101331,"msg":"The article was submitted successfully"}} [] []
[2017-01-16 17:29:13] applog.NOTICE: http://wp.pecans.cn/api.php:推送结果------------------{"status":1,"res":{"id":101330,"msg":"The article was submitted successfully"}} [] []
[2017-01-16 17:29:17] applog.NOTICE: http://wp.pecans.cn/api.php:推送结果------------------{"status":1,"res":{"id":101329,"msg":"The article was submitted successfully"}} [] []
[2017-01-16 17:29:22] applog.NOTICE: http://wp.pecans.cn/api.php:推送结果------------------{"status":1,"res":{"id":101328,"msg":"The article was submitted successfully"}} [] []
[2017-01-16 17:29:26] applog.NOTICE: http://wp.pecans.cn/api.php:推送结果------------------{"status":1,"res":{"id":101327,"msg":"The article was submitted successfully"}} [] []
[2017-01-16 17:29:31] applog.NOTICE: http://wp.pecans.cn/api.php:推送结果------------------{"status":1,"res":{"id":101326,"msg":"The article was submitted successfully"}} [] []
[2017-01-16 17:29:35] applog.NOTICE: http://wp.pecans.cn/api.php:推送结果------------------{"status":1,"res":{"id":101325,"msg":"The article was submitted successfully"}} [] []
[2017-01-16 17:29:39] applog.NOTICE: http://wp.pecans.cn/api.php:推送结果------------------{"status":1,"res":{"id":101324,"msg":"The article was submitted successfully"}} [] []
[2017-01-16 17:29:44] applog.NOTICE: http://wp.pecans.cn/api.php:推送结果------------------{"status":1,"res":{"id":101323,"msg":"The article was submitted successfully"}} [] []
[2017-01-16 17:29:48] applog.NOTICE: http://wp.pecans.cn/api.php:推送结果------------------{"status":1,"res":{"id":101322,"msg":"The article was submitted successfully"}} [] []
[2017-01-16 17:29:53] applog.NOTICE: http://wp.pecans.cn/api.php:推送结果------------------{"status":1,"res":{"id":101321,"msg":"The article was submitted successfully"}} [] []
[2017-01-16 17:29:57] applog.NOTICE: http://wp.pecans.cn/api.php:推送结果------------------{"status":1,"res":{"id":101320,"msg":"The article was submitted successfully"}} [] []
[2017-01-16 17:30:01] applog.NOTICE: http://wp.pecans.cn/api.php:推送结果------------------{"status":1,"res":{"id":101319,"msg":"The article was submitted successfully"}} [] []
[2017-01-16 17:30:06] applog.NOTICE: http://wp.pecans.cn/api.php:推送结果------------------{"status":1,"res":{"id":101318,"msg":"The article was submitted successfully"}} [] []
[2017-01-16 17:30:10] applog.NOTICE: http://wp.pecans.cn/api.php:推送结果------------------{"status":1,"res":{"id":101317,"msg":"The article was submitted successfully"}} [] []
[2017-01-16 17:30:15] applog.NOTICE: http://wp.pecans.cn/api.php:推送结果------------------{"status":1,"res":{"id":101316,"msg":"The article was submitted successfully"}} [] []
[2017-01-16 17:30:19] applog.NOTICE: http://wp.pecans.cn/api.php:推送结果------------------{"status":1,"res":{"id":101315,"msg":"The article was submitted successfully"}} [] []
[2017-01-16 17:30:24] applog.NOTICE: http://wp.pecans.cn/api.php:推送结果------------------{"status":1,"res":{"id":101314,"msg":"The article was submitted successfully"}} [] []
[2017-01-16 17:30:28] applog.NOTICE: http://wp.pecans.cn/api.php:推送结果------------------{"status":1,"res":{"id":101313,"msg":"The article was submitted successfully"}} [] []
[2017-01-16 17:30:33] applog.NOTICE: http://wp.pecans.cn/api.php:推送结果------------------{"status":1,"res":{"id":101312,"msg":"The article was submitted successfully"}} [] []
[2017-01-16 17:30:38] applog.NOTICE: http://wp.pecans.cn/api.php:推送结果------------------{"status":1,"res":{"id":101311,"msg":"The article was submitted successfully"}} [] []
[2017-01-16 17:30:43] applog.NOTICE: http://wp.pecans.cn/api.php:推送结果------------------{"status":1,"res":{"id":101310,"msg":"The article was submitted successfully"}} [] []
[2017-01-16 17:30:47] applog.NOTICE: http://wp.pecans.cn/api.php:推送结果------------------{"status":1,"res":{"id":101309,"msg":"The article was submitted successfully"}} [] []
[2017-01-16 17:30:52] applog.NOTICE: http://wp.pecans.cn/api.php:推送结果------------------{"status":1,"res":{"id":101308,"msg":"The article was submitted successfully"}} [] []
[2017-01-16 17:30:56] applog.NOTICE: http://wp.pecans.cn/api.php:推送结果------------------{"status":1,"res":{"id":101307,"msg":"The article was submitted successfully"}} [] []
[2017-01-16 17:31:01] applog.NOTICE: http://wp.pecans.cn/api.php:推送结果------------------{"status":1,"res":{"id":101306,"msg":"The article was submitted successfully"}} [] []
[2017-01-16 17:31:05] applog.NOTICE: http://wp.pecans.cn/api.php:推送结果------------------{"status":1,"res":{"id":101305,"msg":"The article was submitted successfully"}} [] []
[2017-01-16 17:31:10] applog.NOTICE: http://wp.pecans.cn/api.php:推送结果------------------{"status":1,"res":{"id":101304,"msg":"The article was submitted successfully"}} [] []
[2017-01-16 17:31:15] applog.NOTICE: http://wp.pecans.cn/api.php:推送结果------------------{"status":1,"res":{"id":101303,"msg":"The article was submitted successfully"}} [] []
[2017-01-16 17:31:20] applog.NOTICE: http://wp.pecans.cn/api.php:推送结果------------------{"status":1,"res":{"id":101302,"msg":"The article was submitted successfully"}} [] []
[2017-01-16 17:31:24] applog.NOTICE: http://wp.pecans.cn/api.php:推送结果------------------{"status":1,"res":{"id":101301,"msg":"The article was submitted successfully"}} [] []
[2017-01-16 17:31:28] applog.NOTICE: http://wp.pecans.cn/api.php:推送结果------------------{"status":1,"res":{"id":101300,"msg":"The article was submitted successfully"}} [] []
[2017-01-16 17:31:33] applog.NOTICE: http://wp.pecans.cn/api.php:推送结果------------------{"status":1,"res":{"id":101299,"msg":"The article was submitted successfully"}} [] []
[2017-01-16 17:31:37] applog.NOTICE: http://wp.pecans.cn/api.php:推送结果------------------{"status":1,"res":{"id":101298,"msg":"The article was submitted successfully"}} [] []
[2017-01-16 17:31:41] applog.NOTICE: http://wp.pecans.cn/api.php:推送结果------------------{"status":1,"res":{"id":101297,"msg":"The article was submitted successfully"}} [] []
[2017-01-16 17:31:46] applog.NOTICE: http://wp.pecans.cn/api.php:推送结果------------------{"status":1,"res":{"id":101296,"msg":"The article was submitted successfully"}} [] []
[2017-01-16 17:31:51] applog.NOTICE: http://wp.pecans.cn/api.php:推送结果------------------{"status":1,"res":{"id":101295,"msg":"The article was submitted successfully"}} [] []
[2017-01-16 17:31:57] applog.NOTICE: http://wp.pecans.cn/api.php:推送结果------------------{"status":1,"res":{"id":101294,"msg":"The article was submitted successfully"}} [] []
[2017-01-16 17:32:01] applog.NOTICE: http://wp.pecans.cn/api.php:推送结果------------------{"status":1,"res":{"id":101293,"msg":"The article was submitted successfully"}} [] []
[2017-01-16 17:32:06] applog.NOTICE: http://wp.pecans.cn/api.php:推送结果------------------{"status":1,"res":{"id":101292,"msg":"The article was submitted successfully"}} [] []
[2017-01-16 17:32:10] applog.NOTICE: http://wp.pecans.cn/api.php:推送结果------------------{"status":1,"res":{"id":101291,"msg":"The article was submitted successfully"}} [] []
[2017-01-16 17:32:14] applog.NOTICE: http://wp.pecans.cn/api.php:推送结果------------------{"status":1,"res":{"id":101290,"msg":"The article was submitted successfully"}} [] []
[2017-01-16 17:32:18] applog.NOTICE: http://wp.pecans.cn/api.php:推送结果------------------{"status":1,"res":{"id":101289,"msg":"The article was submitted successfully"}} [] []
[2017-01-16 17:32:23] applog.NOTICE: http://wp.pecans.cn/api.php:推送结果------------------{"status":1,"res":{"id":101288,"msg":"The article was submitted successfully"}} [] []
[2017-01-16 17:32:29] applog.NOTICE: http://wp.pecans.cn/api.php:推送结果------------------{"status":1,"res":{"id":101287,"msg":"The article was submitted successfully"}} [] []
[2017-01-16 17:32:34] applog.NOTICE: http://wp.pecans.cn/api.php:推送结果------------------{"status":1,"res":{"id":101286,"msg":"The article was submitted successfully"}} [] []
[2017-01-16 17:32:38] applog.NOTICE: http://wp.pecans.cn/api.php:推送结果------------------{"status":1,"res":{"id":101285,"msg":"The article was submitted successfully"}} [] []
[2017-01-16 17:32:43] applog.NOTICE: http://wp.pecans.cn/api.php:推送结果------------------{"status":1,"res":{"id":101284,"msg":"The article was submitted successfully"}} [] []
[2017-01-16 17:32:48] applog.NOTICE: http://wp.pecans.cn/api.php:推送结果------------------{"status":1,"res":{"id":101283,"msg":"The article was submitted successfully"}} [] []
[2017-01-16 17:32:52] applog.NOTICE: http://wp.pecans.cn/api.php:推送结果------------------{"status":1,"res":{"id":101282,"msg":"The article was submitted successfully"}} [] []
[2017-01-16 17:32:57] applog.NOTICE: http://wp.pecans.cn/api.php:推送结果------------------{"status":1,"res":{"id":101281,"msg":"The article was submitted successfully"}} [] []
[2017-01-16 17:33:02] applog.NOTICE: http://wp.pecans.cn/api.php:推送结果------------------{"status":1,"res":{"id":101280,"msg":"The article was submitted successfully"}} [] []
[2017-01-16 17:33:06] applog.NOTICE: http://wp.pecans.cn/api.php:推送结果------------------{"status":1,"res":{"id":101279,"msg":"The article was submitted successfully"}} [] []
[2017-01-16 17:36:09] applog.INFO: 进入pushEzhan。。开始推送展会信息 [] []
[2017-01-16 17:36:42] applog.NOTICE: http://wp.pecans.cn/api.php:推送结果------------------{"status":1,"res":{"id":101279,"msg":"The article was submitted successfully"}} [] []
[2017-01-16 17:36:46] applog.NOTICE: http://wp.pecans.cn/api.php:推送结果------------------{"status":1,"res":{"id":101278,"msg":"The article was submitted successfully"}} [] []
[2017-01-16 17:36:50] applog.NOTICE: http://wp.pecans.cn/api.php:推送结果------------------{"status":1,"res":{"id":101277,"msg":"The article was submitted successfully"}} [] []
[2017-01-16 17:36:55] applog.NOTICE: http://wp.pecans.cn/api.php:推送结果------------------{"status":1,"res":{"id":101276,"msg":"The article was submitted successfully"}} [] []
[2017-01-16 17:37:00] applog.NOTICE: http://wp.pecans.cn/api.php:推送结果------------------{"status":1,"res":{"id":101275,"msg":"The article was submitted successfully"}} [] []
[2017-01-16 17:37:04] applog.NOTICE: http://wp.pecans.cn/api.php:推送结果------------------{"status":1,"res":{"id":101274,"msg":"The article was submitted successfully"}} [] []
[2017-01-16 17:37:09] applog.NOTICE: http://wp.pecans.cn/api.php:推送结果------------------{"status":1,"res":{"id":101273,"msg":"The article was submitted successfully"}} [] []
[2017-01-16 17:37:13] applog.NOTICE: http://wp.pecans.cn/api.php:推送结果------------------{"status":1,"res":{"id":101272,"msg":"The article was submitted successfully"}} [] []
[2017-01-16 17:37:17] applog.NOTICE: http://wp.pecans.cn/api.php:推送结果------------------{"status":1,"res":{"id":101271,"msg":"The article was submitted successfully"}} [] []
[2017-01-16 17:37:22] applog.NOTICE: http://wp.pecans.cn/api.php:推送结果------------------{"status":1,"res":{"id":101270,"msg":"The article was submitted successfully"}} [] []
[2017-01-16 17:37:26] applog.NOTICE: http://wp.pecans.cn/api.php:推送结果------------------{"status":1,"res":{"id":101269,"msg":"The article was submitted successfully"}} [] []
[2017-01-16 17:37:30] applog.NOTICE: http://wp.pecans.cn/api.php:推送结果------------------{"status":1,"res":{"id":101268,"msg":"The article was submitted successfully"}} [] []
[2017-01-16 17:37:39] applog.NOTICE: http://wp.pecans.cn/api.php:推送结果------------------{"status":1,"res":{"id":101267,"msg":"The article was submitted successfully"}} [] []
[2017-01-16 17:37:44] applog.NOTICE: http://wp.pecans.cn/api.php:推送结果------------------{"status":1,"res":{"id":101266,"msg":"The article was submitted successfully"}} [] []
[2017-01-16 17:37:48] applog.NOTICE: http://wp.pecans.cn/api.php:推送结果------------------{"status":1,"res":{"id":101265,"msg":"The article was submitted successfully"}} [] []
[2017-01-16 17:37:52] applog.NOTICE: http://wp.pecans.cn/api.php:推送结果------------------{"status":1,"res":{"id":101264,"msg":"The article was submitted successfully"}} [] []
[2017-01-16 17:37:56] applog.NOTICE: http://wp.pecans.cn/api.php:推送结果------------------{"status":1,"res":{"id":101263,"msg":"The article was submitted successfully"}} [] []
[2017-01-16 17:38:00] applog.NOTICE: http://wp.pecans.cn/api.php:推送结果------------------{"status":1,"res":{"id":101262,"msg":"The article was submitted successfully"}} [] []
[2017-01-16 17:38:04] applog.NOTICE: http://wp.pecans.cn/api.php:推送结果------------------{"status":1,"res":{"id":101261,"msg":"The article was submitted successfully"}} [] []
[2017-01-16 17:38:09] applog.NOTICE: http://wp.pecans.cn/api.php:推送结果------------------{"status":1,"res":{"id":101260,"msg":"The article was submitted successfully"}} [] []
[2017-01-16 17:38:13] applog.NOTICE: http://wp.pecans.cn/api.php:推送结果------------------{"status":1,"res":{"id":101259,"msg":"The article was submitted successfully"}} [] []
[2017-01-16 17:38:17] applog.NOTICE: http://wp.pecans.cn/api.php:推送结果------------------{"status":1,"res":{"id":101258,"msg":"The article was submitted successfully"}} [] []
[2017-01-16 17:38:23] applog.NOTICE: http://wp.pecans.cn/api.php:推送结果------------------{"status":1,"res":{"id":101257,"msg":"The article was submitted successfully"}} [] []
[2017-01-16 17:38:27] applog.NOTICE: http://wp.pecans.cn/api.php:推送结果------------------{"status":1,"res":{"id":101256,"msg":"The article was submitted successfully"}} [] []
[2017-01-16 17:38:32] applog.NOTICE: http://wp.pecans.cn/api.php:推送结果------------------{"status":1,"res":{"id":101255,"msg":"The article was submitted successfully"}} [] []
[2017-01-16 17:38:36] applog.NOTICE: http://wp.pecans.cn/api.php:推送结果------------------{"status":1,"res":{"id":101254,"msg":"The article was submitted successfully"}} [] []
[2017-01-16 17:38:40] applog.NOTICE: http://wp.pecans.cn/api.php:推送结果------------------{"status":1,"res":{"id":101253,"msg":"The article was submitted successfully"}} [] []
[2017-01-16 17:38:44] applog.NOTICE: http://wp.pecans.cn/api.php:推送结果------------------{"status":1,"res":{"id":101252,"msg":"The article was submitted successfully"}} [] []
[2017-01-16 17:38:48] applog.NOTICE: http://wp.pecans.cn/api.php:推送结果------------------{"status":1,"res":{"id":101251,"msg":"The article was submitted successfully"}} [] []
[2017-01-16 17:38:52] applog.NOTICE: http://wp.pecans.cn/api.php:推送结果------------------{"status":1,"res":{"id":101250,"msg":"The article was submitted successfully"}} [] []
[2017-01-16 17:38:56] applog.NOTICE: http://wp.pecans.cn/api.php:推送结果------------------{"status":1,"res":{"id":101249,"msg":"The article was submitted successfully"}} [] []
[2017-01-16 17:39:04] applog.INFO: 进入pushEzhan。。开始推送展会信息 [] []
[2017-01-16 17:39:39] applog.NOTICE: http://wp.pecans.cn/api.php:推送结果------------------{"status":1,"res":{"id":101248,"msg":"The article was submitted successfully"}} [] []
[2017-01-16 17:39:43] applog.NOTICE: http://wp.pecans.cn/api.php:推送结果------------------{"status":1,"res":{"id":101247,"msg":"The article was submitted successfully"}} [] []
[2017-01-16 17:39:47] applog.NOTICE: http://wp.pecans.cn/api.php:推送结果------------------{"status":1,"res":{"id":101246,"msg":"The article was submitted successfully"}} [] []
[2017-01-16 17:39:51] applog.NOTICE: http://wp.pecans.cn/api.php:推送结果------------------{"status":1,"res":{"id":101245,"msg":"The article was submitted successfully"}} [] []
[2017-01-16 17:39:55] applog.NOTICE: http://wp.pecans.cn/api.php:推送结果------------------{"status":1,"res":{"id":101244,"msg":"The article was submitted successfully"}} [] []
[2017-01-16 17:40:00] applog.NOTICE: http://wp.pecans.cn/api.php:推送结果------------------{"status":1,"res":{"id":101243,"msg":"The article was submitted successfully"}} [] []
[2017-01-16 17:40:05] applog.NOTICE: http://wp.pecans.cn/api.php:推送结果------------------{"status":1,"res":{"id":101242,"msg":"The article was submitted successfully"}} [] []
[2017-01-16 17:40:09] applog.NOTICE: http://wp.pecans.cn/api.php:推送结果------------------{"status":1,"res":{"id":101241,"msg":"The article was submitted successfully"}} [] []
[2017-01-16 17:40:13] applog.NOTICE: http://wp.pecans.cn/api.php:推送结果------------------{"status":1,"res":{"id":101240,"msg":"The article was submitted successfully"}} [] []
[2017-01-16 17:40:18] applog.NOTICE: http://wp.pecans.cn/api.php:推送结果------------------{"status":1,"res":{"id":101239,"msg":"The article was submitted successfully"}} [] []
[2017-01-16 17:40:22] applog.NOTICE: http://wp.pecans.cn/api.php:推送结果------------------{"status":1,"res":{"id":101238,"msg":"The article was submitted successfully"}} [] []
[2017-01-16 17:40:26] applog.NOTICE: http://wp.pecans.cn/api.php:推送结果------------------{"status":1,"res":{"id":101237,"msg":"The article was submitted successfully"}} [] []
[2017-01-16 17:40:30] applog.NOTICE: http://wp.pecans.cn/api.php:推送结果------------------{"status":1,"res":{"id":101236,"msg":"The article was submitted successfully"}} [] []
[2017-01-16 17:40:35] applog.NOTICE: http://wp.pecans.cn/api.php:推送结果------------------{"status":1,"res":{"id":101235,"msg":"The article was submitted successfully"}} [] []
[2017-01-16 17:40:58] applog.INFO: 进入pushEzhan。。开始推送展会信息 [] []
[2017-01-16 17:41:27] applog.NOTICE: http://wp.pecans.cn/api.php:推送结果------------------{"status":1,"res":{"id":101349,"msg":"The article was submitted successfully"}} [] []
[2017-01-16 17:41:32] applog.NOTICE: http://wp.pecans.cn/api.php:推送结果------------------{"status":1,"res":{"id":101348,"msg":"The article was submitted successfully"}} [] []
[2017-01-16 17:41:36] applog.NOTICE: http://wp.pecans.cn/api.php:推送结果------------------{"status":1,"res":{"id":101347,"msg":"The article was submitted successfully"}} [] []
[2017-01-16 17:41:41] applog.NOTICE: http://wp.pecans.cn/api.php:推送结果------------------{"status":1,"res":{"id":101346,"msg":"The article was submitted successfully"}} [] []
[2017-01-16 17:41:46] applog.NOTICE: http://wp.pecans.cn/api.php:推送结果------------------{"status":1,"res":{"id":101345,"msg":"The article was submitted successfully"}} [] []
[2017-01-16 17:41:51] applog.NOTICE: http://wp.pecans.cn/api.php:推送结果------------------{"status":1,"res":{"id":101344,"msg":"The article was submitted successfully"}} [] []
[2017-01-16 17:41:55] applog.NOTICE: http://wp.pecans.cn/api.php:推送结果------------------{"status":1,"res":{"id":101343,"msg":"The article was submitted successfully"}} [] []
[2017-01-16 17:42:00] applog.NOTICE: http://wp.pecans.cn/api.php:推送结果------------------{"status":1,"res":{"id":101342,"msg":"The article was submitted successfully"}} [] []
[2017-01-16 17:42:05] applog.NOTICE: http://wp.pecans.cn/api.php:推送结果------------------{"status":1,"res":{"id":101341,"msg":"The article was submitted successfully"}} [] []
[2017-01-16 17:42:09] applog.NOTICE: http://wp.pecans.cn/api.php:推送结果------------------{"status":1,"res":{"id":101340,"msg":"The article was submitted successfully"}} [] []
[2017-01-16 17:42:13] applog.NOTICE: http://wp.pecans.cn/api.php:推送结果------------------{"status":1,"res":{"id":101339,"msg":"The article was submitted successfully"}} [] []
[2017-01-16 17:42:17] applog.NOTICE: http://wp.pecans.cn/api.php:推送结果------------------{"status":1,"res":{"id":101338,"msg":"The article was submitted successfully"}} [] []
[2017-01-16 17:42:21] applog.NOTICE: http://wp.pecans.cn/api.php:推送结果------------------{"status":1,"res":{"id":101337,"msg":"The article was submitted successfully"}} [] []
[2017-01-16 17:42:26] applog.NOTICE: http://wp.pecans.cn/api.php:推送结果------------------{"status":1,"res":{"id":101336,"msg":"The article was submitted successfully"}} [] []
[2017-01-16 17:42:30] applog.NOTICE: http://wp.pecans.cn/api.php:推送结果------------------{"status":1,"res":{"id":101335,"msg":"The article was submitted successfully"}} [] []
[2017-01-16 17:42:35] applog.NOTICE: http://wp.pecans.cn/api.php:推送结果------------------{"status":1,"res":{"id":101334,"msg":"The article was submitted successfully"}} [] []
[2017-01-16 17:42:39] applog.NOTICE: http://wp.pecans.cn/api.php:推送结果------------------{"status":1,"res":{"id":101333,"msg":"The article was submitted successfully"}} [] []
[2017-01-16 17:42:43] applog.NOTICE: http://wp.pecans.cn/api.php:推送结果------------------{"status":1,"res":{"id":101332,"msg":"The article was submitted successfully"}} [] []
[2017-01-16 17:42:47] applog.NOTICE: http://wp.pecans.cn/api.php:推送结果------------------{"status":1,"res":{"id":101331,"msg":"The article was submitted successfully"}} [] []
[2017-01-16 17:42:52] applog.NOTICE: http://wp.pecans.cn/api.php:推送结果------------------{"status":1,"res":{"id":101330,"msg":"The article was submitted successfully"}} [] []
[2017-01-16 17:42:56] applog.NOTICE: http://wp.pecans.cn/api.php:推送结果------------------{"status":1,"res":{"id":101329,"msg":"The article was submitted successfully"}} [] []
[2017-01-16 17:43:00] applog.NOTICE: http://wp.pecans.cn/api.php:推送结果------------------{"status":1,"res":{"id":101328,"msg":"The article was submitted successfully"}} [] []
[2017-01-16 17:43:04] applog.NOTICE: http://wp.pecans.cn/api.php:推送结果------------------{"status":1,"res":{"id":101327,"msg":"The article was submitted successfully"}} [] []
[2017-01-16 17:43:09] applog.NOTICE: http://wp.pecans.cn/api.php:推送结果------------------{"status":1,"res":{"id":101326,"msg":"The article was submitted successfully"}} [] []
[2017-01-16 17:43:13] applog.NOTICE: http://wp.pecans.cn/api.php:推送结果------------------{"status":1,"res":{"id":101325,"msg":"The article was submitted successfully"}} [] []
[2017-01-16 17:43:17] applog.NOTICE: http://wp.pecans.cn/api.php:推送结果------------------{"status":1,"res":{"id":101324,"msg":"The article was submitted successfully"}} [] []
[2017-01-16 17:43:21] applog.NOTICE: http://wp.pecans.cn/api.php:推送结果------------------{"status":1,"res":{"id":101323,"msg":"The article was submitted successfully"}} [] []
[2017-01-16 17:43:26] applog.NOTICE: http://wp.pecans.cn/api.php:推送结果------------------{"status":1,"res":{"id":101322,"msg":"The article was submitted successfully"}} [] []
[2017-01-16 17:43:30] applog.NOTICE: http://wp.pecans.cn/api.php:推送结果------------------{"status":1,"res":{"id":101321,"msg":"The article was submitted successfully"}} [] []
[2017-01-16 17:43:34] applog.NOTICE: http://wp.pecans.cn/api.php:推送结果------------------{"status":1,"res":{"id":101320,"msg":"The article was submitted successfully"}} [] []
[2017-01-16 17:43:39] applog.NOTICE: http://wp.pecans.cn/api.php:推送结果------------------{"status":1,"res":{"id":101319,"msg":"The article was submitted successfully"}} [] []
[2017-01-16 17:43:43] applog.NOTICE: http://wp.pecans.cn/api.php:推送结果------------------{"status":1,"res":{"id":101318,"msg":"The article was submitted successfully"}} [] []
[2017-01-16 17:43:47] applog.NOTICE: http://wp.pecans.cn/api.php:推送结果------------------{"status":1,"res":{"id":101317,"msg":"The article was submitted successfully"}} [] []
[2017-01-16 17:43:51] applog.NOTICE: http://wp.pecans.cn/api.php:推送结果------------------{"status":1,"res":{"id":101316,"msg":"The article was submitted successfully"}} [] []
[2017-01-16 17:43:55] applog.NOTICE: http://wp.pecans.cn/api.php:推送结果------------------{"status":1,"res":{"id":101315,"msg":"The article was submitted successfully"}} [] []
[2017-01-16 17:43:59] applog.NOTICE: http://wp.pecans.cn/api.php:推送结果------------------{"status":1,"res":{"id":101314,"msg":"The article was submitted successfully"}} [] []
[2017-01-16 17:44:04] applog.NOTICE: http://wp.pecans.cn/api.php:推送结果------------------{"status":1,"res":{"id":101313,"msg":"The article was submitted successfully"}} [] []
[2017-01-16 17:44:08] applog.NOTICE: http://wp.pecans.cn/api.php:推送结果------------------{"status":1,"res":{"id":101312,"msg":"The article was submitted successfully"}} [] []
[2017-01-16 17:44:13] applog.NOTICE: http://wp.pecans.cn/api.php:推送结果------------------{"status":1,"res":{"id":101311,"msg":"The article was submitted successfully"}} [] []
[2017-01-16 17:44:17] applog.NOTICE: http://wp.pecans.cn/api.php:推送结果------------------{"status":1,"res":{"id":101310,"msg":"The article was submitted successfully"}} [] []
[2017-01-16 17:44:22] applog.NOTICE: http://wp.pecans.cn/api.php:推送结果------------------{"status":1,"res":{"id":101309,"msg":"The article was submitted successfully"}} [] []
[2017-01-16 17:44:27] applog.NOTICE: http://wp.pecans.cn/api.php:推送结果------------------{"status":1,"res":{"id":101308,"msg":"The article was submitted successfully"}} [] []
[2017-01-16 17:44:31] applog.NOTICE: http://wp.pecans.cn/api.php:推送结果------------------{"status":1,"res":{"id":101307,"msg":"The article was submitted successfully"}} [] []
[2017-01-16 17:44:35] applog.NOTICE: http://wp.pecans.cn/api.php:推送结果------------------{"status":1,"res":{"id":101306,"msg":"The article was submitted successfully"}} [] []
[2017-01-16 17:44:39] applog.NOTICE: http://wp.pecans.cn/api.php:推送结果------------------{"status":1,"res":{"id":101305,"msg":"The article was submitted successfully"}} [] []
[2017-01-16 17:44:44] applog.NOTICE: http://wp.pecans.cn/api.php:推送结果------------------{"status":1,"res":{"id":101304,"msg":"The article was submitted successfully"}} [] []
[2017-01-16 17:44:48] applog.NOTICE: http://wp.pecans.cn/api.php:推送结果------------------{"status":1,"res":{"id":101303,"msg":"The article was submitted successfully"}} [] []
[2017-01-16 17:44:53] applog.NOTICE: http://wp.pecans.cn/api.php:推送结果------------------{"status":1,"res":{"id":101302,"msg":"The article was submitted successfully"}} [] []
[2017-01-16 17:44:57] applog.NOTICE: http://wp.pecans.cn/api.php:推送结果------------------{"status":1,"res":{"id":101301,"msg":"The article was submitted successfully"}} [] []
[2017-01-16 17:45:01] applog.NOTICE: http://wp.pecans.cn/api.php:推送结果------------------{"status":1,"res":{"id":101300,"msg":"The article was submitted successfully"}} [] []
[2017-01-16 17:45:05] applog.NOTICE: http://wp.pecans.cn/api.php:推送结果------------------{"status":1,"res":{"id":101299,"msg":"The article was submitted successfully"}} [] []
[2017-01-16 17:45:09] applog.NOTICE: http://wp.pecans.cn/api.php:推送结果------------------{"status":1,"res":{"id":101298,"msg":"The article was submitted successfully"}} [] []
[2017-01-16 17:45:13] applog.NOTICE: http://wp.pecans.cn/api.php:推送结果------------------{"status":1,"res":{"id":101297,"msg":"The article was submitted successfully"}} [] []
[2017-01-16 17:45:18] applog.NOTICE: http://wp.pecans.cn/api.php:推送结果------------------{"status":1,"res":{"id":101296,"msg":"The article was submitted successfully"}} [] []
[2017-01-16 17:45:23] applog.NOTICE: http://wp.pecans.cn/api.php:推送结果------------------{"status":1,"res":{"id":101295,"msg":"The article was submitted successfully"}} [] []
[2017-01-16 17:46:33] applog.INFO: 进入pushEzhan。。开始推送展会信息 [] []
[2017-01-16 17:47:05] applog.INFO: 推送展会:2014年台湾国际太阳光电论坛暨展览会 [] []
[2017-01-16 17:47:06] applog.NOTICE: http://oilsns.com/api.php:推送结果------------------{"status":1,"res":{"id":101349,"msg":"The article was submitted successfully"}} [] []
[2017-01-16 17:47:08] applog.NOTICE: http://wp.pecans.cn/api.php:推送结果------------------{"status":1,"res":{"id":101349,"msg":"The article was submitted successfully"}} [] []
[2017-01-16 17:52:40] applog.INFO: 进入pushEzhan。。开始推送展会信息 [] []
[2017-01-16 17:53:03] applog.INFO: 推送展会:2014年台湾国际太阳光电论坛暨展览会 [] []
[2017-01-16 17:53:04] applog.NOTICE: http://oilsns.com/api.php:推送结果------------------{"status":1,"res":{"id":101349,"msg":"The article was submitted successfully"}} [] []
[2017-01-16 17:53:05] applog.NOTICE: http://wp.pecans.cn/api.php:推送结果------------------{"status":1,"res":{"id":101349,"msg":"The article was submitted successfully"}} [] []
[2017-01-16 17:53:09] applog.INFO: 推送展会:2010年澳大利亚国际矿业机械及工程机械展 [] []
[2017-01-16 17:53:09] applog.NOTICE: http://oilsns.com/api.php:推送结果------------------{"status":1,"res":{"id":101348,"msg":"The article was submitted successfully"}} [] []
[2017-01-16 17:53:10] applog.NOTICE: http://wp.pecans.cn/api.php:推送结果------------------{"status":1,"res":{"id":101348,"msg":"The article was submitted successfully"}} [] []
[2017-01-16 17:53:14] applog.INFO: 推送展会:环球资源太阳能及节能产品采购交易会 [] []
[2017-01-16 17:53:15] applog.NOTICE: http://oilsns.com/api.php:推送结果------------------{"status":1,"res":{"id":101347,"msg":"The article was submitted successfully"}} [] []
[2017-01-16 17:53:16] applog.NOTICE: http://wp.pecans.cn/api.php:推送结果------------------{"status":1,"res":{"id":101347,"msg":"The article was submitted successfully"}} [] []
[2017-01-16 17:53:19] applog.INFO: 推送展会:环球资源太阳能及节能产品采购交易会 [] []
[2017-01-16 17:53:20] applog.NOTICE: http://oilsns.com/api.php:推送结果------------------{"status":0,"res":{"id":"","msg":"The title already exists"}} [] []
[2017-01-16 17:53:21] applog.NOTICE: http://wp.pecans.cn/api.php:推送结果------------------{"status":1,"res":{"id":101346,"msg":"The article was submitted successfully"}} [] []
[2017-01-16 17:53:24] applog.INFO: 推送展会:2011环球资源（Global Sources）春季香港太阳能 [] []
[2017-01-16 17:53:25] applog.NOTICE: http://oilsns.com/api.php:推送结果------------------{"status":1,"res":{"id":101345,"msg":"The article was submitted successfully"}} [] []
[2017-01-16 17:53:26] applog.NOTICE: http://wp.pecans.cn/api.php:推送结果------------------{"status":1,"res":{"id":101345,"msg":"The article was submitted successfully"}} [] []
[2017-01-16 17:53:30] applog.INFO: 推送展会:第15届中国哈尔滨国际石油石化技术装备展览会 [] []
[2017-01-16 17:53:31] applog.NOTICE: http://oilsns.com/api.php:推送结果------------------{"status":1,"res":{"id":101344,"msg":"The article was submitted successfully"}} [] []
[2017-01-16 17:53:32] applog.NOTICE: http://wp.pecans.cn/api.php:推送结果------------------{"status":1,"res":{"id":101344,"msg":"The article was submitted successfully"}} [] []
[2017-01-16 17:53:36] applog.INFO: 推送展会:2014中国国际新材料产业博览会 [] []
[2017-01-16 17:53:37] applog.NOTICE: http://oilsns.com/api.php:推送结果------------------{"status":1,"res":{"id":101343,"msg":"The article was submitted successfully"}} [] []
[2017-01-16 17:53:38] applog.NOTICE: http://wp.pecans.cn/api.php:推送结果------------------{"status":1,"res":{"id":101343,"msg":"The article was submitted successfully"}} [] []
[2017-01-16 17:53:41] applog.INFO: 推送展会:2014第14届中国哈尔滨国际煤炭工业及矿山机械设 [] []
[2017-01-16 17:53:42] applog.NOTICE: http://oilsns.com/api.php:推送结果------------------{"status":1,"res":{"id":101342,"msg":"The article was submitted successfully"}} [] []
[2017-01-16 17:53:44] applog.NOTICE: http://wp.pecans.cn/api.php:推送结果------------------{"status":1,"res":{"id":101342,"msg":"The article was submitted successfully"}} [] []
[2017-01-16 17:53:47] applog.INFO: 推送展会:2014年哈尔滨燃气技术设备展会 [] []
[2017-01-16 17:53:49] applog.NOTICE: http://oilsns.com/api.php:推送结果------------------{"status":1,"res":{"id":101341,"msg":"The article was submitted successfully"}} [] []
[2017-01-16 17:53:50] applog.NOTICE: http://wp.pecans.cn/api.php:推送结果------------------{"status":1,"res":{"id":101341,"msg":"The article was submitted successfully"}} [] []
[2017-01-16 17:53:53] applog.INFO: 推送展会:2013年第13届中国哈尔滨国际煤炭工业及矿山机械 [] []
[2017-01-16 17:53:54] applog.NOTICE: http://oilsns.com/api.php:推送结果------------------{"status":1,"res":{"id":101340,"msg":"The article was submitted successfully"}} [] []
[2017-01-16 17:53:55] applog.NOTICE: http://wp.pecans.cn/api.php:推送结果------------------{"status":1,"res":{"id":101340,"msg":"The article was submitted successfully"}} [] []
[2017-01-16 17:53:58] applog.INFO: 推送展会:第14届中国哈尔滨国际燃气技术设备展览会 [] []
[2017-01-16 17:53:59] applog.NOTICE: http://oilsns.com/api.php:推送结果------------------{"status":1,"res":{"id":101339,"msg":"The article was submitted successfully"}} [] []
[2017-01-16 17:54:00] applog.NOTICE: http://wp.pecans.cn/api.php:推送结果------------------{"status":1,"res":{"id":101339,"msg":"The article was submitted successfully"}} [] []
[2017-01-16 17:54:03] applog.INFO: 推送展会:2012中国国际新材料产业博览会 [] []
[2017-01-16 17:54:04] applog.NOTICE: http://oilsns.com/api.php:推送结果------------------{"status":1,"res":{"id":101338,"msg":"The article was submitted successfully"}} [] []
[2017-01-16 17:54:05] applog.NOTICE: http://wp.pecans.cn/api.php:推送结果------------------{"status":1,"res":{"id":101338,"msg":"The article was submitted successfully"}} [] []
[2017-01-16 17:54:08] applog.INFO: 推送展会:中国国际石油钻采设备展览会 [] []
[2017-01-16 17:54:10] applog.NOTICE: http://oilsns.com/api.php:推送结果------------------{"status":1,"res":{"id":101337,"msg":"The article was submitted successfully"}} [] []
[2017-01-16 17:54:11] applog.NOTICE: http://wp.pecans.cn/api.php:推送结果------------------{"status":1,"res":{"id":101337,"msg":"The article was submitted successfully"}} [] []
[2017-01-16 17:54:14] applog.INFO: 推送展会:第12届中国哈尔滨国际石油化工技术设备展览会 [] []
[2017-01-16 17:54:15] applog.NOTICE: http://oilsns.com/api.php:推送结果------------------{"status":1,"res":{"id":101336,"msg":"The article was submitted successfully"}} [] []
[2017-01-16 17:54:16] applog.NOTICE: http://wp.pecans.cn/api.php:推送结果------------------{"status":1,"res":{"id":101336,"msg":"The article was submitted successfully"}} [] []
[2017-01-16 17:54:19] applog.INFO: 推送展会:CINMIX 2011中国国际新材料产业博览会 [] []
[2017-01-16 17:54:21] applog.NOTICE: http://oilsns.com/api.php:推送结果------------------{"status":1,"res":{"id":101335,"msg":"The article was submitted successfully"}} [] []
[2017-01-16 17:54:23] applog.NOTICE: http://wp.pecans.cn/api.php:推送结果------------------{"status":1,"res":{"id":101335,"msg":"The article was submitted successfully"}} [] []
[2017-01-16 17:54:27] applog.INFO: 推送展会:2011年第十三届中国哈尔滨国际燃气技术设备展览 [] []
[2017-01-16 17:54:27] applog.NOTICE: http://oilsns.com/api.php:推送结果------------------{"status":1,"res":{"id":101334,"msg":"The article was submitted successfully"}} [] []
[2017-01-16 17:54:28] applog.NOTICE: http://wp.pecans.cn/api.php:推送结果------------------{"status":1,"res":{"id":101334,"msg":"The article was submitted successfully"}} [] []
[2017-01-16 17:54:31] applog.INFO: 推送展会:第11届中国哈尔滨国际石油化工技术设备展览会 [] []
[2017-01-16 17:54:32] applog.NOTICE: http://oilsns.com/api.php:推送结果------------------{"status":1,"res":{"id":101333,"msg":"The article was submitted successfully"}} [] []
[2017-01-16 17:54:33] applog.NOTICE: http://wp.pecans.cn/api.php:推送结果------------------{"status":1,"res":{"id":101333,"msg":"The article was submitted successfully"}} [] []
[2017-01-16 17:54:36] applog.INFO: 推送展会:2011中国哈尔滨国际煤炭工业及矿山机械设备展览 [] []
[2017-01-16 17:54:37] applog.NOTICE: http://oilsns.com/api.php:推送结果------------------{"status":1,"res":{"id":101332,"msg":"The article was submitted successfully"}} [] []
[2017-01-16 17:54:38] applog.NOTICE: http://wp.pecans.cn/api.php:推送结果------------------{"status":1,"res":{"id":101332,"msg":"The article was submitted successfully"}} [] []
[2017-01-16 17:54:41] applog.INFO: 推送展会:2011中国哈尔滨国际煤炭工业及矿山机械设备展览 [] []
[2017-01-16 17:54:42] applog.NOTICE: http://oilsns.com/api.php:推送结果------------------{"status":0,"res":{"id":"","msg":"The title already exists"}} [] []
[2017-01-16 17:54:42] applog.NOTICE: http://wp.pecans.cn/api.php:推送结果------------------{"status":1,"res":{"id":101331,"msg":"The article was submitted successfully"}} [] []
[2017-01-16 17:54:46] applog.INFO: 推送展会:2011中国哈尔滨国际煤炭工业及矿山机械设备展览 [] []
[2017-01-16 17:54:46] applog.NOTICE: http://oilsns.com/api.php:推送结果------------------{"status":0,"res":{"id":"","msg":"The title already exists"}} [] []
[2017-01-16 17:54:47] applog.NOTICE: http://wp.pecans.cn/api.php:推送结果------------------{"status":1,"res":{"id":101330,"msg":"The article was submitted successfully"}} [] []
[2017-01-16 17:54:51] applog.INFO: 推送展会:第11届中国哈尔滨国际石油化工技术设备展览会 [] []
[2017-01-16 17:54:51] applog.NOTICE: http://oilsns.com/api.php:推送结果------------------{"status":0,"res":{"id":"","msg":"The title already exists"}} [] []
[2017-01-16 17:54:52] applog.NOTICE: http://wp.pecans.cn/api.php:推送结果------------------{"status":1,"res":{"id":101329,"msg":"The article was submitted successfully"}} [] []
[2017-01-16 17:54:55] applog.INFO: 推送展会:第13届中国哈尔滨国际燃气技术设备展览会暨天然 [] []
[2017-01-16 17:54:56] applog.NOTICE: http://oilsns.com/api.php:推送结果------------------{"status":1,"res":{"id":101328,"msg":"The article was submitted successfully"}} [] []
[2017-01-16 17:54:57] applog.NOTICE: http://wp.pecans.cn/api.php:推送结果------------------{"status":1,"res":{"id":101328,"msg":"The article was submitted successfully"}} [] []
[2017-01-16 17:55:01] applog.INFO: 推送展会:2011第12届中国哈尔滨国际燃气技术设备展览会 [] []
[2017-01-16 17:55:01] applog.NOTICE: http://oilsns.com/api.php:推送结果------------------{"status":1,"res":{"id":101327,"msg":"The article was submitted successfully"}} [] []
[2017-01-16 17:55:02] applog.NOTICE: http://wp.pecans.cn/api.php:推送结果------------------{"status":1,"res":{"id":101327,"msg":"The article was submitted successfully"}} [] []
[2017-01-16 17:55:06] applog.INFO: 推送展会:中国哈尔滨国际燃气技术设备展览会火热报名中 [] []
[2017-01-16 17:55:07] applog.NOTICE: http://oilsns.com/api.php:推送结果------------------{"status":1,"res":{"id":101326,"msg":"The article was submitted successfully"}} [] []
[2017-01-16 17:55:08] applog.NOTICE: http://wp.pecans.cn/api.php:推送结果------------------{"status":1,"res":{"id":101326,"msg":"The article was submitted successfully"}} [] []
[2017-01-16 17:55:11] applog.INFO: 推送展会:2008大庆油田第六届物资展览会 [] []
[2017-01-16 17:55:12] applog.NOTICE: http://oilsns.com/api.php:推送结果------------------{"status":1,"res":{"id":101325,"msg":"The article was submitted successfully"}} [] []
[2017-01-16 17:55:13] applog.NOTICE: http://wp.pecans.cn/api.php:推送结果------------------{"status":1,"res":{"id":101325,"msg":"The article was submitted successfully"}} [] []
[2017-01-16 17:55:17] applog.INFO: 推送展会:2009大庆油田第七届物资展览会 [] []
[2017-01-16 17:55:17] applog.NOTICE: http://oilsns.com/api.php:推送结果------------------{"status":1,"res":{"id":101324,"msg":"The article was submitted successfully"}} [] []
[2017-01-16 17:55:18] applog.NOTICE: http://wp.pecans.cn/api.php:推送结果------------------{"status":1,"res":{"id":101324,"msg":"The article was submitted successfully"}} [] []
[2017-01-16 17:55:22] applog.INFO: 推送展会:2011东北长春第四届煤炭装备及矿山设备技术展会 [] []
[2017-01-16 17:55:23] applog.NOTICE: http://oilsns.com/api.php:推送结果------------------{"status":1,"res":{"id":101323,"msg":"The article was submitted successfully"}} [] []
[2017-01-16 17:55:24] applog.NOTICE: http://wp.pecans.cn/api.php:推送结果------------------{"status":1,"res":{"id":101323,"msg":"The article was submitted successfully"}} [] []
[2017-01-16 17:55:28] applog.INFO: 推送展会:2011长春第四届煤炭装备及矿山设备技术展会 [] []
[2017-01-16 17:55:29] applog.NOTICE: http://oilsns.com/api.php:推送结果------------------{"status":1,"res":{"id":101322,"msg":"The article was submitted successfully"}} [] []
[2017-01-16 17:55:30] applog.NOTICE: http://wp.pecans.cn/api.php:推送结果------------------{"status":1,"res":{"id":101322,"msg":"The article was submitted successfully"}} [] []
[2017-01-16 17:55:34] applog.INFO: 推送展会:2009中国(吉林)新能源及循环利用产品与技术博览 [] []
[2017-01-16 17:55:35] applog.NOTICE: http://oilsns.com/api.php:推送结果------------------{"status":1,"res":{"id":101321,"msg":"The article was submitted successfully"}} [] []
[2017-01-16 17:55:36] applog.NOTICE: http://wp.pecans.cn/api.php:推送结果------------------{"status":1,"res":{"id":101321,"msg":"The article was submitted successfully"}} [] []
[2017-01-16 17:55:40] applog.INFO: 推送展会:2013中国（沈阳）国际太阳能建筑一体化展会 [] []
[2017-01-16 17:55:40] applog.NOTICE: http://oilsns.com/api.php:推送结果------------------{"status":1,"res":{"id":101320,"msg":"The article was submitted successfully"}} [] []
[2017-01-16 17:55:41] applog.NOTICE: http://wp.pecans.cn/api.php:推送结果------------------{"status":1,"res":{"id":101320,"msg":"The article was submitted successfully"}} [] []
[2017-01-16 17:55:45] applog.INFO: 推送展会:第十届国家级装备制造业博览会暨国家石油石化装 [] []
[2017-01-16 17:55:46] applog.NOTICE: http://oilsns.com/api.php:推送结果------------------{"status":1,"res":{"id":101319,"msg":"The article was submitted successfully"}} [] []
[2017-01-16 17:55:46] applog.NOTICE: http://wp.pecans.cn/api.php:推送结果------------------{"status":1,"res":{"id":101319,"msg":"The article was submitted successfully"}} [] []
[2017-01-16 17:55:50] applog.INFO: 推送展会:2011第十届中国国际装备制造业博览会（沈阳制博 [] []
[2017-01-16 17:55:51] applog.NOTICE: http://oilsns.com/api.php:推送结果------------------{"status":1,"res":{"id":101318,"msg":"The article was submitted successfully"}} [] []
[2017-01-16 17:55:52] applog.NOTICE: http://wp.pecans.cn/api.php:推送结果------------------{"status":1,"res":{"id":101318,"msg":"The article was submitted successfully"}} [] []
[2017-01-16 17:55:55] applog.INFO: 推送展会:第十届中国国际装备制造业博览会暨国家能源技术 [] []
[2017-01-16 17:55:56] applog.NOTICE: http://oilsns.com/api.php:推送结果------------------{"status":1,"res":{"id":101317,"msg":"The article was submitted successfully"}} [] []
[2017-01-16 17:55:57] applog.NOTICE: http://wp.pecans.cn/api.php:推送结果------------------{"status":1,"res":{"id":101317,"msg":"The article was submitted successfully"}} [] []
[2017-01-16 17:56:00] applog.INFO: 推送展会:2011中国国际（东北）煤炭工业装备技术博览会 [] []
[2017-01-16 17:56:01] applog.NOTICE: http://oilsns.com/api.php:推送结果------------------{"status":1,"res":{"id":101316,"msg":"The article was submitted successfully"}} [] []
[2017-01-16 17:56:02] applog.NOTICE: http://wp.pecans.cn/api.php:推送结果------------------{"status":1,"res":{"id":101316,"msg":"The article was submitted successfully"}} [] []
[2017-01-16 17:56:06] applog.INFO: 推送展会:2011第一届生物能源大会 [] []
[2017-01-16 17:56:06] applog.NOTICE: http://oilsns.com/api.php:推送结果------------------{"status":1,"res":{"id":101315,"msg":"The article was submitted successfully"}} [] []
[2017-01-16 17:56:07] applog.NOTICE: http://wp.pecans.cn/api.php:推送结果------------------{"status":1,"res":{"id":101315,"msg":"The article was submitted successfully"}} [] []
[2017-01-16 17:56:11] applog.INFO: 推送展会:第十二届东北地区国际电力、电工技术设备展览会 [] []
[2017-01-16 17:56:12] applog.NOTICE: http://oilsns.com/api.php:推送结果------------------{"status":1,"res":{"id":101314,"msg":"The article was submitted successfully"}} [] []
[2017-01-16 17:56:13] applog.NOTICE: http://wp.pecans.cn/api.php:推送结果------------------{"status":1,"res":{"id":101314,"msg":"The article was submitted successfully"}} [] []
[2017-01-16 17:56:17] applog.INFO: 推送展会:2012中国《南昌》国际绿色高科新能源博览会暨“ [] []
[2017-01-16 17:56:17] applog.NOTICE: http://oilsns.com/api.php:推送结果------------------{"status":1,"res":{"id":101313,"msg":"The article was submitted successfully"}} [] []
[2017-01-16 17:56:18] applog.NOTICE: http://wp.pecans.cn/api.php:推送结果------------------{"status":1,"res":{"id":101313,"msg":"The article was submitted successfully"}} [] []
[2017-01-16 17:56:22] applog.INFO: 推送展会:2016中国(郑州)特种设备产业展览会 [] []
[2017-01-16 17:56:23] applog.NOTICE: http://oilsns.com/api.php:推送结果------------------{"status":1,"res":{"id":101312,"msg":"The article was submitted successfully"}} [] []
[2017-01-16 17:56:23] applog.NOTICE: http://wp.pecans.cn/api.php:推送结果------------------{"status":1,"res":{"id":101312,"msg":"The article was submitted successfully"}} [] []
[2017-01-16 17:56:27] applog.INFO: 推送展会:2016中原可再生能源暨新能源产业展览会 [] []
[2017-01-16 17:56:29] applog.NOTICE: http://oilsns.com/api.php:推送结果------------------{"status":1,"res":{"id":101311,"msg":"The article was submitted successfully"}} [] []
[2017-01-16 17:56:30] applog.NOTICE: http://wp.pecans.cn/api.php:推送结果------------------{"status":1,"res":{"id":101311,"msg":"The article was submitted successfully"}} [] []
[2017-01-16 17:56:33] applog.INFO: 推送展会:2016中国(中原)国际充电站（桩）技术设备展览会 [] []
[2017-01-16 17:56:35] applog.NOTICE: http://oilsns.com/api.php:推送结果------------------{"status":1,"res":{"id":101310,"msg":"The article was submitted successfully"}} [] []
[2017-01-16 17:56:36] applog.NOTICE: http://wp.pecans.cn/api.php:推送结果------------------{"status":1,"res":{"id":101310,"msg":"The article was submitted successfully"}} [] []
[2017-01-16 17:56:39] applog.INFO: 推送展会:2015中原可再生能源暨新能源产业展览会 [] []
[2017-01-16 17:56:40] applog.NOTICE: http://oilsns.com/api.php:推送结果------------------{"status":1,"res":{"id":101309,"msg":"The article was submitted successfully"}} [] []
[2017-01-16 17:56:41] applog.NOTICE: http://wp.pecans.cn/api.php:推送结果------------------{"status":1,"res":{"id":101309,"msg":"The article was submitted successfully"}} [] []
[2017-01-16 17:56:45] applog.INFO: 推送展会:2015年中国国际燃气、供热技术与设备展览会 [] []
[2017-01-16 17:56:46] applog.NOTICE: http://oilsns.com/api.php:推送结果------------------{"status":1,"res":{"id":101308,"msg":"The article was submitted successfully"}} [] []
[2017-01-16 17:56:47] applog.NOTICE: http://wp.pecans.cn/api.php:推送结果------------------{"status":1,"res":{"id":101308,"msg":"The article was submitted successfully"}} [] []
[2017-01-16 17:56:50] applog.INFO: 推送展会:2015第十届中部太阳能新能源产业博览会 [] []
[2017-01-16 17:56:51] applog.NOTICE: http://oilsns.com/api.php:推送结果------------------{"status":1,"res":{"id":101307,"msg":"The article was submitted successfully"}} [] []
[2017-01-16 17:56:52] applog.NOTICE: http://wp.pecans.cn/api.php:推送结果------------------{"status":1,"res":{"id":101307,"msg":"The article was submitted successfully"}} [] []
[2017-01-16 17:56:56] applog.INFO: 推送展会:（延期）2014中原可再生能源暨新能源产业展览会 [] []
[2017-01-16 17:56:56] applog.NOTICE: http://oilsns.com/api.php:推送结果------------------{"status":1,"res":{"id":101306,"msg":"The article was submitted successfully"}} [] []
[2017-01-16 17:56:57] applog.NOTICE: http://wp.pecans.cn/api.php:推送结果------------------{"status":1,"res":{"id":101306,"msg":"The article was submitted successfully"}} [] []
[2017-01-16 17:57:01] applog.INFO: 推送展会:2014中原可再生能源暨新能源产业展览会 [] []
[2017-01-16 17:57:02] applog.NOTICE: http://oilsns.com/api.php:推送结果------------------{"status":1,"res":{"id":101305,"msg":"The article was submitted successfully"}} [] []
[2017-01-16 17:57:03] applog.NOTICE: http://wp.pecans.cn/api.php:推送结果------------------{"status":1,"res":{"id":101305,"msg":"The article was submitted successfully"}} [] []
[2017-01-16 17:57:07] applog.INFO: 推送展会:2014河南煤炭展 [] []
[2017-01-16 17:57:08] applog.NOTICE: http://oilsns.com/api.php:推送结果------------------{"status":1,"res":{"id":101304,"msg":"The article was submitted successfully"}} [] []
[2017-01-16 17:57:09] applog.NOTICE: http://wp.pecans.cn/api.php:推送结果------------------{"status":1,"res":{"id":101304,"msg":"The article was submitted successfully"}} [] []
[2017-01-16 17:57:13] applog.INFO: 推送展会:2014第四届中国(河南)国际煤炭工业及矿山设备展 [] []
[2017-01-16 17:57:13] applog.NOTICE: http://oilsns.com/api.php:推送结果------------------{"status":1,"res":{"id":101303,"msg":"The article was submitted successfully"}} [] []
[2017-01-16 17:57:14] applog.NOTICE: http://wp.pecans.cn/api.php:推送结果------------------{"status":1,"res":{"id":101303,"msg":"The article was submitted successfully"}} [] []
[2017-01-16 17:57:18] applog.INFO: 推送展会:2014第四届中国河南国际煤炭工业及矿山设备展览 [] []
[2017-01-16 17:57:19] applog.NOTICE: http://oilsns.com/api.php:推送结果------------------{"status":1,"res":{"id":101302,"msg":"The article was submitted successfully"}} [] []
[2017-01-16 17:57:21] applog.NOTICE: http://wp.pecans.cn/api.php:推送结果------------------{"status":1,"res":{"id":101302,"msg":"The article was submitted successfully"}} [] []
[2017-01-16 17:57:24] applog.INFO: 推送展会:2014郑州国际智慧城市技术与应用产品博览会 [] []
[2017-01-16 17:57:25] applog.NOTICE: http://oilsns.com/api.php:推送结果------------------{"status":1,"res":{"id":101301,"msg":"The article was submitted successfully"}} [] []
[2017-01-16 17:57:26] applog.NOTICE: http://wp.pecans.cn/api.php:推送结果------------------{"status":1,"res":{"id":101301,"msg":"The article was submitted successfully"}} [] []
[2017-01-16 17:57:29] applog.INFO: 推送展会:2013第三届中国河南国际煤炭工业及矿山设备展览 [] []
[2017-01-16 17:57:31] applog.NOTICE: http://oilsns.com/api.php:推送结果------------------{"status":1,"res":{"id":101295,"msg":"The article was submitted successfully"}} [] []
[2017-01-16 17:57:32] applog.NOTICE: http://wp.pecans.cn/api.php:推送结果------------------{"status":1,"res":{"id":101295,"msg":"The article was submitted successfully"}} [] []
[2017-01-16 17:57:35] applog.INFO: 推送展会:2013第三届中国河南国际煤炭工业及矿山设备展览 [] []
[2017-01-16 17:57:36] applog.NOTICE: http://oilsns.com/api.php:推送结果------------------{"status":0,"res":{"id":"","msg":"The title already exists"}} [] []
[2017-01-16 17:57:38] applog.NOTICE: http://wp.pecans.cn/api.php:推送结果------------------{"status":1,"res":{"id":101294,"msg":"The article was submitted successfully"}} [] []
[2017-01-16 17:57:42] applog.INFO: 推送展会:2013第三届中国河南国际煤炭工业及矿山设备展览 [] []
[2017-01-16 17:57:43] applog.NOTICE: http://oilsns.com/api.php:推送结果------------------{"status":0,"res":{"id":"","msg":"The title already exists"}} [] []
[2017-01-16 17:57:43] applog.NOTICE: http://wp.pecans.cn/api.php:推送结果------------------{"status":1,"res":{"id":101293,"msg":"The article was submitted successfully"}} [] []
[2017-01-16 17:57:47] applog.INFO: 推送展会:2013中国中部国际新能源产品及技术博览会 [] []
[2017-01-16 17:57:48] applog.NOTICE: http://oilsns.com/api.php:推送结果------------------{"status":1,"res":{"id":101292,"msg":"The article was submitted successfully"}} [] []
[2017-01-16 17:57:48] applog.NOTICE: http://wp.pecans.cn/api.php:推送结果------------------{"status":1,"res":{"id":101292,"msg":"The article was submitted successfully"}} [] []
[2017-01-16 17:57:52] applog.INFO: 推送展会:2013中国中部国际热空气能水器博览会 [] []
[2017-01-16 17:57:52] applog.NOTICE: http://oilsns.com/api.php:推送结果------------------{"status":1,"res":{"id":101291,"msg":"The article was submitted successfully"}} [] []
[2017-01-16 17:57:53] applog.NOTICE: http://wp.pecans.cn/api.php:推送结果------------------{"status":1,"res":{"id":101291,"msg":"The article was submitted successfully"}} [] []
[2017-01-16 17:57:57] applog.INFO: 推送展会:2013第八届中部国际太阳能产业博览会 [] []
[2017-01-16 17:57:57] applog.NOTICE: http://oilsns.com/api.php:推送结果------------------{"status":1,"res":{"id":101290,"msg":"The article was submitted successfully"}} [] []
[2017-01-16 17:57:58] applog.NOTICE: http://wp.pecans.cn/api.php:推送结果------------------{"status":1,"res":{"id":101290,"msg":"The article was submitted successfully"}} [] []
[2017-01-16 17:58:02] applog.INFO: 推送展会:2013第八届中部太阳能产业博览会 [] []
[2017-01-16 17:58:02] applog.NOTICE: http://oilsns.com/api.php:推送结果------------------{"status":1,"res":{"id":101289,"msg":"The article was submitted successfully"}} [] []
[2017-01-16 17:58:03] applog.NOTICE: http://wp.pecans.cn/api.php:推送结果------------------{"status":1,"res":{"id":101289,"msg":"The article was submitted successfully"}} [] []
[2017-01-16 17:58:07] applog.INFO: 推送展会:2012第九届煤炭工业及采矿安全技术装备博览会 [] []
[2017-01-16 17:58:09] applog.NOTICE: http://oilsns.com/api.php:推送结果------------------{"status":1,"res":{"id":101288,"msg":"The article was submitted successfully"}} [] []
[2017-01-16 17:58:10] applog.NOTICE: http://wp.pecans.cn/api.php:推送结果------------------{"status":1,"res":{"id":101288,"msg":"The article was submitted successfully"}} [] []
[2017-01-16 17:58:14] applog.INFO: 推送展会:2012第二届中国河南国际煤炭工业设备及技术展览 [] []
[2017-01-16 17:58:15] applog.NOTICE: http://oilsns.com/api.php:推送结果------------------{"status":1,"res":{"id":101287,"msg":"The article was submitted successfully"}} [] []
[2017-01-16 17:58:16] applog.NOTICE: http://wp.pecans.cn/api.php:推送结果------------------{"status":1,"res":{"id":101287,"msg":"The article was submitted successfully"}} [] []
[2017-01-16 17:58:20] applog.INFO: 推送展会:2012第二届中国河南国际煤炭工业设备矿山设备暨 [] []
[2017-01-16 17:58:21] applog.NOTICE: http://oilsns.com/api.php:推送结果------------------{"status":1,"res":{"id":101286,"msg":"The article was submitted successfully"}} [] []
[2017-01-16 17:58:23] applog.NOTICE: http://wp.pecans.cn/api.php:推送结果------------------{"status":1,"res":{"id":101286,"msg":"The article was submitted successfully"}} [] []
[2017-01-16 17:58:27] applog.INFO: 推送展会:2012第二届中国河南国际煤炭工业设备及技术展览 [] []
[2017-01-16 17:58:27] applog.NOTICE: http://oilsns.com/api.php:推送结果------------------{"status":0,"res":{"id":"","msg":"The title already exists"}} [] []
[2017-01-16 17:58:28] applog.NOTICE: http://wp.pecans.cn/api.php:推送结果------------------{"status":0,"res":{"id":"","msg":"The title already exists"}} [] []
[2017-01-16 17:58:31] applog.INFO: 推送展会:第七届中部太阳能产业博览会 [] []
[2017-01-16 17:58:33] applog.NOTICE: http://oilsns.com/api.php:推送结果------------------{"status":1,"res":{"id":101284,"msg":"The article was submitted successfully"}} [] []
[2017-01-16 17:58:33] applog.NOTICE: http://wp.pecans.cn/api.php:推送结果------------------{"status":1,"res":{"id":101284,"msg":"The article was submitted successfully"}} [] []
[2017-01-16 17:58:37] applog.INFO: 推送展会:2012第七届中部太阳能产业博览会 [] []
[2017-01-16 17:58:38] applog.NOTICE: http://oilsns.com/api.php:推送结果------------------{"status":1,"res":{"id":101283,"msg":"The article was submitted successfully"}} [] []
[2017-01-16 17:58:39] applog.NOTICE: http://wp.pecans.cn/api.php:推送结果------------------{"status":1,"res":{"id":101283,"msg":"The article was submitted successfully"}} [] []
[2017-01-16 17:58:42] applog.INFO: 推送展会:2012第七届中部太阳能产业博览会 [] []
[2017-01-16 17:58:43] applog.NOTICE: http://oilsns.com/api.php:推送结果------------------{"status":0,"res":{"id":"","msg":"The title already exists"}} [] []
[2017-01-16 17:58:43] applog.NOTICE: http://wp.pecans.cn/api.php:推送结果------------------{"status":0,"res":{"id":"","msg":"The title already exists"}} [] []
[2017-01-16 17:58:47] applog.INFO: 推送展会:2011中国河南国际煤炭工业及矿山设备展览会 [] []
[2017-01-16 17:58:47] applog.NOTICE: http://oilsns.com/api.php:推送结果------------------{"status":1,"res":{"id":101281,"msg":"The article was submitted successfully"}} [] []
[2017-01-16 17:58:48] applog.NOTICE: http://wp.pecans.cn/api.php:推送结果------------------{"status":1,"res":{"id":101281,"msg":"The article was submitted successfully"}} [] []
[2017-01-16 17:58:52] applog.INFO: 推送展会:2011中国河南国际煤炭工业设备矿山设备暨新能源 [] []
[2017-01-16 17:58:52] applog.NOTICE: http://oilsns.com/api.php:推送结果------------------{"status":1,"res":{"id":101280,"msg":"The article was submitted successfully"}} [] []
[2017-01-16 17:58:53] applog.NOTICE: http://wp.pecans.cn/api.php:推送结果------------------{"status":1,"res":{"id":101280,"msg":"The article was submitted successfully"}} [] []
[2017-01-16 17:58:57] applog.INFO: 推送展会:2011中国郑州国际矿山机械及设备展 [] []
