[2017-01-06 09:51:33] applog.INFO: 开始查询渠道列表 [] []
[2017-01-06 09:51:33] applog.INFO: 查询渠道列表结束 [] []
[2017-01-06 09:51:33] applog.INFO: 开始采集信息 [] []
[2017-01-06 09:51:34] applog.INFO: 采集@上海展会信息成功:0 [] []
[2017-01-06 09:51:34] applog.INFO: 采集信息结束 [] []
[2017-01-06 09:51:39] applog.INFO: 开始查询渠道列表 [] []
[2017-01-06 09:51:39] applog.INFO: 查询渠道列表结束 [] []
[2017-01-06 09:51:39] applog.INFO: 开始采集信息 [] []
[2017-01-06 09:51:40] applog.INFO: 采集@浙江展会信息成功:0 [] []
[2017-01-06 09:51:40] applog.INFO: 采集信息结束 [] []
[2017-01-06 09:51:45] applog.INFO: 开始查询渠道列表 [] []
[2017-01-06 09:51:45] applog.INFO: 查询渠道列表结束 [] []
[2017-01-06 09:51:46] applog.INFO: 开始采集信息 [] []
[2017-01-06 09:51:46] applog.INFO: 采集@江苏展会信息成功:0 [] []
[2017-01-06 09:51:46] applog.INFO: 采集信息结束 [] []
[2017-01-06 09:51:53] applog.INFO: 开始查询渠道列表 [] []
[2017-01-06 09:51:53] applog.INFO: 查询渠道列表结束 [] []
[2017-01-06 09:51:53] applog.INFO: 开始采集信息 [] []
[2017-01-06 09:51:53] applog.INFO: 采集@安徽展会信息成功:0 [] []
[2017-01-06 09:51:54] applog.INFO: 采集信息结束 [] []
[2017-01-06 09:52:03] applog.INFO: 开始查询渠道列表 [] []
[2017-01-06 09:52:03] applog.INFO: 查询渠道列表结束 [] []
[2017-01-06 09:52:03] applog.INFO: 开始采集信息 [] []
[2017-01-06 09:52:04] applog.INFO: 采集@福建展会信息成功:0 [] []
[2017-01-06 09:52:04] applog.INFO: 采集信息结束 [] []
[2017-01-06 09:52:12] applog.INFO: 开始查询渠道列表 [] []
[2017-01-06 09:52:13] applog.INFO: 查询渠道列表结束 [] []
[2017-01-06 09:52:13] applog.INFO: 开始采集信息 [] []
[2017-01-06 09:52:13] applog.INFO: 采集@北京展会信息成功:0 [] []
[2017-01-06 09:52:13] applog.INFO: 采集信息结束 [] []
[2017-01-06 09:52:19] applog.INFO: 开始查询渠道列表 [] []
[2017-01-06 09:52:19] applog.INFO: 查询渠道列表结束 [] []
[2017-01-06 09:52:19] applog.INFO: 开始采集信息 [] []
[2017-01-06 09:52:19] applog.INFO: 采集@河北展会信息成功:0 [] []
[2017-01-06 09:52:20] applog.INFO: 采集信息结束 [] []
[2017-01-06 09:52:26] applog.INFO: 开始查询渠道列表 [] []
[2017-01-06 09:52:26] applog.INFO: 查询渠道列表结束 [] []
[2017-01-06 09:52:26] applog.INFO: 开始采集信息 [] []
[2017-01-06 09:52:27] applog.INFO: 采集@天津展会信息成功:0 [] []
[2017-01-06 09:52:28] applog.INFO: 采集信息结束 [] []
[2017-01-06 09:52:35] applog.INFO: 开始查询渠道列表 [] []
[2017-01-06 09:52:35] applog.INFO: 查询渠道列表结束 [] []
[2017-01-06 09:52:35] applog.INFO: 开始采集信息 [] []
[2017-01-06 09:52:36] applog.INFO: 采集@山西展会信息成功:0 [] []
[2017-01-06 09:52:36] applog.INFO: 采集信息结束 [] []
[2017-01-06 09:52:45] applog.INFO: 开始查询渠道列表 [] []
[2017-01-06 09:52:45] applog.INFO: 查询渠道列表结束 [] []
[2017-01-06 09:52:45] applog.INFO: 开始采集信息 [] []
[2017-01-06 09:52:46] applog.INFO: 采集@内蒙古展会信息成功:0 [] []
[2017-01-06 09:52:46] applog.INFO: 采集信息结束 [] []
[2017-01-06 09:52:51] applog.INFO: 开始查询渠道列表 [] []
[2017-01-06 09:52:52] applog.INFO: 查询渠道列表结束 [] []
[2017-01-06 09:52:52] applog.INFO: 开始采集信息 [] []
[2017-01-06 09:52:52] applog.INFO: 采集@云南展会信息成功:0 [] []
[2017-01-06 09:52:52] applog.INFO: 采集信息结束 [] []
[2017-01-06 09:53:05] applog.INFO: 开始查询渠道列表 [] []
[2017-01-06 09:53:06] applog.INFO: 查询渠道列表结束 [] []
[2017-01-06 09:53:06] applog.INFO: 开始采集信息 [] []
[2017-01-06 09:53:06] applog.INFO: 采集@四川展会信息成功:0 [] []
[2017-01-06 09:53:07] applog.INFO: 采集信息结束 [] []
[2017-01-06 09:53:12] applog.INFO: 开始查询渠道列表 [] []
[2017-01-06 09:53:12] applog.INFO: 查询渠道列表结束 [] []
[2017-01-06 09:53:12] applog.INFO: 开始采集信息 [] []
[2017-01-06 09:53:13] applog.INFO: 采集@重庆展会信息成功:0 [] []
[2017-01-06 09:53:13] applog.INFO: 采集信息结束 [] []
[2017-01-06 09:53:20] applog.INFO: 开始查询渠道列表 [] []
[2017-01-06 09:53:20] applog.INFO: 查询渠道列表结束 [] []
[2017-01-06 09:53:20] applog.INFO: 开始采集信息 [] []
[2017-01-06 09:53:21] applog.INFO: 采集@贵州展会信息成功:0 [] []
[2017-01-06 09:53:21] applog.INFO: 采集信息结束 [] []
[2017-01-06 09:53:31] applog.INFO: 开始查询渠道列表 [] []
[2017-01-06 09:53:31] applog.INFO: 查询渠道列表结束 [] []
[2017-01-06 09:53:31] applog.INFO: 开始采集信息 [] []
[2017-01-06 09:53:32] applog.INFO: 采集@西藏展会信息成功:0 [] []
[2017-01-06 09:53:32] applog.INFO: 采集信息结束 [] []
[2017-01-06 09:53:38] applog.INFO: 开始查询渠道列表 [] []
[2017-01-06 09:53:38] applog.INFO: 查询渠道列表结束 [] []
[2017-01-06 09:53:38] applog.INFO: 开始采集信息 [] []
[2017-01-06 09:53:39] applog.INFO: 采集@陕西展会信息成功:0 [] []
[2017-01-06 09:53:39] applog.INFO: 采集信息结束 [] []
[2017-01-06 09:53:45] applog.INFO: 开始查询渠道列表 [] []
[2017-01-06 09:53:45] applog.INFO: 查询渠道列表结束 [] []
[2017-01-06 09:53:45] applog.INFO: 开始采集信息 [] []
[2017-01-06 09:53:45] applog.INFO: 采集@甘肃展会信息成功:0 [] []
[2017-01-06 09:53:46] applog.INFO: 采集信息结束 [] []
[2017-01-06 09:53:51] applog.INFO: 开始查询渠道列表 [] []
[2017-01-06 09:53:52] applog.INFO: 查询渠道列表结束 [] []
[2017-01-06 09:53:52] applog.INFO: 开始采集信息 [] []
[2017-01-06 09:53:53] applog.INFO: 采集@宁夏展会信息成功:0 [] []
[2017-01-06 09:53:53] applog.INFO: 采集信息结束 [] []
[2017-01-06 09:54:02] applog.INFO: 开始查询渠道列表 [] []
[2017-01-06 09:54:02] applog.INFO: 查询渠道列表结束 [] []
[2017-01-06 09:54:02] applog.INFO: 开始采集信息 [] []
[2017-01-06 09:54:03] applog.INFO: 采集@新疆展会信息成功:0 [] []
[2017-01-06 09:54:03] applog.INFO: 采集信息结束 [] []
[2017-01-06 09:54:08] applog.INFO: 开始查询渠道列表 [] []
[2017-01-06 09:54:09] applog.INFO: 查询渠道列表结束 [] []
[2017-01-06 09:54:09] applog.INFO: 开始采集信息 [] []
[2017-01-06 09:54:09] applog.INFO: 采集@青海展会信息成功:0 [] []
[2017-01-06 09:54:09] applog.INFO: 采集信息结束 [] []
[2017-01-06 09:54:14] applog.INFO: 开始查询渠道列表 [] []
[2017-01-06 09:54:14] applog.INFO: 查询渠道列表结束 [] []
[2017-01-06 09:54:14] applog.INFO: 开始采集信息 [] []
[2017-01-06 09:54:15] applog.INFO: 采集@广东展会信息成功:0 [] []
[2017-01-06 09:54:15] applog.INFO: 采集信息结束 [] []
[2017-01-06 09:54:23] applog.INFO: 开始查询渠道列表 [] []
[2017-01-06 09:54:23] applog.INFO: 查询渠道列表结束 [] []
[2017-01-06 09:54:23] applog.INFO: 开始采集信息 [] []
[2017-01-06 09:54:24] applog.INFO: 采集@广西展会信息成功:0 [] []
[2017-01-06 09:54:24] applog.INFO: 采集信息结束 [] []
[2017-01-06 09:54:29] applog.INFO: 开始查询渠道列表 [] []
[2017-01-06 09:54:29] applog.INFO: 查询渠道列表结束 [] []
[2017-01-06 09:54:29] applog.INFO: 开始采集信息 [] []
[2017-01-06 09:54:30] applog.INFO: 采集@海南展会信息成功:0 [] []
[2017-01-06 09:54:30] applog.INFO: 采集信息结束 [] []
[2017-01-06 09:54:35] applog.INFO: 开始查询渠道列表 [] []
[2017-01-06 09:54:36] applog.INFO: 查询渠道列表结束 [] []
[2017-01-06 09:54:36] applog.INFO: 开始采集信息 [] []
[2017-01-06 09:54:36] applog.INFO: 采集@湖南展会信息成功:0 [] []
[2017-01-06 09:54:36] applog.INFO: 采集信息结束 [] []
[2017-01-06 09:54:42] applog.INFO: 开始查询渠道列表 [] []
[2017-01-06 09:54:42] applog.INFO: 查询渠道列表结束 [] []
[2017-01-06 09:54:42] applog.INFO: 开始采集信息 [] []
[2017-01-06 09:54:43] applog.INFO: 采集@湖北展会信息成功:0 [] []
[2017-01-06 09:54:43] applog.INFO: 采集信息结束 [] []
[2017-01-06 09:54:49] applog.INFO: 开始查询渠道列表 [] []
[2017-01-06 09:54:49] applog.INFO: 查询渠道列表结束 [] []
[2017-01-06 09:54:49] applog.INFO: 开始采集信息 [] []
[2017-01-06 09:54:50] applog.INFO: 采集@河南展会信息成功:0 [] []
[2017-01-06 09:54:50] applog.INFO: 采集信息结束 [] []
[2017-01-06 09:54:57] applog.INFO: 开始查询渠道列表 [] []
[2017-01-06 09:54:57] applog.INFO: 查询渠道列表结束 [] []
[2017-01-06 09:54:57] applog.INFO: 开始采集信息 [] []
[2017-01-06 09:54:58] applog.INFO: 采集@江西展会信息成功:0 [] []
[2017-01-06 09:54:58] applog.INFO: 采集信息结束 [] []
[2017-01-06 09:55:03] applog.INFO: 开始查询渠道列表 [] []
[2017-01-06 09:55:04] applog.INFO: 查询渠道列表结束 [] []
[2017-01-06 09:55:04] applog.INFO: 开始采集信息 [] []
[2017-01-06 09:55:04] applog.INFO: 采集@辽宁展会信息成功:0 [] []
[2017-01-06 09:55:04] applog.INFO: 采集信息结束 [] []
[2017-01-06 09:55:10] applog.INFO: 开始查询渠道列表 [] []
[2017-01-06 09:55:10] applog.INFO: 查询渠道列表结束 [] []
[2017-01-06 09:55:10] applog.INFO: 开始采集信息 [] []
[2017-01-06 09:55:11] applog.INFO: 采集@吉林展会信息成功:0 [] []
[2017-01-06 09:55:11] applog.INFO: 采集信息结束 [] []
[2017-01-06 09:55:16] applog.INFO: 开始查询渠道列表 [] []
[2017-01-06 09:55:16] applog.INFO: 查询渠道列表结束 [] []
[2017-01-06 09:55:16] applog.INFO: 开始采集信息 [] []
[2017-01-06 09:55:17] applog.INFO: 采集@黑龙江展会信息成功:0 [] []
[2017-01-06 09:55:17] applog.INFO: 采集信息结束 [] []
[2017-01-06 09:55:23] applog.INFO: 开始查询渠道列表 [] []
[2017-01-06 09:55:23] applog.INFO: 查询渠道列表结束 [] []
[2017-01-06 09:55:23] applog.INFO: 开始采集信息 [] []
[2017-01-06 09:55:24] applog.INFO: 采集@香港展会信息成功:0 [] []
[2017-01-06 09:55:24] applog.INFO: 采集信息结束 [] []
[2017-01-06 09:55:28] applog.INFO: 开始查询渠道列表 [] []
[2017-01-06 09:55:29] applog.INFO: 查询渠道列表结束 [] []
[2017-01-06 09:55:29] applog.INFO: 开始采集信息 [] []
[2017-01-06 09:55:29] applog.INFO: 采集@澳门展会信息成功:0 [] []
[2017-01-06 09:55:29] applog.INFO: 采集信息结束 [] []
[2017-01-06 09:55:35] applog.INFO: 开始查询渠道列表 [] []
[2017-01-06 09:55:35] applog.INFO: 查询渠道列表结束 [] []
[2017-01-06 09:55:35] applog.INFO: 开始采集信息 [] []
[2017-01-06 09:55:35] applog.INFO: 采集@台湾展会信息成功:0 [] []
[2017-01-06 09:55:35] applog.INFO: 采集信息结束 [] []
[2017-01-06 09:55:42] applog.INFO: 开始查询渠道列表 [] []
[2017-01-06 09:55:42] applog.INFO: 查询渠道列表结束 [] []
[2017-01-06 09:55:42] applog.INFO: 开始采集信息 [] []
[2017-01-06 09:55:43] applog.INFO: 采集@日本展会信息成功:0 [] []
[2017-01-06 09:55:43] applog.INFO: 采集信息结束 [] []
[2017-01-06 09:55:49] applog.INFO: 开始查询渠道列表 [] []
[2017-01-06 09:55:49] applog.INFO: 查询渠道列表结束 [] []
[2017-01-06 09:55:49] applog.INFO: 开始采集信息 [] []
[2017-01-06 09:55:50] applog.INFO: 采集@迪拜展会信息成功:0 [] []
[2017-01-06 09:55:50] applog.INFO: 采集信息结束 [] []
[2017-01-06 09:55:55] applog.INFO: 开始查询渠道列表 [] []
[2017-01-06 09:55:55] applog.INFO: 查询渠道列表结束 [] []
[2017-01-06 09:55:55] applog.INFO: 开始采集信息 [] []
[2017-01-06 09:55:56] applog.INFO: 采集@印度展会信息成功:0 [] []
[2017-01-06 09:55:56] applog.INFO: 采集信息结束 [] []
[2017-01-06 09:56:02] applog.INFO: 开始查询渠道列表 [] []
[2017-01-06 09:56:02] applog.INFO: 查询渠道列表结束 [] []
[2017-01-06 09:56:02] applog.INFO: 开始采集信息 [] []
[2017-01-06 09:56:03] applog.INFO: 采集@韩国展会信息成功:0 [] []
[2017-01-06 09:56:03] applog.INFO: 采集信息结束 [] []
[2017-01-06 09:56:08] applog.INFO: 开始查询渠道列表 [] []
[2017-01-06 09:56:09] applog.INFO: 查询渠道列表结束 [] []
[2017-01-06 09:56:09] applog.INFO: 开始采集信息 [] []
[2017-01-06 09:56:09] applog.INFO: 采集@泰国展会信息成功:0 [] []
[2017-01-06 09:56:10] applog.INFO: 采集信息结束 [] []
[2017-01-06 09:56:15] applog.INFO: 开始查询渠道列表 [] []
[2017-01-06 09:56:15] applog.INFO: 查询渠道列表结束 [] []
[2017-01-06 09:56:16] applog.INFO: 开始采集信息 [] []
[2017-01-06 09:56:16] applog.INFO: 采集@土耳其展会信息成功:0 [] []
[2017-01-06 09:56:17] applog.INFO: 采集信息结束 [] []
[2017-01-06 09:56:21] applog.INFO: 开始查询渠道列表 [] []
[2017-01-06 09:56:22] applog.INFO: 查询渠道列表结束 [] []
[2017-01-06 09:56:22] applog.INFO: 开始采集信息 [] []
[2017-01-06 09:56:23] applog.INFO: 采集@伊朗展会信息成功:0 [] []
[2017-01-06 09:56:23] applog.INFO: 采集信息结束 [] []
[2017-01-06 09:56:29] applog.INFO: 开始查询渠道列表 [] []
[2017-01-06 09:56:30] applog.INFO: 查询渠道列表结束 [] []
[2017-01-06 09:56:30] applog.INFO: 开始采集信息 [] []
[2017-01-06 09:56:30] applog.INFO: 采集@越南展会信息成功:0 [] []
[2017-01-06 09:56:31] applog.INFO: 采集信息结束 [] []
[2017-01-06 09:56:36] applog.INFO: 开始查询渠道列表 [] []
[2017-01-06 09:56:36] applog.INFO: 查询渠道列表结束 [] []
[2017-01-06 09:56:36] applog.INFO: 开始采集信息 [] []
[2017-01-06 09:56:37] applog.INFO: 采集@新加坡展会信息成功:0 [] []
[2017-01-06 09:56:37] applog.INFO: 采集信息结束 [] []
[2017-01-06 09:56:42] applog.INFO: 开始查询渠道列表 [] []
[2017-01-06 09:56:42] applog.INFO: 查询渠道列表结束 [] []
[2017-01-06 09:56:42] applog.INFO: 开始采集信息 [] []
[2017-01-06 09:56:43] applog.INFO: 采集@哥伦比亚展会信息成功:0 [] []
[2017-01-06 09:56:43] applog.INFO: 采集信息结束 [] []
[2017-01-06 09:56:49] applog.INFO: 开始查询渠道列表 [] []
[2017-01-06 09:56:49] applog.INFO: 查询渠道列表结束 [] []
[2017-01-06 09:56:49] applog.INFO: 开始采集信息 [] []
[2017-01-06 09:56:50] applog.INFO: 采集@巴西展会信息成功:0 [] []
[2017-01-06 09:56:50] applog.INFO: 采集信息结束 [] []
[2017-01-06 09:56:56] applog.INFO: 开始查询渠道列表 [] []
[2017-01-06 09:56:56] applog.INFO: 查询渠道列表结束 [] []
[2017-01-06 09:56:56] applog.INFO: 开始采集信息 [] []
[2017-01-06 09:56:57] applog.INFO: 采集@智利展会信息成功:0 [] []
[2017-01-06 09:56:57] applog.INFO: 采集信息结束 [] []
[2017-01-06 09:57:03] applog.INFO: 开始查询渠道列表 [] []
[2017-01-06 09:57:03] applog.INFO: 查询渠道列表结束 [] []
[2017-01-06 09:57:03] applog.INFO: 开始采集信息 [] []
[2017-01-06 09:57:04] applog.INFO: 采集@阿根廷展会信息成功:0 [] []
[2017-01-06 09:57:05] applog.INFO: 采集信息结束 [] []
[2017-01-06 09:57:09] applog.INFO: 开始查询渠道列表 [] []
[2017-01-06 09:57:09] applog.INFO: 查询渠道列表结束 [] []
[2017-01-06 09:57:09] applog.INFO: 开始采集信息 [] []
[2017-01-06 09:57:10] applog.INFO: 采集@美国展会信息成功:0 [] []
[2017-01-06 09:57:10] applog.INFO: 采集信息结束 [] []
[2017-01-06 09:57:15] applog.INFO: 开始查询渠道列表 [] []
[2017-01-06 09:57:15] applog.INFO: 查询渠道列表结束 [] []
[2017-01-06 09:57:15] applog.INFO: 开始采集信息 [] []
[2017-01-06 09:57:16] applog.INFO: 采集@加拿大展会信息成功:0 [] []
[2017-01-06 09:57:16] applog.INFO: 采集信息结束 [] []
[2017-01-06 09:57:22] applog.INFO: 开始查询渠道列表 [] []
[2017-01-06 09:57:22] applog.INFO: 查询渠道列表结束 [] []
[2017-01-06 09:57:22] applog.INFO: 开始采集信息 [] []
[2017-01-06 09:57:23] applog.INFO: 采集@墨西哥展会信息成功:0 [] []
[2017-01-06 09:57:23] applog.INFO: 采集信息结束 [] []
[2017-01-06 09:57:27] applog.INFO: 开始查询渠道列表 [] []
[2017-01-06 09:57:28] applog.INFO: 查询渠道列表结束 [] []
[2017-01-06 09:57:28] applog.INFO: 开始采集信息 [] []
[2017-01-06 09:57:29] applog.INFO: 采集@德国展会信息成功:0 [] []
[2017-01-06 09:57:29] applog.INFO: 采集信息结束 [] []
[2017-01-06 09:57:33] applog.INFO: 开始查询渠道列表 [] []
[2017-01-06 09:57:34] applog.INFO: 查询渠道列表结束 [] []
[2017-01-06 09:57:34] applog.INFO: 开始采集信息 [] []
[2017-01-06 09:57:34] applog.INFO: 采集@英国展会信息成功:0 [] []
[2017-01-06 09:57:34] applog.INFO: 采集信息结束 [] []
[2017-01-06 09:57:39] applog.INFO: 开始查询渠道列表 [] []
[2017-01-06 09:57:39] applog.INFO: 查询渠道列表结束 [] []
[2017-01-06 09:57:40] applog.INFO: 开始采集信息 [] []
[2017-01-06 09:57:40] applog.INFO: 采集@俄罗斯展会信息成功:0 [] []
[2017-01-06 09:57:40] applog.INFO: 采集信息结束 [] []
[2017-01-06 09:57:49] applog.INFO: 开始查询渠道列表 [] []
[2017-01-06 09:57:49] applog.INFO: 查询渠道列表结束 [] []
[2017-01-06 09:57:49] applog.INFO: 开始采集信息 [] []
[2017-01-06 09:57:50] applog.INFO: 采集@法国展会信息成功:0 [] []
[2017-01-06 09:57:50] applog.INFO: 采集信息结束 [] []
[2017-01-06 09:58:18] applog.INFO: 开始查询渠道列表 [] []
[2017-01-06 09:58:18] applog.INFO: 查询渠道列表结束 [] []
[2017-01-06 09:58:18] applog.INFO: 开始采集信息 [] []
[2017-01-06 09:58:19] applog.INFO: 采集@意大利展会信息成功:0 [] []
[2017-01-06 09:58:19] applog.INFO: 采集信息结束 [] []
[2017-01-06 09:58:41] applog.INFO: 开始查询渠道列表 [] []
[2017-01-06 09:58:42] applog.INFO: 查询渠道列表结束 [] []
[2017-01-06 09:58:42] applog.INFO: 开始采集信息 [] []
[2017-01-06 09:58:42] applog.INFO: 采集@波兰展会信息成功:0 [] []
[2017-01-06 09:58:43] applog.INFO: 采集信息结束 [] []
[2017-01-06 09:58:48] applog.INFO: 开始查询渠道列表 [] []
[2017-01-06 09:58:48] applog.INFO: 查询渠道列表结束 [] []
[2017-01-06 09:58:48] applog.INFO: 开始采集信息 [] []
[2017-01-06 09:58:49] applog.INFO: 采集@澳大利亚展会信息成功:0 [] []
[2017-01-06 09:58:50] applog.INFO: 采集信息结束 [] []
[2017-01-06 09:59:00] applog.INFO: 开始查询渠道列表 [] []
[2017-01-06 09:59:00] applog.INFO: 查询渠道列表结束 [] []
[2017-01-06 09:59:00] applog.INFO: 开始采集信息 [] []
[2017-01-06 09:59:01] applog.INFO: 采集@埃及展会信息成功:0 [] []
[2017-01-06 09:59:01] applog.INFO: 采集信息结束 [] []
[2017-01-06 10:08:44] applog.INFO: 开始查询渠道列表 [] []
[2017-01-06 10:08:44] applog.INFO: 查询渠道列表结束 [] []
[2017-01-06 10:08:44] applog.INFO: 开始采集信息 [] []
[2017-01-06 10:08:47] applog.INFO: 采集@日本展会信息成功:5 [] []
[2017-01-06 10:08:48] applog.INFO: 采集@迪拜展会信息成功:0 [] []
[2017-01-06 10:08:49] applog.INFO: 采集@印度展会信息成功:0 [] []
[2017-01-06 10:08:49] applog.INFO: 采集@韩国展会信息成功:0 [] []
[2017-01-06 10:08:51] applog.INFO: 采集@泰国展会信息成功:1 [] []
[2017-01-06 10:08:51] applog.INFO: 采集@土耳其展会信息成功:0 [] []
[2017-01-06 10:08:53] applog.INFO: 采集@伊朗展会信息成功:1 [] []
[2017-01-06 10:08:54] applog.INFO: 采集@越南展会信息成功:1 [] []
[2017-01-06 10:08:55] applog.INFO: 采集@新加坡展会信息成功:0 [] []
[2017-01-06 10:08:56] applog.INFO: 采集@哥伦比亚展会信息成功:1 [] []
[2017-01-06 10:08:57] applog.INFO: 采集@巴西展会信息成功:1 [] []
[2017-01-06 10:08:59] applog.INFO: 采集@智利展会信息成功:0 [] []
[2017-01-06 10:09:00] applog.INFO: 采集@阿根廷展会信息成功:0 [] []
[2017-01-06 10:09:01] applog.INFO: 采集@美国展会信息成功:0 [] []
[2017-01-06 10:09:02] applog.INFO: 采集@加拿大展会信息成功:0 [] []
[2017-01-06 10:09:03] applog.INFO: 采集@墨西哥展会信息成功:0 [] []
[2017-01-06 10:09:04] applog.INFO: 采集@德国展会信息成功:0 [] []
[2017-01-06 10:09:05] applog.INFO: 采集@英国展会信息成功:0 [] []
[2017-01-06 10:09:06] applog.INFO: 采集@俄罗斯展会信息成功:0 [] []
[2017-01-06 10:09:07] applog.INFO: 采集@法国展会信息成功:0 [] []
[2017-01-06 10:09:08] applog.INFO: 采集@意大利展会信息成功:0 [] []
[2017-01-06 10:09:09] applog.INFO: 采集@波兰展会信息成功:0 [] []
[2017-01-06 10:09:10] applog.INFO: 采集@澳大利亚展会信息成功:0 [] []
[2017-01-06 10:09:11] applog.INFO: 采集@埃及展会信息成功:0 [] []
[2017-01-06 10:09:12] applog.INFO: 采集@伊拉克展会信息成功:0 [] []
[2017-01-06 10:09:12] applog.INFO: 采集@科威特展会信息成功:0 [] []
[2017-01-06 10:09:13] applog.INFO: 采集@卡塔尔展会信息成功:0 [] []
[2017-01-06 10:09:14] applog.INFO: 采集@沙特展会信息成功:0 [] []
[2017-01-06 10:09:15] applog.INFO: 采集@叙利亚展会信息成功:0 [] []
[2017-01-06 10:09:16] applog.INFO: 采集@阿联酋展会信息成功:0 [] []
[2017-01-06 10:09:17] applog.INFO: 采集@上海展会信息成功:0 [] []
[2017-01-06 10:09:18] applog.INFO: 采集@浙江展会信息成功:0 [] []
[2017-01-06 10:09:19] applog.INFO: 采集@江苏展会信息成功:0 [] []
[2017-01-06 10:09:20] applog.INFO: 采集@安徽展会信息成功:0 [] []
[2017-01-06 10:09:21] applog.WARNING: 采集@山东展会信息失败 [] []
[2017-01-06 10:09:21] applog.WARNING: 错误原因：{exception 'InvalidArgumentException' with message 'json_decode error: Syntax error' in C:\Bitnami\wamp\apps\symfony\htdocs\vendor\guzzlehttp\guzzle\src\functions.php:303 Stack trace: #0 C:\Bitnami\wamp\apps\symfony\htdocs\src\AppBundle\Controller\CrawlerController.php(151): GuzzleHttp\json_decode('{} [] []
[2017-01-06 10:09:21] applog.INFO: 采集@福建展会信息成功:0 [] []
[2017-01-06 10:09:22] applog.INFO: 采集@北京展会信息成功:0 [] []
[2017-01-06 10:09:23] applog.INFO: 采集@河北展会信息成功:0 [] []
[2017-01-06 10:09:24] applog.INFO: 采集@天津展会信息成功:0 [] []
[2017-01-06 10:09:26] applog.INFO: 采集@山西展会信息成功:0 [] []
[2017-01-06 10:09:27] applog.INFO: 采集@内蒙古展会信息成功:0 [] []
[2017-01-06 10:09:28] applog.INFO: 采集@云南展会信息成功:0 [] []
[2017-01-06 10:09:30] applog.INFO: 采集@四川展会信息成功:0 [] []
[2017-01-06 10:09:31] applog.INFO: 采集@重庆展会信息成功:0 [] []
[2017-01-06 10:09:32] applog.INFO: 采集@贵州展会信息成功:0 [] []
[2017-01-06 10:09:34] applog.INFO: 采集@西藏展会信息成功:0 [] []
[2017-01-06 10:09:35] applog.INFO: 采集@陕西展会信息成功:0 [] []
[2017-01-06 10:09:36] applog.INFO: 采集@甘肃展会信息成功:0 [] []
[2017-01-06 10:09:37] applog.INFO: 采集@宁夏展会信息成功:0 [] []
[2017-01-06 10:09:38] applog.INFO: 采集@新疆展会信息成功:0 [] []
[2017-01-06 10:09:40] applog.INFO: 采集@青海展会信息成功:0 [] []
[2017-01-06 10:09:41] applog.INFO: 采集@广东展会信息成功:0 [] []
[2017-01-06 10:09:42] applog.WARNING: 采集@广西展会信息失败 [] []
[2017-01-06 10:09:42] applog.WARNING: 错误原因：{exception 'InvalidArgumentException' with message 'json_decode error: Syntax error' in C:\Bitnami\wamp\apps\symfony\htdocs\vendor\guzzlehttp\guzzle\src\functions.php:303 Stack trace: #0 C:\Bitnami\wamp\apps\symfony\htdocs\src\AppBundle\Controller\CrawlerController.php(151): GuzzleHttp\json_decode('{} [] []
[2017-01-06 10:09:43] applog.WARNING: 采集@海南展会信息失败 [] []
[2017-01-06 10:09:43] applog.WARNING: 错误原因：{exception 'InvalidArgumentException' with message 'json_decode error: Syntax error' in C:\Bitnami\wamp\apps\symfony\htdocs\vendor\guzzlehttp\guzzle\src\functions.php:303 Stack trace: #0 C:\Bitnami\wamp\apps\symfony\htdocs\src\AppBundle\Controller\CrawlerController.php(151): GuzzleHttp\json_decode('{} [] []
[2017-01-06 10:09:44] applog.WARNING: 采集@湖南展会信息失败 [] []
[2017-01-06 10:09:44] applog.WARNING: 错误原因：{exception 'InvalidArgumentException' with message 'json_decode error: Syntax error' in C:\Bitnami\wamp\apps\symfony\htdocs\vendor\guzzlehttp\guzzle\src\functions.php:303 Stack trace: #0 C:\Bitnami\wamp\apps\symfony\htdocs\src\AppBundle\Controller\CrawlerController.php(151): GuzzleHttp\json_decode('{} [] []
[2017-01-06 10:09:44] applog.WARNING: 采集@湖北展会信息失败 [] []
[2017-01-06 10:09:44] applog.WARNING: 错误原因：{exception 'InvalidArgumentException' with message 'json_decode error: Syntax error' in C:\Bitnami\wamp\apps\symfony\htdocs\vendor\guzzlehttp\guzzle\src\functions.php:303 Stack trace: #0 C:\Bitnami\wamp\apps\symfony\htdocs\src\AppBundle\Controller\CrawlerController.php(151): GuzzleHttp\json_decode('{} [] []
[2017-01-06 10:09:44] applog.WARNING: 采集@河南展会信息失败 [] []
[2017-01-06 10:09:44] applog.WARNING: 错误原因：{exception 'InvalidArgumentException' with message 'json_decode error: Syntax error' in C:\Bitnami\wamp\apps\symfony\htdocs\vendor\guzzlehttp\guzzle\src\functions.php:303 Stack trace: #0 C:\Bitnami\wamp\apps\symfony\htdocs\src\AppBundle\Controller\CrawlerController.php(151): GuzzleHttp\json_decode('{} [] []
[2017-01-06 10:09:45] applog.WARNING: 采集@江西展会信息失败 [] []
[2017-01-06 10:09:45] applog.WARNING: 错误原因：{exception 'InvalidArgumentException' with message 'json_decode error: Syntax error' in C:\Bitnami\wamp\apps\symfony\htdocs\vendor\guzzlehttp\guzzle\src\functions.php:303 Stack trace: #0 C:\Bitnami\wamp\apps\symfony\htdocs\src\AppBundle\Controller\CrawlerController.php(151): GuzzleHttp\json_decode('{} [] []
[2017-01-06 10:09:45] applog.WARNING: 采集@辽宁展会信息失败 [] []
[2017-01-06 10:09:45] applog.WARNING: 错误原因：{exception 'InvalidArgumentException' with message 'json_decode error: Syntax error' in C:\Bitnami\wamp\apps\symfony\htdocs\vendor\guzzlehttp\guzzle\src\functions.php:303 Stack trace: #0 C:\Bitnami\wamp\apps\symfony\htdocs\src\AppBundle\Controller\CrawlerController.php(151): GuzzleHttp\json_decode('{} [] []
[2017-01-06 10:09:46] applog.WARNING: 采集@吉林展会信息失败 [] []
[2017-01-06 10:09:46] applog.WARNING: 错误原因：{exception 'InvalidArgumentException' with message 'json_decode error: Syntax error' in C:\Bitnami\wamp\apps\symfony\htdocs\vendor\guzzlehttp\guzzle\src\functions.php:303 Stack trace: #0 C:\Bitnami\wamp\apps\symfony\htdocs\src\AppBundle\Controller\CrawlerController.php(151): GuzzleHttp\json_decode('{} [] []
[2017-01-06 10:09:46] applog.WARNING: 采集@黑龙江展会信息失败 [] []
[2017-01-06 10:09:46] applog.WARNING: 错误原因：{exception 'InvalidArgumentException' with message 'json_decode error: Syntax error' in C:\Bitnami\wamp\apps\symfony\htdocs\vendor\guzzlehttp\guzzle\src\functions.php:303 Stack trace: #0 C:\Bitnami\wamp\apps\symfony\htdocs\src\AppBundle\Controller\CrawlerController.php(151): GuzzleHttp\json_decode('{} [] []
[2017-01-06 10:09:47] applog.WARNING: 采集@香港展会信息失败 [] []
[2017-01-06 10:09:47] applog.WARNING: 错误原因：{exception 'InvalidArgumentException' with message 'json_decode error: Syntax error' in C:\Bitnami\wamp\apps\symfony\htdocs\vendor\guzzlehttp\guzzle\src\functions.php:303 Stack trace: #0 C:\Bitnami\wamp\apps\symfony\htdocs\src\AppBundle\Controller\CrawlerController.php(151): GuzzleHttp\json_decode('{} [] []
[2017-01-06 10:09:47] applog.WARNING: 采集@澳门展会信息失败 [] []
[2017-01-06 10:09:47] applog.WARNING: 错误原因：{exception 'InvalidArgumentException' with message 'json_decode error: Syntax error' in C:\Bitnami\wamp\apps\symfony\htdocs\vendor\guzzlehttp\guzzle\src\functions.php:303 Stack trace: #0 C:\Bitnami\wamp\apps\symfony\htdocs\src\AppBundle\Controller\CrawlerController.php(151): GuzzleHttp\json_decode('{} [] []
[2017-01-06 10:09:47] applog.WARNING: 采集@台湾展会信息失败 [] []
[2017-01-06 10:09:47] applog.WARNING: 错误原因：{exception 'InvalidArgumentException' with message 'json_decode error: Syntax error' in C:\Bitnami\wamp\apps\symfony\htdocs\vendor\guzzlehttp\guzzle\src\functions.php:303 Stack trace: #0 C:\Bitnami\wamp\apps\symfony\htdocs\src\AppBundle\Controller\CrawlerController.php(151): GuzzleHttp\json_decode('{} [] []
[2017-01-06 10:09:48] applog.INFO: 采集信息结束 [] []
