[2017-01-06 09:49:57] applog.INFO: 进入pushEzhan。。开始推送展会信息 [] []
[2017-01-06 10:16:24] applog.INFO: 进入postTestAction。。开始推送抓取文章 [] []
[2017-01-06 10:16:25] applog.INFO: 现在是2017-01-06 10:16:25 [] []
[2017-01-06 10:16:25] applog.INFO: 推送结束！ [] []
[2017-01-06 10:17:28] applog.INFO: 进入pushEzhan。。开始推送展会信息 [] []
[2017-01-06 10:17:31] applog.NOTICE: http://wp.pecans.cn/api.php:推送结果------------------{"status":1,"res":{"id":88499,"msg":"The article was submitted successfully"}} [] []
[2017-01-06 10:17:32] applog.NOTICE: http://wp.pecans.cn/api.php:推送结果------------------{"status":1,"res":{"id":88498,"msg":"The article was submitted successfully"}} [] []
[2017-01-06 10:17:33] applog.NOTICE: http://wp.pecans.cn/api.php:推送结果------------------{"status":1,"res":{"id":88497,"msg":"The article was submitted successfully"}} [] []
[2017-01-06 10:17:34] applog.NOTICE: http://wp.pecans.cn/api.php:推送结果------------------{"status":1,"res":{"id":88496,"msg":"The article was submitted successfully"}} [] []
[2017-01-06 10:17:34] applog.NOTICE: http://wp.pecans.cn/api.php:推送结果------------------{"status":1,"res":{"id":88495,"msg":"The article was submitted successfully"}} [] []
[2017-01-06 10:17:35] applog.NOTICE: http://wp.pecans.cn/api.php:推送结果------------------{"status":1,"res":{"id":88494,"msg":"The article was submitted successfully"}} [] []
[2017-01-06 10:17:36] applog.NOTICE: http://wp.pecans.cn/api.php:推送结果------------------{"status":1,"res":{"id":88493,"msg":"The article was submitted successfully"}} [] []
[2017-01-06 10:17:37] applog.NOTICE: http://wp.pecans.cn/api.php:推送结果------------------{"status":1,"res":{"id":88492,"msg":"The article was submitted successfully"}} [] []
[2017-01-06 10:17:38] applog.NOTICE: http://wp.pecans.cn/api.php:推送结果------------------{"status":1,"res":{"id":88491,"msg":"The article was submitted successfully"}} [] []
[2017-01-06 10:17:38] applog.NOTICE: http://wp.pecans.cn/api.php:推送结果------------------{"status":1,"res":{"id":88490,"msg":"The article was submitted successfully"}} [] []
[2017-01-06 10:22:39] applog.INFO: 进入pushEzhan。。开始推送展会信息 [] []
[2017-01-06 10:22:40] applog.NOTICE: http://wp.pecans.cn/api.php:推送结果------------------{"status":1,"res":{"id":88499,"msg":"The article was submitted successfully"}} [] []
[2017-01-06 10:22:41] applog.NOTICE: http://wp.pecans.cn/api.php:推送结果------------------{"status":1,"res":{"id":88498,"msg":"The article was submitted successfully"}} [] []
[2017-01-06 10:22:42] applog.NOTICE: http://wp.pecans.cn/api.php:推送结果------------------{"status":1,"res":{"id":88497,"msg":"The article was submitted successfully"}} [] []
[2017-01-06 10:22:43] applog.NOTICE: http://wp.pecans.cn/api.php:推送结果------------------{"status":1,"res":{"id":88496,"msg":"The article was submitted successfully"}} [] []
[2017-01-06 10:22:44] applog.NOTICE: http://wp.pecans.cn/api.php:推送结果------------------{"status":1,"res":{"id":88495,"msg":"The article was submitted successfully"}} [] []
[2017-01-06 10:22:44] applog.NOTICE: http://wp.pecans.cn/api.php:推送结果------------------{"status":1,"res":{"id":88494,"msg":"The article was submitted successfully"}} [] []
[2017-01-06 10:22:45] applog.NOTICE: http://wp.pecans.cn/api.php:推送结果------------------{"status":1,"res":{"id":88493,"msg":"The article was submitted successfully"}} [] []
[2017-01-06 10:22:46] applog.NOTICE: http://wp.pecans.cn/api.php:推送结果------------------{"status":1,"res":{"id":88492,"msg":"The article was submitted successfully"}} [] []
[2017-01-06 10:22:46] applog.NOTICE: http://wp.pecans.cn/api.php:推送结果------------------{"status":1,"res":{"id":88491,"msg":"The article was submitted successfully"}} [] []
[2017-01-06 10:22:47] applog.NOTICE: http://wp.pecans.cn/api.php:推送结果------------------{"status":1,"res":{"id":88490,"msg":"The article was submitted successfully"}} [] []
[2017-01-06 11:26:10] applog.INFO: 进入pushEzhan。。开始推送展会信息 [] []
[2017-01-06 11:26:12] applog.NOTICE: http://wp.pecans.cn/api.php:推送结果------------------{"status":1,"res":{"id":88499,"msg":"The article was submitted successfully"}} [] []
[2017-01-06 11:26:13] applog.NOTICE: http://wp.pecans.cn/api.php:推送结果------------------{"status":1,"res":{"id":88498,"msg":"The article was submitted successfully"}} [] []
[2017-01-06 11:26:14] applog.NOTICE: http://wp.pecans.cn/api.php:推送结果------------------{"status":1,"res":{"id":88497,"msg":"The article was submitted successfully"}} [] []
[2017-01-06 11:26:16] applog.NOTICE: http://wp.pecans.cn/api.php:推送结果------------------{"status":1,"res":{"id":88496,"msg":"The article was submitted successfully"}} [] []
[2017-01-06 11:26:22] applog.NOTICE: http://wp.pecans.cn/api.php:推送结果------------------{"status":1,"res":{"id":88495,"msg":"The article was submitted successfully"}} [] []
[2017-01-06 11:26:24] applog.NOTICE: http://wp.pecans.cn/api.php:推送结果------------------{"status":1,"res":{"id":88494,"msg":"The article was submitted successfully"}} [] []
[2017-01-06 11:26:26] applog.NOTICE: http://wp.pecans.cn/api.php:推送结果------------------{"status":1,"res":{"id":88493,"msg":"The article was submitted successfully"}} [] []
[2017-01-06 11:26:27] applog.NOTICE: http://wp.pecans.cn/api.php:推送结果------------------{"status":1,"res":{"id":88492,"msg":"The article was submitted successfully"}} [] []
[2017-01-06 11:26:29] applog.NOTICE: http://wp.pecans.cn/api.php:推送结果------------------{"status":1,"res":{"id":88491,"msg":"The article was submitted successfully"}} [] []
[2017-01-06 11:26:31] applog.NOTICE: http://wp.pecans.cn/api.php:推送结果------------------{"status":1,"res":{"id":88490,"msg":"The article was submitted successfully"}} [] []
