[2017-01-11 15:25:55] applog.INFO: 开始推送石油链---渠道 [] []
[2017-01-11 15:25:55] applog.INFO: 推送石油链--渠道:Oil India Limited（OIL） [] []
[2017-01-11 15:25:55] applog.INFO: 推送成功 [] []
[2017-01-11 15:25:55] applog.INFO: 推送结束！ [] []
[2017-01-11 15:38:32] applog.INFO: 开始推送石油链---渠道 [] []
[2017-01-11 15:38:34] applog.INFO: 推送石油链--渠道:Oil India Limited（OIL） [] []
[2017-01-11 15:38:34] applog.WARNING: exception 'InvalidArgumentException' with message 'json_decode error: Syntax error' in C:\Bitnami\wamp\apps\symfony\htdocs\vendor\guzzlehttp\guzzle\src\functions.php:303 Stack trace: #0 C:\Bitnami\wamp\apps\symfony\htdocs\src\CompaniesBundle\Controller\TcompanyController.php(74): GuzzleHttp\json_decode('<!DOCTYPE html ...') #1 [internal function]: CompaniesBundle\Controller\TcompanyController->pushTestAction(Object(Symfony\Component\HttpFoundation\Request)) #2 C:\Bitnami\wamp\apps\symfony\htdocs\vendor\symfony\symfony\src\Symfony\Component\HttpKernel\HttpKernel.php(139): call_user_func_array(Array, Array) #3 C:\Bitnami\wamp\apps\symfony\htdocs\vendor\symfony\symfony\src\Symfony\Component\HttpKernel\HttpKernel.php(62): Symfony\Component\HttpKernel\HttpKernel->handleRaw(Object(Symfony\Component\HttpFoundation\Request), 2) #4 C:\Bitnami\wamp\apps\symfony\htdocs\vendor\symfony\symfony\src\Symfony\Component\HttpKernel\DependencyInjection\ContainerAwareHttpKernel.php(69): Symfony\Component\HttpKernel\HttpKernel->handle(Object(Symfony\Component\HttpFoundation\Request), 2, true) #5 C:\Bitnami\wamp\apps\symfony\htdocs\vendor\symfony\symfony\src\Symfony\Bundle\FrameworkBundle\Controller\Controller.php(69): Symfony\Component\HttpKernel\DependencyInjection\ContainerAwareHttpKernel->handle(Object(Symfony\Component\HttpFoundation\Request), 2) #6 C:\Bitnami\wamp\apps\symfony\htdocs\src\AppBundle\Controller\CompanyController.php(107): Symfony\Bundle\FrameworkBundle\Controller\Controller->forward('CompaniesBundle...') #7 [internal function]: AppBundle\Controller\CompanyController->editAction(Object(Symfony\Component\HttpFoundation\Request), '1') #8 C:\Bitnami\wamp\apps\symfony\htdocs\vendor\symfony\symfony\src\Symfony\Component\HttpKernel\HttpKernel.php(139): call_user_func_array(Array, Array) #9 C:\Bitnami\wamp\apps\symfony\htdocs\vendor\symfony\symfony\src\Symfony\Component\HttpKernel\HttpKernel.php(62): Symfony\Component\HttpKernel\HttpKernel->handleRaw(Object(Symfony\Component\HttpFoundation\Request), 1) #10 C:\Bitnami\wamp\apps\symfony\htdocs\vendor\symfony\symfony\src\Symfony\Component\HttpKernel\DependencyInjection\ContainerAwareHttpKernel.php(69): Symfony\Component\HttpKernel\HttpKernel->handle(Object(Symfony\Component\HttpFoundation\Request), 1, true) #11 C:\Bitnami\wamp\apps\symfony\htdocs\vendor\symfony\symfony\src\Symfony\Component\HttpKernel\Kernel.php(185): Symfony\Component\HttpKernel\DependencyInjection\ContainerAwareHttpKernel->handle(Object(Symfony\Component\HttpFoundation\Request), 1, true) #12 C:\Bitnami\wamp\apps\symfony\htdocs\web\app_dev.php(35): Symfony\Component\HttpKernel\Kernel->handle(Object(Symfony\Component\HttpFoundation\Request)) #13 {main} [] []
[2017-01-11 15:38:34] applog.INFO: 推送结束！ [] []
[2017-01-11 15:43:33] applog.INFO: 开始推送石油链---渠道 [] []
[2017-01-11 15:43:57] applog.INFO: 开始推送石油链---渠道 [] []
[2017-01-11 15:44:38] applog.INFO: 开始推送石油链---渠道 [] []
[2017-01-11 15:44:39] applog.INFO: 推送石油链--渠道:Oil India Limited（OIL） [] []
[2017-01-11 15:46:45] applog.INFO: 开始推送石油链---渠道 [] []
[2017-01-11 15:46:45] applog.INFO: 推送石油链--渠道:Oil India Limited（OIL） [] []
[2017-01-11 15:47:52] applog.INFO: 开始推送石油链---渠道 [] []
[2017-01-11 15:47:53] applog.INFO: 推送石油链--渠道:Oil India Limited（OIL） [] []
[2017-01-11 15:47:53] applog.INFO: 推送成功 [] []
[2017-01-11 15:47:53] applog.INFO: 推送结束！ [] []
[2017-01-11 15:48:23] applog.INFO: 开始推送石油链---渠道 [] []
[2017-01-11 15:48:23] applog.INFO: 推送石油链--渠道:Oil India Limited（OIL） [] []
[2017-01-11 15:48:23] applog.INFO: 推送成功 [] []
[2017-01-11 15:48:23] applog.INFO: 推送结束！ [] []
