[2017-01-04 10:38:06] applog.INFO: 开始执行定时任务>>> [] []
[2017-01-04 10:38:06] applog.INFO: 准备首次抓取>>>>>> [] []
[2017-01-04 10:38:06] applog.INFO: >>>开始招标抓取 [] []
[2017-01-04 10:38:06] applog.INFO: 开始查询渠道列表 [] []
[2017-01-04 10:38:07] applog.INFO: 查询渠道列表结束 [] []
[2017-01-04 10:38:07] applog.INFO: 开始采集信息 [] []
[2017-01-04 10:38:23] applog.INFO: 采集@Oil India Limited（OIL）信息成功:0 [] []
[2017-01-04 10:38:44] applog.INFO: 采集@Petronet LNG信息成功:0 [] []
[2017-01-04 10:38:47] applog.INFO: 采集@Georgian Oil & Gas Corporation信息成功:0 [] []
[2017-01-04 10:39:12] applog.INFO: 采集@Oil and Gas Development Company Limited  (OGDCL)  goods信息成功:0 [] []
[2017-01-04 10:39:14] applog.INFO: 采集@Pakistan Petroleum Limited信息成功:0 [] []
[2017-01-04 10:39:18] applog.INFO: 采集@Mari Petroleum Company Limited信息成功:0 [] []
[2017-01-04 10:39:21] applog.INFO: 采集@LUKOIL Uzbekistan Operating Company信息成功:0 [] []
[2017-01-04 10:39:27] applog.INFO: 采集@Bharat Petroleum Corporation Limited（BPCL）信息成功:1 [] []
[2017-01-04 10:39:30] applog.INFO: 采集@HINDUSTAN PETROLEUM CORPORATION LIMITED (HPCL)信息成功:0 [] []
[2017-01-04 10:40:00] applog.INFO: 采集@Oil and Natural Gas Corporation Ltd.(ONGC)信息成功:0 [] []
[2017-01-04 10:40:05] applog.INFO: 采集@Bangladesh Gas Fields Company Limited(BGFCL)信息成功:0 [] []
[2017-01-04 10:41:36] applog.WARNING: 采集@Nepal Oil Corporation Limited信息失败 [] []
[2017-01-04 10:41:36] applog.WARNING: 错误原因：{exception 'GuzzleHttp\Exception\ConnectException' with message 'cURL error 28: Operation timed out after 90000 milliseconds with 8323 bytes received (see http://curl.haxx.se/libcurl/c/libcurl-errors.html)' in C:\Bitnami\wamp\apps\symfony\htdocs\vendor\guzzlehttp\guzzle\src\Handler\CurlFactory.php:18} [] []
[2017-01-04 10:41:49] applog.INFO: 采集@NEBIT-GAZ Turkmenistan信息成功:0 [] []
[2017-01-04 10:43:20] applog.WARNING: 采集@意大利埃尼公司信息失败 [] []
[2017-01-04 10:43:20] applog.WARNING: 错误原因：{exception 'GuzzleHttp\Exception\ConnectException' with message 'cURL error 28: Operation timed out after 90000 milliseconds with 0 bytes received (see http://curl.haxx.se/libcurl/c/libcurl-errors.html)' in C:\Bitnami\wamp\apps\symfony\htdocs\vendor\guzzlehttp\guzzle\src\Handler\CurlFactory.php:186 S} [] []
[2017-01-04 10:43:24] applog.INFO: 采集@意大利埃尼公司莫桑比克分公司信息成功:0 [] []
[2017-01-04 10:43:28] applog.INFO: 采集@加拿大招标网（免费/收费）信息成功:0 [] []
[2017-01-04 10:43:50] applog.WARNING: 采集@Oman Refinery and Petroleum Industry Company信息失败 [] []
[2017-01-04 10:43:50] applog.WARNING: 错误原因：{exception 'GuzzleHttp\Exception\ConnectException' with message 'cURL error 7: Failed to connect to www.orpic.om port 80: Timed out (see http://curl.haxx.se/libcurl/c/libcurl-errors.html)' in C:\Bitnami\wamp\apps\symfony\htdocs\vendor\guzzlehttp\guzzle\src\Handler\CurlFactory.php:186 Stack trace: #0 } [] []
[2017-01-04 10:43:54] applog.INFO: 采集@Petroleum Development Oman信息成功:0 [] []
[2017-01-04 10:43:57] applog.INFO: 采集@Qatar Gas Company信息成功:0 [] []
[2017-01-04 10:44:00] applog.INFO: 采集@PetroChina International Iraq FZE Iraq Branch信息成功:0 [] []
[2017-01-04 10:44:02] applog.INFO: 采集@Al-Waha petroleum company信息成功:0 [] []
[2017-01-04 10:44:04] applog.INFO: 采集@CNOOC Iraq(Material)信息成功:0 [] []
[2017-01-04 10:44:06] applog.INFO: 采集@CNOOC Iraq(Services)信息成功:0 [] []
[2017-01-04 10:44:11] applog.INFO: 采集@Lukoil-Overseas信息成功:0 [] []
[2017-01-04 10:44:17] applog.INFO: 采集@National Iranian Drilling Company(NIDC)信息成功:0 [] []
[2017-01-04 10:44:19] applog.INFO: 采集@South Refineries Company(SRC)信息成功:0 [] []
[2017-01-04 10:44:42] applog.WARNING: 采集@Syria Petroleum Company(SPC)信息失败 [] []
[2017-01-04 10:44:42] applog.WARNING: 错误原因：{exception 'GuzzleHttp\Exception\ConnectException' with message 'cURL error 7: Failed to connect to www.spc.com.sy port 80: Timed out (see http://curl.haxx.se/libcurl/c/libcurl-errors.html)' in C:\Bitnami\wamp\apps\symfony\htdocs\vendor\guzzlehttp\guzzle\src\Handler\CurlFactory.php:186 Stack trace: #} [] []
[2017-01-04 10:44:46] applog.INFO: 采集@Iranian PARS oil and gas company信息成功:0 [] []
[2017-01-04 10:44:48] applog.INFO: 采集@Транснефть信息成功:0 [] []
[2017-01-04 10:44:52] applog.INFO: 采集@Транснефть-восток信息成功:0 [] []
[2017-01-04 10:44:54] applog.INFO: 采集@Gazprom Neft Badra信息成功:0 [] []
[2017-01-04 10:44:55] applog.INFO: 采集@Иркутская нефтяская компания信息成功:0 [] []
[2017-01-04 10:44:59] applog.INFO: 采集@Русснефть信息成功:0 [] []
[2017-01-04 10:45:21] applog.WARNING: 采集@Greater Nile Petroleum Operating Company信息失败 [] []
[2017-01-04 10:45:21] applog.WARNING: 错误原因：{exception 'GuzzleHttp\Exception\ConnectException' with message 'cURL error 7: Failed to connect to tender.gnpoc.com port 80: Timed out (see http://curl.haxx.se/libcurl/c/libcurl-errors.html)' in C:\Bitnami\wamp\apps\symfony\htdocs\vendor\guzzlehttp\guzzle\src\Handler\CurlFactory.php:186 Stack trace:} [] []
[2017-01-04 10:45:26] applog.INFO: 采集@Nigeria Take Note信息成功:0 [] []
[2017-01-04 10:45:30] applog.INFO: 采集@Libya-business news信息成功:0 [] []
[2017-01-04 10:45:33] applog.INFO: 采集@Libya National Oil Company信息成功:0 [] []
[2017-01-04 10:45:38] applog.INFO: 采集@Libya Harouge Company信息成功:1 [] []
[2017-01-04 10:45:40] applog.INFO: 采集@Mellitah Oil & Gas Company信息成功:0 [] []
[2017-01-04 10:45:52] applog.WARNING: 采集@Egypt Ministry of Petroelum信息失败 [] []
[2017-01-04 10:45:52] applog.WARNING: 错误原因：{exception 'GuzzleHttp\Exception\ConnectException' with message 'cURL error 6: Could not resolve host: www.petroleum.gov.eg (see http://curl.haxx.se/libcurl/c/libcurl-errors.html)' in C:\Bitnami\wamp\apps\symfony\htdocs\vendor\guzzlehttp\guzzle\src\Handler\CurlFactory.php:186 Stack trace: #0 C:\Bitna} [] []
[2017-01-04 10:45:59] applog.INFO: 采集@Global tenders信息成功:19 [] []
[2017-01-04 10:46:02] applog.INFO: 采集@Tendersinfo(油气)信息成功:8 [] []
[2017-01-04 10:46:06] applog.INFO: 采集@hellotrade信息成功:0 [] []
[2017-01-04 10:46:14] applog.INFO: 采集@FirstTender信息成功:0 [] []
[2017-01-04 10:46:19] applog.INFO: 采集@伊拉克（部分为油气行业）信息成功:22 [] []
[2017-01-04 10:46:27] applog.INFO: 采集@Oil Industry Development Board信息成功:0 [] []
[2017-01-04 10:46:29] applog.INFO: 采集@Bangladesh Petroleum Corporation信息成功:0 [] []
[2017-01-04 10:46:42] applog.WARNING: 采集@中东情报招商（电力能源）信息失败 [] []
[2017-01-04 10:46:42] applog.WARNING: 错误原因：{exception 'GuzzleHttp\Exception\ConnectException' with message 'cURL error 6: Could not resolve host: metenders.com (see http://curl.haxx.se/libcurl/c/libcurl-errors.html)' in C:\Bitnami\wamp\apps\symfony\htdocs\vendor\guzzlehttp\guzzle\src\Handler\CurlFactory.php:186 Stack trace: #0 C:\Bitnami\wamp} [] []
[2017-01-04 10:46:48] applog.INFO: 采集@伊朗招标网信息成功:0 [] []
[2017-01-04 10:46:52] applog.INFO: 采集@swala-energy信息成功:0 [] []
[2017-01-04 10:46:59] applog.INFO: 采集@中国石油招标投标网信息成功:12 [] []
[2017-01-04 10:47:07] applog.INFO: 采集@Imperial Energy（ONGC Videsh）信息成功:0 [] []
[2017-01-04 10:47:12] applog.INFO: 采集@俄罗斯招标信息平台信息成功:0 [] []
[2017-01-04 10:47:14] applog.INFO: 采集@Ministry of Petroleum and Natural Gas信息成功:0 [] []
[2017-01-04 10:47:16] applog.WARNING: 采集@Oil Products Distribution Company (OPDC)信息失败 [] []
[2017-01-04 10:47:16] applog.WARNING: 错误原因：{exception 'GuzzleHttp\Exception\RequestException' with message 'cURL error 56: Recv failure: Connection was reset (see http://curl.haxx.se/libcurl/c/libcurl-errors.html)' in C:\Bitnami\wamp\apps\symfony\htdocs\vendor\guzzlehttp\guzzle\src\Handler\CurlFactory.php:187 Stack trace: #0 C:\Bitnami\wamp\a} [] []
[2017-01-04 10:47:17] applog.INFO: 采集@Gas Transmission Company Limited (GTCL)信息成功:0 [] []
[2017-01-04 10:47:23] applog.INFO: 采集@National Iranian South Oilfields Company（NISOC）信息成功:0 [] []
[2017-01-04 10:47:25] applog.INFO: 采集@Vietsovpetro Tenders信息成功:0 [] []
[2017-01-04 10:47:32] applog.INFO: 采集@Israel Ministry of National Infrastructures, Energy and Water Resources信息成功:0 [] []
[2017-01-04 10:47:59] applog.INFO: 采集@Слафнефть信息成功:0 [] []
[2017-01-04 10:48:03] applog.INFO: 采集@阿联酋招标信息成功:0 [] []
[2017-01-04 10:48:10] applog.INFO: 采集@俄罗斯招标信息平台信息成功:0 [] []
[2017-01-04 10:48:13] applog.INFO: 采集@NIS Group信息成功:0 [] []
[2017-01-04 10:48:35] applog.WARNING: 采集@Sui Southern Gas Company Limited信息失败 [] []
[2017-01-04 10:48:35] applog.WARNING: 错误原因：{exception 'GuzzleHttp\Exception\ConnectException' with message 'cURL error 7: Failed to connect to www.ssgc.com.pk port 80: Timed out (see http://curl.haxx.se/libcurl/c/libcurl-errors.html)' in C:\Bitnami\wamp\apps\symfony\htdocs\vendor\guzzlehttp\guzzle\src\Handler\CurlFactory.php:186 Stack trace: } [] []
[2017-01-04 10:48:38] applog.INFO: 采集@Sui Northern Gas Pipelines Limited信息成功:0 [] []
[2017-01-04 10:48:44] applog.INFO: 采集@Jamuna Oil Company Limited (JOCL)信息成功:0 [] []
[2017-01-04 10:48:46] applog.INFO: 采集@EASTERN REFINERY LIMITED信息成功:0 [] []
[2017-01-04 10:48:52] applog.INFO: 采集@Meghna Petroleum Limited信息成功:0 [] []
[2017-01-04 10:48:53] applog.INFO: 采集@Oman India Fertiliser Company信息成功:0 [] []
[2017-01-04 10:49:13] applog.INFO: 采集@Midland refinery company信息成功:0 [] []
[2017-01-04 10:49:18] applog.WARNING: 采集@Iran Oil Exploration Company(OEC)信息失败 [] []
[2017-01-04 10:49:18] applog.WARNING: 错误原因：{exception 'GuzzleHttp\Exception\ConnectException' with message 'cURL error 6: Could not resolve host: www.oec.oil.gov.iq (see http://curl.haxx.se/libcurl/c/libcurl-errors.html)' in C:\Bitnami\wamp\apps\symfony\htdocs\vendor\guzzlehttp\guzzle\src\Handler\CurlFactory.php:186 Stack trace: #0 C:\Bitnami} [] []
[2017-01-04 10:49:20] applog.INFO: 采集@oil pipeline company信息成功:0 [] []
[2017-01-04 10:49:22] applog.INFO: 采集@Banias Refinery Company信息成功:0 [] []
[2017-01-04 10:49:28] applog.INFO: 采集@Syrian Company for Oil Transport信息成功:0 [] []
[2017-01-04 10:49:32] applog.INFO: 采集@Hayan Petroleum Company信息成功:0 [] []
[2017-01-04 10:49:40] applog.INFO: 采集@Iraq Ministry of Oil信息成功:0 [] []
[2017-01-04 10:50:08] applog.INFO: 采集@Iraq South oil Company（SOC）信息成功:0 [] []
[2017-01-04 10:50:12] applog.INFO: 采集@Iraq North Gas Company(NGC)信息成功:0 [] []
[2017-01-04 10:50:24] applog.WARNING: 采集@Iraq North Oil Company（NOC）信息失败 [] []
[2017-01-04 10:50:24] applog.WARNING: 错误原因：{exception 'GuzzleHttp\Exception\ConnectException' with message 'cURL error 6: Could not resolve host: www.noc.oil.gov.iq (see http://curl.haxx.se/libcurl/c/libcurl-errors.html)' in C:\Bitnami\wamp\apps\symfony\htdocs\vendor\guzzlehttp\guzzle\src\Handler\CurlFactory.php:186 Stack trace: #0 C:\Bitnami} [] []
[2017-01-04 10:50:31] applog.INFO: 采集@Jordan National Petroleum Company（NPC）信息成功:0 [] []
[2017-01-04 10:50:38] applog.INFO: 采集@Jordan Petroleum Reifinery Company信息成功:0 [] []
[2017-01-04 10:50:43] applog.INFO: 采集@Kuwait Oil Company信息成功:0 [] []
[2017-01-04 10:50:52] applog.INFO: 采集@Iran Minerals Production and Supply Company信息成功:0 [] []
[2017-01-04 10:50:57] applog.INFO: 采集@Iraqi Drilling Company(Internal)信息成功:0 [] []
[2017-01-04 10:51:02] applog.INFO: 采集@Iraqi Drilling Company(External)信息成功:0 [] []
[2017-01-04 10:51:06] applog.WARNING: 采集@Iraq State Company for Oil Projects(SCOP)信息失败 [] []
[2017-01-04 10:51:06] applog.WARNING: 错误原因：{exception 'InvalidArgumentException' with message 'The current node list is empty.' in C:\Bitnami\wamp\apps\symfony\htdocs\vendor\symfony\dom-crawler\Crawler.php:703 Stack trace: #0 C:\Bitnami\wamp\apps\symfony\htdocs\src\AppBundle\Service\DomGrab.php(163): Symfony\Component\DomCrawler\Crawler->link} [] []
[2017-01-04 10:51:08] applog.INFO: 采集@Iranian Offshore Oil Company信息成功:0 [] []
[2017-01-04 10:51:12] applog.INFO: 采集@Directorate General of Hydrocarbons (DGH)信息成功:0 [] []
[2017-01-04 10:51:14] applog.INFO: 采集@GeoEnPro Petroleum Ltd.信息成功:0 [] []
[2017-01-04 10:51:20] applog.INFO: 采集@Titas Gas Transmission & Distribution Company Limited (TGTDCL)信息成功:0 [] []
[2017-01-04 10:51:24] applog.INFO: 采集@INA Group信息成功:0 [] []
[2017-01-04 10:51:30] applog.INFO: 采集@European Bank Procurement信息成功:0 [] []
[2017-01-04 10:51:33] applog.INFO: 采集@OMV Group信息成功:0 [] []
[2017-01-04 10:51:37] applog.INFO: 采集@Alberta Energy信息成功:0 [] []
[2017-01-04 10:52:02] applog.INFO: 采集@Bangladesh Chemical Industries Corporation(BCIC)信息成功:0 [] []
[2017-01-04 10:52:07] applog.INFO: 采集@PAK ARAB REFINERY LTD (PARCO)信息成功:0 [] []
[2017-01-04 10:52:11] applog.INFO: 采集@Gail Gas Limited信息成功:0 [] []
[2017-01-04 10:52:13] applog.INFO: 采集@Fertilizer Corporation of India Limite（FCIL）信息成功:0 [] []
[2017-01-04 10:52:15] applog.WARNING: 采集@Projects & Development India Limited (PDIL)信息失败 [] []
[2017-01-04 10:52:15] applog.WARNING: 错误原因：{exception 'GuzzleHttp\Exception\RequestException' with message 'cURL error 56: Recv failure: Connection was reset (see http://curl.haxx.se/libcurl/c/libcurl-errors.html)' in C:\Bitnami\wamp\apps\symfony\htdocs\vendor\guzzlehttp\guzzle\src\Handler\CurlFactory.php:187 Stack trace: #0 C:\Bitnami\wamp\a} [] []
[2017-01-04 10:52:23] applog.INFO: 采集@Essar Oil信息成功:0 [] []
[2017-01-04 10:52:27] applog.INFO: 采集@PADMA OIL COMPANY信息成功:0 [] []
[2017-01-04 10:52:35] applog.INFO: 采集@Cairn India Limited信息成功:0 [] []
[2017-01-04 10:52:38] applog.INFO: 采集@Khyber Pakhtunkhwa Oil & Gas Company Limited. Pakistan (KPOGCL)信息成功:0 [] []
[2017-01-04 10:52:44] applog.INFO: 采集@State Oil Company信息成功:0 [] []
[2017-01-04 10:52:57] applog.WARNING: 采集@Azzawiya Oil Refining Company信息失败 [] []
[2017-01-04 10:52:57] applog.WARNING: 错误原因：{exception 'GuzzleHttp\Exception\ConnectException' with message 'cURL error 6: Could not resolve host: arc.com.ly (see http://curl.haxx.se/libcurl/c/libcurl-errors.html)' in C:\Bitnami\wamp\apps\symfony\htdocs\vendor\guzzlehttp\guzzle\src\Handler\CurlFactory.php:186 Stack trace: #0 C:\Bitnami\wamp\ap} [] []
[2017-01-04 10:53:02] applog.INFO: 采集@Kenya Petroleum Refineries Limited Company信息成功:0 [] []
[2017-01-04 10:53:08] applog.INFO: 采集@Kenya National Oil Company信息成功:0 [] []
[2017-01-04 10:53:15] applog.INFO: 采集@Kenya Pipeline Company信息成功:0 [] []
[2017-01-04 10:53:19] applog.INFO: 采集@Petro SA信息成功:0 [] []
[2017-01-04 10:53:22] applog.INFO: 采集@АО национальная компания 《КазМунайГаз》信息成功:0 [] []
[2017-01-04 10:53:24] applog.INFO: 采集@АО национальная компания 《КазМунайГаз》信息成功:0 [] []
[2017-01-04 10:53:28] applog.INFO: 采集@Роснефть信息成功:0 [] []
[2017-01-04 10:53:35] applog.INFO: 采集@Лукойл нефтяная компания信息成功:0 [] []
[2017-01-04 10:53:39] applog.INFO: 采集@Томскнефть信息成功:0 [] []
[2017-01-04 10:53:43] applog.INFO: 采集@Bharat Oman Refinery Limited Company信息成功:0 [] []
[2017-01-04 10:53:46] applog.INFO: 采集@Salalah Methanol Company信息成功:0 [] []
[2017-01-04 10:53:59] applog.WARNING: 采集@General Petroleum Company(GPC)信息失败 [] []
[2017-01-04 10:53:59] applog.WARNING: 错误原因：{exception 'GuzzleHttp\Exception\ConnectException' with message 'cURL error 6: Could not resolve host: www.gpc.com.eg (see http://curl.haxx.se/libcurl/c/libcurl-errors.html)' in C:\Bitnami\wamp\apps\symfony\htdocs\vendor\guzzlehttp\guzzle\src\Handler\CurlFactory.php:186 Stack trace: #0 C:\Bitnami\wam} [] []
[2017-01-04 10:54:04] applog.INFO: 采集@Geothermal Development Company信息成功:0 [] []
[2017-01-04 10:54:33] applog.INFO: 采集@Oil and Gas Development Company Limited (OGDCL)  services信息成功:0 [] []
[2017-01-04 10:54:36] applog.INFO: 采集@Bangladesh Power Development Board信息成功:0 [] []
[2017-01-04 10:54:42] applog.INFO: 采集@中央招标委员会信息成功:0 [] []
[2017-01-04 10:54:49] applog.INFO: 采集@National Gas Company of Trinidad and Tobago（NGC）信息成功:0 [] []
[2017-01-04 10:54:56] applog.INFO: 采集@巴石油子公司-Transpetro服务招标信息成功:0 [] []
[2017-01-04 10:55:04] applog.INFO: 采集@巴西石油管理局（ANP）信息成功:1 [] []
[2017-01-04 10:56:35] applog.WARNING: 采集@国家石油公司信息失败 [] []
[2017-01-04 10:56:35] applog.WARNING: 错误原因：{exception 'GuzzleHttp\Exception\ConnectException' with message 'cURL error 28: Operation timed out after 90000 milliseconds with 9039 bytes received (see http://curl.haxx.se/libcurl/c/libcurl-errors.html)' in C:\Bitnami\wamp\apps\symfony\htdocs\vendor\guzzlehttp\guzzle\src\Handler\CurlFactory.php:18} [] []
[2017-01-04 10:56:39] applog.INFO: 采集@YPFB炼油正在进行招标信息成功:0 [] []
[2017-01-04 10:56:44] applog.INFO: 采集@YPFB炼油项目招标信息成功:0 [] []
[2017-01-04 10:56:55] applog.INFO: 采集@YPFB Andina信息成功:0 [] []
[2017-01-04 10:57:02] applog.INFO: 采集@GasTransportBolivia（GTB）货物采购信息成功:0 [] []
[2017-01-04 10:57:05] applog.INFO: 采集@GTB货物投标信息成功:0 [] []
[2017-01-04 10:57:10] applog.INFO: 采集@GTB服务采购信息成功:0 [] []
[2017-01-04 10:57:16] applog.INFO: 采集@GTB服务招标信息成功:0 [] []
[2017-01-04 10:57:21] applog.INFO: 采集@Petroperu国际招标信息成功:0 [] []
[2017-01-04 10:57:27] applog.INFO: 采集@Petroleum Corporation of Jamacia信息成功:0 [] []
[2017-01-04 10:57:31] applog.INFO: 采集@Ministry of science energy & technology信息成功:0 [] []
[2017-01-04 10:57:44] applog.WARNING: 采集@The State Oil Company of the Azerbaijan Republic (SOCAR)信息失败 [] []
[2017-01-04 10:57:45] applog.WARNING: 错误原因：{exception 'GuzzleHttp\Exception\ConnectException' with message 'cURL error 6: Could not resolve host: www.socar.az (see http://curl.haxx.se/libcurl/c/libcurl-errors.html)' in C:\Bitnami\wamp\apps\symfony\htdocs\vendor\guzzlehttp\guzzle\src\Handler\CurlFactory.php:186 Stack trace: #0 C:\Bitnami\wamp\} [] []
[2017-01-04 10:57:48] applog.INFO: 采集@government eprocurement信息成功:0 [] []
[2017-01-04 10:57:50] applog.INFO: 采集@Energopetrol信息成功:0 [] []
[2017-01-04 10:57:54] applog.INFO: 采集@Bulgargaz信息成功:0 [] []
[2017-01-04 10:57:59] applog.INFO: 采集@LUKOIL Neftochim Burgas信息成功:0 [] []
[2017-01-04 10:58:04] applog.INFO: 采集@Teboil信息成功:0 [] []
[2017-01-04 10:58:09] applog.INFO: 采集@ORLEN procurement信息成功:0 [] []
[2017-01-04 10:58:15] applog.INFO: 采集@PERN Przyjazn SA信息成功:0 [] []
[2017-01-04 10:58:17] applog.INFO: 采集@Naftoport信息成功:0 [] []
[2017-01-04 10:58:20] applog.INFO: 采集@siarkopol信息成功:0 [] []
[2017-01-04 10:58:27] applog.INFO: 采集@olpp信息成功:0 [] []
[2017-01-04 10:58:32] applog.INFO: 采集@Gaz-System信息成功:0 [] []
[2017-01-04 10:58:41] applog.INFO: 采集@JANAF DD石油管道公司信息成功:0 [] []
[2017-01-04 10:58:45] applog.INFO: 采集@矿物和能源部-公共采购信息成功:0 [] []
[2017-01-04 10:58:48] applog.INFO: 采集@矿物和能源部-公共采购信息成功:0 [] []
[2017-01-04 10:58:50] applog.INFO: 采集@矿物和能源部-公共招标信息成功:0 [] []
[2017-01-04 10:58:53] applog.INFO: 采集@PE Srbijagas天然气运输仓储贸易-公共采购预告信息成功:0 [] []
[2017-01-04 10:58:59] applog.INFO: 采集@PE Srbijagas天然气运输仓储贸易-公共采购信息成功:0 [] []
[2017-01-04 10:59:03] applog.INFO: 采集@Lukoil Serbia信息成功:0 [] []
[2017-01-04 10:59:11] applog.INFO: 采集@PetroHemija信息成功:0 [] []
[2017-01-04 10:59:15] applog.INFO: 采集@Nafta (oil company)信息成功:0 [] []
[2017-01-04 10:59:18] applog.INFO: 采集@能源部信息成功:0 [] []
[2017-01-04 10:59:24] applog.INFO: 采集@simap信息成功:0 [] []
[2017-01-04 10:59:42] applog.INFO: 采集@Ukrnafta-国内信息成功:0 [] []
[2017-01-04 11:00:32] applog.INFO: 采集@UkrGasVydobuvannya信息成功:0 [] []
[2017-01-04 11:00:37] applog.INFO: 采集@Ethiopia Ministry of Water&Energy信息成功:0 [] []
[2017-01-04 11:00:43] applog.INFO: 采集@Cameroon Ministry of Water Resource and Energy信息成功:0 [] []
[2017-01-04 11:00:46] applog.INFO: 采集@Brunei Shell Petroleum Co Sdn Bhd (BSP)信息成功:0 [] []
[2017-01-04 11:00:49] applog.INFO: 采集@СФХАЛИН ЭНЕРДЖИ信息成功:0 [] []
[2017-01-04 11:00:53] applog.INFO: 采集@НОВАТЭК信息成功:0 [] []
[2017-01-04 11:01:07] applog.INFO: 采集@Brahmaputra Cracker and Polymer Limited信息成功:0 [] []
[2017-01-04 11:01:10] applog.INFO: 采集@Mangalore Refinery and Petrochemicals Limited信息成功:0 [] []
[2017-01-04 11:01:17] applog.INFO: 采集@Reliance Industries Limited信息成功:0 [] []
[2017-01-04 11:01:24] applog.INFO: 采集@jam petrochemical company信息成功:0 [] []
[2017-01-04 11:01:30] applog.INFO: 采集@HENGYI INDUSTRIES SDN BHD信息成功:0 [] []
[2017-01-04 11:01:38] applog.INFO: 采集@Myanma Oil and Gas Enterprise (M.O.G.E)信息成功:0 [] []
[2017-01-04 11:01:44] applog.INFO: 采集@Myanma Petrochemical Enterprise (M.P.E)信息成功:0 [] []
[2017-01-04 11:01:50] applog.INFO: 采集@Myanma Petroleum Products Enterprise (M.P.P.E)信息成功:0 [] []
[2017-01-04 11:01:55] applog.INFO: 采集@Ministry of Energy of the Republic of Kazakhstan信息成功:0 [] []
[2017-01-04 11:01:59] applog.INFO: 采集@KazMunaiGaz（KMG）国家石油和天然气公司-议价采购信息成功:0 [] []
[2017-01-04 11:02:05] applog.INFO: 采集@ETAP：Entreprise Tunisienne d'Activites Petroliere信息成功:0 [] []
[2017-01-04 11:02:09] applog.INFO: 采集@Homs Refinery Company信息成功:0 [] []
[2017-01-04 11:02:19] applog.INFO: 采集@Yemen Gas Company信息成功:0 [] []
[2017-01-04 11:02:21] applog.INFO: 采集@Yemen Petroleum Company信息成功:0 [] []
[2017-01-04 11:03:19] applog.INFO: 采集@Department of Energy信息成功:0 [] []
[2017-01-04 11:03:25] applog.INFO: 采集@Philipine National Oil Company信息成功:0 [] []
[2017-01-04 11:03:43] applog.INFO: 采集@PNOC Exploration Corporation信息成功:0 [] []
[2017-01-04 11:03:46] applog.INFO: 采集@PNOC Renewables Corporation信息成功:0 [] []
[2017-01-04 11:03:49] applog.INFO: 采集@Bursa Malaysia Corporate信息成功:0 [] []
[2017-01-04 11:03:52] applog.INFO: 采集@Petroleum Authority of Thailand (PTT)信息成功:0 [] []
[2017-01-04 11:03:55] applog.INFO: 采集@LNG HRVATSKA信息成功:0 [] []
[2017-01-04 11:03:59] applog.INFO: 采集@Компания МФК ТЕХЭНЕРГО信息成功:0 [] []
[2017-01-04 11:04:05] applog.INFO: 采集@нафтан信息成功:0 [] []
[2017-01-04 11:04:08] applog.INFO: 采集@ООО Тверская генерация信息成功:0 [] []
[2017-01-04 11:04:28] applog.INFO: 采集@ООО Тверская генерация信息成功:0 [] []
[2017-01-04 11:04:32] applog.INFO: 采集@УРАЛХИМ信息成功:0 [] []
[2017-01-04 11:04:36] applog.INFO: 采集@Технопромэкспорт信息成功:0 [] []
[2017-01-04 11:04:39] applog.INFO: 采集@Интегра信息成功:0 [] []
[2017-01-04 11:04:43] applog.INFO: 采集@ООО «Газпром бурение»信息成功:0 [] []
[2017-01-04 11:04:47] applog.INFO: 采集@Energinet信息成功:0 [] []
[2017-01-04 11:04:51] applog.INFO: 采集@Maersk信息成功:0 [] []
[2017-01-04 11:04:59] applog.INFO: 采集@Ministry of Minerals Energy and Water Resources（MMWER）信息成功:0 [] []
[2017-01-04 11:05:05] applog.INFO: 采集@Ministry of Energy Mines Water and Environment信息成功:0 [] []
[2017-01-04 11:05:11] applog.INFO: 采集@Dana Petroleum Company信息成功:0 [] []
[2017-01-04 11:05:16] applog.INFO: 采集@Public Procurement Authorty信息成功:0 [] []
[2017-01-04 11:05:21] applog.INFO: 采集@SONARA Refinery信息成功:0 [] []
[2017-01-04 11:05:26] applog.INFO: 采集@Bintulu Development Authority信息成功:0 [] []
[2017-01-04 11:05:29] applog.INFO: 采集@日本展会信息成功:0 [] []
[2017-01-04 11:05:32] applog.INFO: 采集@迪拜展会信息成功:0 [] []
[2017-01-04 11:05:35] applog.INFO: 采集@印度展会信息成功:0 [] []
[2017-01-04 11:05:38] applog.INFO: 采集@韩国展会信息成功:0 [] []
[2017-01-04 11:05:40] applog.INFO: 采集@泰国展会信息成功:0 [] []
[2017-01-04 11:05:43] applog.INFO: 采集@土耳其展会信息成功:0 [] []
[2017-01-04 11:05:45] applog.INFO: 采集@伊朗展会信息成功:0 [] []
[2017-01-04 11:05:49] applog.INFO: 采集@越南展会信息成功:0 [] []
[2017-01-04 11:05:53] applog.INFO: 采集@新加坡展会信息成功:0 [] []
[2017-01-04 11:05:57] applog.INFO: 采集@哥伦比亚展会信息成功:0 [] []
[2017-01-04 11:06:00] applog.INFO: 采集@巴西展会信息成功:0 [] []
[2017-01-04 11:06:02] applog.INFO: 采集@智利展会信息成功:0 [] []
[2017-01-04 11:06:04] applog.INFO: 采集@阿根廷展会信息成功:0 [] []
[2017-01-04 11:06:07] applog.INFO: 采集@美国展会信息成功:0 [] []
[2017-01-04 11:06:10] applog.INFO: 采集@加拿大展会信息成功:0 [] []
[2017-01-04 11:06:12] applog.INFO: 采集@墨西哥展会信息成功:0 [] []
[2017-01-04 11:06:15] applog.INFO: 采集@德国展会信息成功:0 [] []
[2017-01-04 11:06:17] applog.INFO: 采集@英国展会信息成功:0 [] []
[2017-01-04 11:06:20] applog.INFO: 采集@俄罗斯展会信息成功:0 [] []
[2017-01-04 11:06:23] applog.INFO: 采集@法国展会信息成功:0 [] []
[2017-01-04 11:06:25] applog.INFO: 采集@意大利展会信息成功:0 [] []
[2017-01-04 11:06:28] applog.INFO: 采集@波兰展会信息成功:0 [] []
[2017-01-04 11:06:30] applog.INFO: 采集@澳大利亚展会信息成功:0 [] []
[2017-01-04 11:06:33] applog.INFO: 采集@埃及展会信息成功:0 [] []
[2017-01-04 11:06:36] applog.INFO: 采集@伊拉克展会信息成功:0 [] []
[2017-01-04 11:06:39] applog.INFO: 采集@科威特展会信息成功:0 [] []
[2017-01-04 11:06:42] applog.INFO: 采集@卡塔尔展会信息成功:0 [] []
[2017-01-04 11:06:45] applog.INFO: 采集@沙特展会信息成功:0 [] []
[2017-01-04 11:06:47] applog.INFO: 采集@叙利亚展会信息成功:0 [] []
[2017-01-04 11:06:51] applog.INFO: 采集@阿联酋展会信息成功:0 [] []
[2017-01-04 11:06:53] applog.INFO: 采集@上海展会信息成功:0 [] []
[2017-01-04 11:06:56] applog.INFO: 采集@浙江展会信息成功:0 [] []
[2017-01-04 11:06:58] applog.INFO: 采集@江苏展会信息成功:0 [] []
[2017-01-04 11:07:01] applog.INFO: 采集@安徽展会信息成功:0 [] []
[2017-01-04 11:07:03] applog.WARNING: 采集@山东展会信息失败 [] []
[2017-01-04 11:07:03] applog.WARNING: 错误原因：{exception 'InvalidArgumentException' with message 'json_decode error: Syntax error' in C:\Bitnami\wamp\apps\symfony\htdocs\vendor\guzzlehttp\guzzle\src\functions.php:303 Stack trace: #0 C:\Bitnami\wamp\apps\symfony\htdocs\src\AppBundle\Controller\CrawlerController.php(151): GuzzleHttp\json_decode('{} [] []
[2017-01-04 11:07:04] applog.INFO: 采集@福建展会信息成功:0 [] []
[2017-01-04 11:07:06] applog.INFO: 采集@北京展会信息成功:0 [] []
[2017-01-04 11:07:09] applog.INFO: 采集@河北展会信息成功:0 [] []
[2017-01-04 11:07:12] applog.INFO: 采集@天津展会信息成功:0 [] []
[2017-01-04 11:07:16] applog.INFO: 采集@山西展会信息成功:0 [] []
[2017-01-04 11:07:19] applog.INFO: 采集@内蒙古展会信息成功:0 [] []
[2017-01-04 11:07:21] applog.INFO: 采集@云南展会信息成功:0 [] []
[2017-01-04 11:07:24] applog.INFO: 采集@四川展会信息成功:0 [] []
[2017-01-04 11:07:27] applog.INFO: 采集@重庆展会信息成功:0 [] []
[2017-01-04 11:07:29] applog.INFO: 采集@贵州展会信息成功:0 [] []
[2017-01-04 11:07:32] applog.INFO: 采集@西藏展会信息成功:0 [] []
[2017-01-04 11:07:35] applog.INFO: 采集@陕西展会信息成功:0 [] []
[2017-01-04 11:07:37] applog.INFO: 采集@甘肃展会信息成功:0 [] []
[2017-01-04 11:07:40] applog.INFO: 采集@宁夏展会信息成功:0 [] []
[2017-01-04 11:07:42] applog.INFO: 采集@新疆展会信息成功:0 [] []
[2017-01-04 11:07:45] applog.INFO: 采集@青海展会信息成功:0 [] []
[2017-01-04 11:07:47] applog.INFO: 采集@广东展会信息成功:0 [] []
[2017-01-04 11:07:50] applog.INFO: 采集@广西展会信息成功:0 [] []
[2017-01-04 11:07:53] applog.INFO: 采集@海南展会信息成功:0 [] []
[2017-01-04 11:07:56] applog.INFO: 采集@湖南展会信息成功:0 [] []
[2017-01-04 11:07:58] applog.INFO: 采集@湖北展会信息成功:0 [] []
[2017-01-04 11:08:01] applog.INFO: 采集@河南展会信息成功:0 [] []
[2017-01-04 11:08:04] applog.INFO: 采集@江西展会信息成功:0 [] []
[2017-01-04 11:08:06] applog.INFO: 采集@辽宁展会信息成功:0 [] []
[2017-01-04 11:08:09] applog.INFO: 采集@吉林展会信息成功:0 [] []
[2017-01-04 11:08:12] applog.INFO: 采集@黑龙江展会信息成功:0 [] []
[2017-01-04 11:08:15] applog.INFO: 采集@香港展会信息成功:0 [] []
[2017-01-04 11:08:17] applog.INFO: 采集@澳门展会信息成功:0 [] []
[2017-01-04 11:08:20] applog.INFO: 采集@台湾展会信息成功:0 [] []
[2017-01-04 11:08:22] applog.INFO: 采集信息结束 [] []
[2017-01-04 11:08:22] applog.INFO: <<<抓取招标结束 [] []
[2017-01-04 11:08:22] applog.INFO: >>>开始抓取转推信息 [] []
[2017-01-04 11:25:46] applog.INFO: >>>抓取转推信息结束 [] []
[2017-01-04 11:45:01] applog.INFO: 准备二次抓取>>>>>> [] []
[2017-01-04 11:45:01] applog.INFO: >>>开始推送转推信息 [] []
[2017-01-04 11:45:01] applog.INFO: 准备发送招标邮件>>>>>> [] []
[2017-01-04 11:45:01] applog.INFO: 执行定时任务完成>>> [] []
