[2017-01-04 09:34:23] applog.INFO: 进入pushEzhan。。开始推送展会信息 [] []
[2017-01-04 09:34:54] applog.INFO: 进入pushEzhan。。开始推送展会信息 [] []
[2017-01-04 09:34:56] applog.NOTICE: http://192.168.1.101/api.php:推送结果------------------ 服务器错误   404 - 找不到文件或目录。   您要查找的资源可能已被删除，已更改名称或者暂时不可用。     [] []
[2017-01-04 09:34:56] applog.NOTICE: http://192.168.1.101/api.php:推送结果------------------ 服务器错误   404 - 找不到文件或目录。   您要查找的资源可能已被删除，已更改名称或者暂时不可用。     [] []
[2017-01-04 09:35:36] applog.INFO: 进入pushEzhan。。开始推送展会信息 [] []
[2017-01-04 09:35:42] applog.NOTICE: http://wp.pecans.cn/api.php:推送结果------------------{"status":1,"res":{"id":85470,"msg":"The article was submitted successfully"}} [] []
[2017-01-04 09:35:42] applog.NOTICE: http://wp.pecans.cn/api.php:推送结果------------------{"status":1,"res":{"id":85469,"msg":"The article was submitted successfully"}} [] []
[2017-01-04 11:08:22] applog.INFO: 开始查询渠道列表 [] []
[2017-01-04 11:08:22] applog.INFO: 查询渠道列表结束 [] []
[2017-01-04 11:08:22] applog.INFO: 开始采集信息 [] []
[2017-01-04 11:08:27] applog.INFO: 采集@2---石油网-国际要闻信息成功 [] []
[2017-01-04 11:08:34] applog.INFO: 采集@3---石油网-政治动态信息成功 [] []
[2017-01-04 11:08:39] applog.INFO: 采集@4---石油网-媒体聚焦信息成功 [] []
[2017-01-04 11:08:42] applog.INFO: 采集@5---石油网-观察信息成功 [] []
[2017-01-04 11:08:46] applog.INFO: 采集@6---天然气-国际要闻信息成功 [] []
[2017-01-04 11:08:52] applog.INFO: 采集@7---天然气-焦点信息成功 [] []
[2017-01-04 11:08:56] applog.INFO: 采集@8---天然气-观点信息成功 [] []
[2017-01-04 11:09:02] applog.INFO: 采集@9---oilvoice-Latest News信息成功 [] []
[2017-01-04 11:09:07] applog.INFO: 采集@10---rigzone-news-Austral-Asia信息成功 [] []
[2017-01-04 11:09:11] applog.INFO: 采集@11---rigzone-news-Canada信息成功 [] []
[2017-01-04 11:09:15] applog.INFO: 采集@12---rigzone-news-Caspian/Central Asia信息成功 [] []
[2017-01-04 11:09:21] applog.INFO: 采集@13---rigzone-news-East & SE Asia信息成功 [] []
[2017-01-04 11:09:26] applog.INFO: 采集@14---rigzone-news-East & South Africa信息成功 [] []
[2017-01-04 11:09:33] applog.INFO: 采集@15---rigzone-news-Europe & Russia信息成功 [] []
[2017-01-04 11:09:37] applog.INFO: 采集@16---rigzone-news-Gulf of Mexico信息成功 [] []
[2017-01-04 11:09:42] applog.INFO: 采集@17---rigzone-news-Latin America信息成功 [] []
[2017-01-04 11:09:46] applog.INFO: 采集@18---rigzone-news-Mediterranean/N. Africa信息成功 [] []
[2017-01-04 11:09:52] applog.INFO: 采集@19---rigzone-news-Middle East信息成功 [] []
[2017-01-04 11:09:56] applog.INFO: 采集@20---rigzone-news-North Sea信息成功 [] []
[2017-01-04 11:10:01] applog.INFO: 采集@21---rigzone-news-South America信息成功 [] []
[2017-01-04 11:10:06] applog.INFO: 采集@22---rigzone-news-South Asia信息成功 [] []
[2017-01-04 11:10:12] applog.INFO: 采集@23---rigzone-news-United States信息成功 [] []
[2017-01-04 11:10:17] applog.INFO: 采集@24---rigzone-news-West Africa信息成功 [] []
[2017-01-04 11:10:20] applog.INFO: 采集@25---oilvoice-Opinion & Commentary信息成功 [] []
[2017-01-04 11:10:26] applog.INFO: 采集@26---oilprice-ENERGY信息成功 [] []
[2017-01-04 11:10:36] applog.INFO: 采集@27---oilpro-most-popular信息成功 [] []
[2017-01-04 11:10:45] applog.INFO: 采集@28---rigzone-Industry_Headlines信息成功 [] []
[2017-01-04 11:10:50] applog.INFO: 采集@29---scandoil-oil index信息成功 [] []
[2017-01-04 11:10:57] applog.INFO: 采集@30---fuelfix-upstream信息成功 [] []
[2017-01-04 11:11:18] applog.WARNING: 采集@WSJ-energy oil gas信息失败 [] []
[2017-01-04 11:11:18] applog.WARNING: 错误原因：{exception 'GuzzleHttp\Exception\ConnectException' with message 'cURL error 7: Failed to connect to www.wsj.com port 80: Timed out (see http://curl.haxx.se/libcurl/c/libcurl-errors.html)' in C:\Bitnami\wamp\apps\symfony\htdocs\vendor\guzzlehttp\guzzle\src\Handler\CurlFactory.php:186 Stack trace: #0 C} [] []
[2017-01-04 11:11:21] applog.INFO: 采集@32---fortune-energy信息成功 [] []
[2017-01-04 11:11:28] applog.INFO: 采集@33---IEA-news信息成功 [] []
[2017-01-04 11:11:39] applog.INFO: 采集@34---IEA-topics-Carbon capture and storage信息成功 [] []
[2017-01-04 11:11:44] applog.INFO: 采集@35---IEA-topics-Clean energy technologies信息成功 [] []
[2017-01-04 11:11:51] applog.INFO: 采集@36---worldoil-industry trends信息成功 [] []
[2017-01-04 11:11:55] applog.INFO: 采集@37---oil and gas technology-interviews信息成功 [] []
[2017-01-04 11:12:10] applog.INFO: 采集@38---the oil and gas year-interviews信息成功 [] []
[2017-01-04 11:12:15] applog.INFO: 采集@39---oil and gas technology-news信息成功 [] []
[2017-01-04 11:12:39] applog.INFO: 采集@40---中国石化新闻网-行业国际信息成功 [] []
[2017-01-04 11:12:45] applog.INFO: 采集@41---energyvoice-oiland gas信息成功 [] []
[2017-01-04 11:12:48] applog.INFO: 采集@42---石油壹号网信息成功 [] []
[2017-01-04 11:13:02] applog.INFO: 采集@43---oilandgas360-industry news headlines信息成功 [] []
[2017-01-04 11:13:06] applog.INFO: 采集@44---mckinseyenergyinsights-upstream信息成功 [] []
[2017-01-04 11:13:12] applog.INFO: 采集@45---mckinseyenergyinsights-insights信息成功 [] []
[2017-01-04 11:13:33] applog.WARNING: 采集@bloomberg-oil&sites信息失败 [] []
[2017-01-04 11:13:33] applog.WARNING: 错误原因：{exception 'GuzzleHttp\Exception\ConnectException' with message 'cURL error 7: Failed to connect to www.bloomberg.com port 80: Timed out (see http://curl.haxx.se/libcurl/c/libcurl-errors.html)' in C:\Bitnami\wamp\apps\symfony\htdocs\vendor\guzzlehttp\guzzle\src\Handler\CurlFactory.php:186 Stack trace} [] []
[2017-01-04 11:13:39] applog.INFO: 采集@47---energy-business-review信息成功 [] []
[2017-01-04 11:13:43] applog.INFO: 进入pushEzhan。。开始推送展会信息 [] []
[2017-01-04 11:13:45] applog.INFO: 采集@48---shell-speeches-and-articles信息成功 [] []
[2017-01-04 11:13:50] applog.INFO: 采集@49---cnbc-Energy信息成功 [] []
[2017-01-04 11:14:12] applog.WARNING: 采集@reuters信息失败 [] []
[2017-01-04 11:14:12] applog.WARNING: 错误原因：{exception 'GuzzleHttp\Exception\ConnectException' with message 'cURL error 7: Failed to connect to www.reuters.com port 80: Timed out (see http://curl.haxx.se/libcurl/c/libcurl-errors.html)' in C:\Bitnami\wamp\apps\symfony\htdocs\vendor\guzzlehttp\guzzle\src\Handler\CurlFactory.php:186 Stack trace: } [] []
[2017-01-04 11:14:22] applog.INFO: 采集@51---EIA-petroleum信息成功 [] []
[2017-01-04 11:14:26] applog.INFO: 采集@52---EIA-todayinenergy信息成功 [] []
[2017-01-04 11:15:14] applog.INFO: 采集@53---EIA-analysis信息成功 [] []
[2017-01-04 11:15:21] applog.INFO: 采集@54---oilpro-话题讨论信息成功 [] []
[2017-01-04 11:15:26] applog.INFO: 采集@55---quora-topic信息成功 [] []
[2017-01-04 11:15:32] applog.INFO: 采集@56---Worldoil-offshore信息成功 [] []
[2017-01-04 11:15:39] applog.INFO: 采集@57---Worldoil-deepwater信息成功 [] []
[2017-01-04 11:15:45] applog.INFO: 采集@58---Worldoil信息成功 [] []
[2017-01-04 11:15:53] applog.INFO: 采集@59---Worldoil-shale信息成功 [] []
[2017-01-04 11:16:02] applog.INFO: 采集@60---Worldoil-Geology&Geophysics信息成功 [] []
[2017-01-04 11:16:09] applog.INFO: 采集@61---Worldoil-drilling信息成功 [] []
[2017-01-04 11:16:14] applog.INFO: 采集@62---Worldoil-comletion信息成功 [] []
[2017-01-04 11:16:20] applog.INFO: 采集@63---Worldoil-production信息成功 [] []
[2017-01-04 11:16:26] applog.INFO: 采集@64---Worldoil-magazine信息成功 [] []
[2017-01-04 11:16:34] applog.INFO: 采集@65---Baker Hughes-latest innovations信息成功 [] []
[2017-01-04 11:16:38] applog.INFO: 采集@66---Baker Hughes-Article Archive信息成功 [] []
[2017-01-04 11:16:58] applog.INFO: 采集@67---Halliburton-case study信息成功 [] []
[2017-01-04 11:17:16] applog.INFO: 采集@68---Halliburton-Technical Papers & Articles信息成功 [] []
[2017-01-04 11:17:31] applog.INFO: 采集@69---Weatherford-investor news信息成功 [] []
[2017-01-04 11:17:52] applog.INFO: 采集@70---CARBO-brochures信息成功 [] []
[2017-01-04 11:18:05] applog.INFO: 采集@71---CARBO-case histories信息成功 [] []
[2017-01-04 11:18:17] applog.INFO: 采集@72---CARBO-technical papers信息成功 [] []
[2017-01-04 11:18:22] applog.INFO: 采集@73---泰纳瑞斯(Tenaris)-News信息成功 [] []
[2017-01-04 11:18:28] applog.INFO: 采集@74---泰纳瑞斯(Tenaris)-Press Releases信息成功 [] []
[2017-01-04 11:18:32] applog.INFO: 采集@75---泰纳瑞斯(Tenaris)-Case Studies信息成功 [] []
[2017-01-04 11:18:45] applog.INFO: 采集@76---TRACERCO-News信息成功 [] []
[2017-01-04 11:18:52] applog.INFO: 采集@77---TRACERCO-Insight; Tracerco™s Newsletter - Refining, Petrochemical, Oil & Gas Edition信息成功 [] []
[2017-01-04 11:18:59] applog.INFO: 采集@78---TRACERCO-Insight; Tracerco™s Newsletter - Offshore Oil & Gas, Reservoir Completion Edition信息成功 [] []
[2017-01-04 11:19:11] applog.WARNING: 采集@TRACERCO-Blog信息失败 [] []
[2017-01-04 11:19:11] applog.WARNING: 错误原因：{exception 'GuzzleHttp\Exception\ConnectException' with message 'cURL error 6: Could not resolve host: blog.tracerco.com (see http://curl.haxx.se/libcurl/c/libcurl-errors.html)' in C:\Bitnami\wamp\apps\symfony\htdocs\vendor\guzzlehttp\guzzle\src\Handler\CurlFactory.php:186 Stack trace: #0 C:\Bitnami\} [] []
[2017-01-04 11:19:17] applog.INFO: 采集@80---TRACERCO-case studies—Oil & Gas Processing信息成功 [] []
[2017-01-04 11:19:21] applog.INFO: 采集@81---TRACERCO-Case studies Petrochemical & Refineries信息成功 [] []
[2017-01-04 11:19:25] applog.INFO: 采集@82---TRACERCO-Case studies—subsea信息成功 [] []
[2017-01-04 11:19:30] applog.INFO: 采集@83---Borets-News信息成功 [] []
[2017-01-04 11:19:32] applog.WARNING: 采集@Borets-Brochures信息失败 [] []
[2017-01-04 11:19:32] applog.WARNING: 错误原因：{exception 'InvalidArgumentException' with message 'The current node list is empty.' in C:\Bitnami\wamp\apps\symfony\htdocs\vendor\symfony\dom-crawler\Crawler.php:703 Stack trace: #0 C:\Bitnami\wamp\apps\symfony\htdocs\src\AppBundle\Service\DomGrab.php(163): Symfony\Component\DomCrawler\Crawler->link} [] []
[2017-01-04 11:19:35] applog.INFO: 采集@85---APS-News信息成功 [] []
[2017-01-04 11:19:46] applog.INFO: 采集@86---Upstream信息成功 [] []
[2017-01-04 11:20:04] applog.INFO: 采集@87---Schlumberger-case study信息成功 [] []
[2017-01-04 11:21:34] applog.WARNING: 采集@Schlumberger-product sheets信息失败 [] []
[2017-01-04 11:21:34] applog.WARNING: 错误原因：{exception 'GuzzleHttp\Exception\ConnectException' with message 'cURL error 28: Operation timed out after 89281 milliseconds with 320445 out of 730960 bytes received (see http://curl.haxx.se/libcurl/c/libcurl-errors.html)' in C:\Bitnami\wamp\apps\symfony\htdocs\vendor\guzzlehttp\guzzle\src\Handler\Cu} [] []
[2017-01-04 11:21:44] applog.INFO: 采集@89---McKinsey&Company-麦肯锡研究&观点信息成功 [] []
[2017-01-04 11:21:48] applog.INFO: 采集@90---IEA—topics信息成功 [] []
[2017-01-04 11:21:53] applog.INFO: 采集@91---theogm-oil-and-gas信息成功 [] []
[2017-01-04 11:23:29] applog.INFO: 采集@92---naturalgaseurope-news信息成功 [] []
[2017-01-04 11:23:37] applog.INFO: 采集@93---iooilandgas-powerful-thinking信息成功 [] []
[2017-01-04 11:23:40] applog.INFO: 采集@94---中石油-新闻信息信息成功 [] []
[2017-01-04 11:23:43] applog.INFO: 采集@95---中石油-公司公告信息成功 [] []
[2017-01-04 11:23:45] applog.INFO: 采集@96---中石油-业务公告信息成功 [] []
[2017-01-04 11:23:52] applog.INFO: 采集@97---中石油新闻中心-每日头条信息成功 [] []
[2017-01-04 11:23:55] applog.INFO: 采集@98---中石油新闻中心-行业新闻信息成功 [] []
[2017-01-04 11:23:57] applog.INFO: 采集@99---中石油新闻中心-媒体聚焦信息成功 [] []
[2017-01-04 11:24:00] applog.WARNING: 采集@中海油-要闻信息失败 [] []
[2017-01-04 11:24:00] applog.WARNING: 错误原因：{exception 'InvalidArgumentException' with message 'The current node list is empty.' in C:\Bitnami\wamp\apps\symfony\htdocs\vendor\symfony\dom-crawler\Crawler.php:703 Stack trace: #0 C:\Bitnami\wamp\apps\symfony\htdocs\src\AppBundle\Service\DomGrab.php(163): Symfony\Component\DomCrawler\Crawler->link} [] []
[2017-01-04 11:24:02] applog.WARNING: 采集@中海油-公司新闻信息失败 [] []
[2017-01-04 11:24:02] applog.WARNING: 错误原因：{exception 'InvalidArgumentException' with message 'The current node list is empty.' in C:\Bitnami\wamp\apps\symfony\htdocs\vendor\symfony\dom-crawler\Crawler.php:703 Stack trace: #0 C:\Bitnami\wamp\apps\symfony\htdocs\src\AppBundle\Service\DomGrab.php(163): Symfony\Component\DomCrawler\Crawler->link} [] []
[2017-01-04 11:24:03] applog.WARNING: 采集@中海油-科技创新信息失败 [] []
[2017-01-04 11:24:03] applog.WARNING: 错误原因：{exception 'InvalidArgumentException' with message 'The current node list is empty.' in C:\Bitnami\wamp\apps\symfony\htdocs\vendor\symfony\dom-crawler\Crawler.php:703 Stack trace: #0 C:\Bitnami\wamp\apps\symfony\htdocs\src\AppBundle\Service\DomGrab.php(163): Symfony\Component\DomCrawler\Crawler->link} [] []
[2017-01-04 11:24:03] applog.WARNING: 采集@中海油-公告信息信息失败 [] []
[2017-01-04 11:24:03] applog.WARNING: 错误原因：{exception 'InvalidArgumentException' with message 'The current node list is empty.' in C:\Bitnami\wamp\apps\symfony\htdocs\vendor\symfony\dom-crawler\Crawler.php:703 Stack trace: #0 C:\Bitnami\wamp\apps\symfony\htdocs\src\AppBundle\Service\DomGrab.php(163): Symfony\Component\DomCrawler\Crawler->link} [] []
[2017-01-04 11:24:09] applog.INFO: 采集@104---中石化新闻网-热点信息成功 [] []
[2017-01-04 11:24:12] applog.INFO: 采集@105---中石化新闻网-石化要闻信息成功 [] []
[2017-01-04 11:24:14] applog.INFO: 采集@106---中石化新闻网-油田企业信息成功 [] []
[2017-01-04 11:24:17] applog.INFO: 采集@107---大庆油田-油田动态信息成功 [] []
[2017-01-04 11:24:20] applog.INFO: 采集@108---延长石油-企业要闻信息成功 [] []
[2017-01-04 11:24:22] applog.INFO: 采集@109---延长石油-合作交流信息成功 [] []
[2017-01-04 11:24:25] applog.INFO: 采集@110---胜利油田-企业新闻信息成功 [] []
[2017-01-04 11:24:28] applog.INFO: 采集@111---辽河油田-公司动态信息成功 [] []
[2017-01-04 11:24:31] applog.INFO: 采集@112---辽河油田-科技创新信息成功 [] []
[2017-01-04 11:24:34] applog.INFO: 采集@113---华北油田信息-油田要闻信息成功 [] []
[2017-01-04 11:24:37] applog.INFO: 采集@114---吉林油田-公司动态信息成功 [] []
[2017-01-04 11:24:41] applog.INFO: 采集@115---中原油田-公司新闻信息成功 [] []
[2017-01-04 11:24:46] applog.INFO: 采集@116---江汉油田-油田新闻信息成功 [] []
[2017-01-04 11:24:49] applog.INFO: 采集@117---江苏油田-企业新闻信息成功 [] []
[2017-01-04 11:24:52] applog.INFO: 采集@118---塔里木油田-油田动态信息成功 [] []
[2017-01-04 11:24:55] applog.INFO: 采集@119---镇海炼化-公司新闻信息成功 [] []
[2017-01-04 11:24:57] applog.INFO: 采集@120---上海石化-新闻报道信息成功 [] []
[2017-01-04 11:25:00] applog.INFO: 采集@121---茂名石化-媒体聚焦信息成功 [] []
[2017-01-04 11:25:03] applog.INFO: 采集@122---金陵石化-企业新闻信息成功 [] []
[2017-01-04 11:25:06] applog.INFO: 采集@123---福建石化-公司动态信息成功 [] []
[2017-01-04 11:25:11] applog.INFO: 采集@124---高桥石化-企业新闻信息成功 [] []
[2017-01-04 11:25:35] applog.WARNING: 采集@齐鲁石化-石化新闻信息失败 [] []
[2017-01-04 11:25:35] applog.WARNING: 错误原因：{exception 'GuzzleHttp\Exception\RequestException' with message 'cURL error 56: Recv failure: Connection was reset (see http://curl.haxx.se/libcurl/c/libcurl-errors.html)' in C:\Bitnami\wamp\apps\symfony\htdocs\vendor\guzzlehttp\guzzle\src\Handler\CurlFactory.php:187 Stack trace: #0 C:\Bitnami\wamp\a} [] []
[2017-01-04 11:25:41] applog.INFO: 采集@126---燕山石化-媒体聚焦信息成功 [] []
[2017-01-04 11:25:46] applog.INFO: 采集@127---联合石化-公司新闻信息成功 [] []
[2017-01-04 11:25:46] applog.INFO: 采集信息结束 [] []
[2017-01-04 11:25:46] applog.INFO: 开始查询渠道列表 [] []
[2017-01-04 11:25:46] applog.INFO: 查询渠道列表结束 [] []
[2017-01-04 11:25:46] applog.INFO: 开始采集信息 [] []
[2017-01-04 11:25:54] applog.INFO: 采集@2---石油网-国际要闻信息成功 [] []
[2017-01-04 11:25:57] applog.INFO: 采集@3---石油网-政治动态信息成功 [] []
[2017-01-04 11:26:01] applog.INFO: 采集@4---石油网-媒体聚焦信息成功 [] []
[2017-01-04 11:26:10] applog.INFO: 采集@5---石油网-观察信息成功 [] []
[2017-01-04 11:26:16] applog.INFO: 采集@6---天然气-国际要闻信息成功 [] []
[2017-01-04 11:26:19] applog.INFO: 采集@7---天然气-焦点信息成功 [] []
[2017-01-04 11:26:26] applog.INFO: 采集@8---天然气-观点信息成功 [] []
[2017-01-04 11:26:37] applog.WARNING: 采集@oilvoice-Latest News信息失败 [] []
[2017-01-04 11:26:37] applog.WARNING: 错误原因：{exception 'GuzzleHttp\Exception\ConnectException' with message 'cURL error 6: Could not resolve host: www.oilvoice.com (see http://curl.haxx.se/libcurl/c/libcurl-errors.html)' in C:\Bitnami\wamp\apps\symfony\htdocs\vendor\guzzlehttp\guzzle\src\Handler\CurlFactory.php:186 Stack trace: #0 C:\Bitnami\w} [] []
[2017-01-04 11:26:43] applog.INFO: 采集@10---rigzone-news-Austral-Asia信息成功 [] []
[2017-01-04 11:26:48] applog.INFO: 采集@11---rigzone-news-Canada信息成功 [] []
[2017-01-04 11:26:53] applog.INFO: 采集@12---rigzone-news-Caspian/Central Asia信息成功 [] []
[2017-01-04 11:26:58] applog.INFO: 采集@13---rigzone-news-East & SE Asia信息成功 [] []
[2017-01-04 11:27:03] applog.INFO: 采集@14---rigzone-news-East & South Africa信息成功 [] []
[2017-01-04 11:27:09] applog.INFO: 采集@15---rigzone-news-Europe & Russia信息成功 [] []
[2017-01-04 11:27:14] applog.INFO: 采集@16---rigzone-news-Gulf of Mexico信息成功 [] []
[2017-01-04 11:27:18] applog.INFO: 采集@17---rigzone-news-Latin America信息成功 [] []
[2017-01-04 11:27:23] applog.INFO: 采集@18---rigzone-news-Mediterranean/N. Africa信息成功 [] []
[2017-01-04 11:27:29] applog.INFO: 采集@19---rigzone-news-Middle East信息成功 [] []
[2017-01-04 11:27:33] applog.INFO: 采集@20---rigzone-news-North Sea信息成功 [] []
[2017-01-04 11:27:39] applog.INFO: 采集@21---rigzone-news-South America信息成功 [] []
[2017-01-04 11:27:44] applog.INFO: 采集@22---rigzone-news-South Asia信息成功 [] []
[2017-01-04 11:27:51] applog.INFO: 采集@23---rigzone-news-United States信息成功 [] []
[2017-01-04 11:27:56] applog.INFO: 采集@24---rigzone-news-West Africa信息成功 [] []
[2017-01-04 11:28:02] applog.INFO: 采集@25---oilvoice-Opinion & Commentary信息成功 [] []
[2017-01-04 11:28:08] applog.INFO: 采集@26---oilprice-ENERGY信息成功 [] []
[2017-01-04 11:28:13] applog.INFO: 采集@27---oilpro-most-popular信息成功 [] []
[2017-01-04 11:28:20] applog.INFO: 采集@28---rigzone-Industry_Headlines信息成功 [] []
[2017-01-04 11:28:29] applog.INFO: 采集@29---scandoil-oil index信息成功 [] []
[2017-01-04 11:28:34] applog.INFO: 采集@30---fuelfix-upstream信息成功 [] []
[2017-01-04 11:28:56] applog.WARNING: 采集@WSJ-energy oil gas信息失败 [] []
[2017-01-04 11:28:56] applog.WARNING: 错误原因：{exception 'GuzzleHttp\Exception\ConnectException' with message 'cURL error 7: Failed to connect to www.wsj.com port 80: Timed out (see http://curl.haxx.se/libcurl/c/libcurl-errors.html)' in C:\Bitnami\wamp\apps\symfony\htdocs\vendor\guzzlehttp\guzzle\src\Handler\CurlFactory.php:186 Stack trace: #0 C} [] []
[2017-01-04 11:29:00] applog.INFO: 采集@32---fortune-energy信息成功 [] []
[2017-01-04 11:29:04] applog.INFO: 采集@33---IEA-news信息成功 [] []
[2017-01-04 11:29:08] applog.INFO: 采集@34---IEA-topics-Carbon capture and storage信息成功 [] []
[2017-01-04 11:29:12] applog.INFO: 采集@35---IEA-topics-Clean energy technologies信息成功 [] []
[2017-01-04 11:29:18] applog.INFO: 采集@36---worldoil-industry trends信息成功 [] []
[2017-01-04 11:29:23] applog.INFO: 采集@37---oil and gas technology-interviews信息成功 [] []
[2017-01-04 11:29:28] applog.INFO: 采集@38---the oil and gas year-interviews信息成功 [] []
[2017-01-04 11:29:32] applog.INFO: 采集@39---oil and gas technology-news信息成功 [] []
[2017-01-04 11:29:56] applog.INFO: 采集@40---中国石化新闻网-行业国际信息成功 [] []
[2017-01-04 11:30:02] applog.INFO: 采集@41---energyvoice-oiland gas信息成功 [] []
[2017-01-04 11:30:06] applog.INFO: 采集@42---石油壹号网信息成功 [] []
[2017-01-04 11:30:15] applog.INFO: 采集@43---oilandgas360-industry news headlines信息成功 [] []
[2017-01-04 11:30:21] applog.INFO: 采集@44---mckinseyenergyinsights-upstream信息成功 [] []
[2017-01-04 11:30:26] applog.INFO: 采集@45---mckinseyenergyinsights-insights信息成功 [] []
[2017-01-04 11:30:47] applog.WARNING: 采集@bloomberg-oil&sites信息失败 [] []
[2017-01-04 11:30:47] applog.WARNING: 错误原因：{exception 'GuzzleHttp\Exception\ConnectException' with message 'cURL error 7: Failed to connect to www.bloomberg.com port 80: Timed out (see http://curl.haxx.se/libcurl/c/libcurl-errors.html)' in C:\Bitnami\wamp\apps\symfony\htdocs\vendor\guzzlehttp\guzzle\src\Handler\CurlFactory.php:186 Stack trace} [] []
[2017-01-04 11:30:53] applog.INFO: 采集@47---energy-business-review信息成功 [] []
[2017-01-04 11:30:57] applog.INFO: 采集@48---shell-speeches-and-articles信息成功 [] []
[2017-01-04 11:31:40] applog.INFO: 采集@49---cnbc-Energy信息成功 [] []
[2017-01-04 11:32:01] applog.WARNING: 采集@reuters信息失败 [] []
[2017-01-04 11:32:01] applog.WARNING: 错误原因：{exception 'GuzzleHttp\Exception\ConnectException' with message 'cURL error 7: Failed to connect to www.reuters.com port 80: Timed out (see http://curl.haxx.se/libcurl/c/libcurl-errors.html)' in C:\Bitnami\wamp\apps\symfony\htdocs\vendor\guzzlehttp\guzzle\src\Handler\CurlFactory.php:186 Stack trace: } [] []
[2017-01-04 11:32:23] applog.WARNING: 采集@EIA-petroleum信息失败 [] []
[2017-01-04 11:32:23] applog.WARNING: 错误原因：{exception 'GuzzleHttp\Exception\ConnectException' with message 'cURL error 7: Failed to connect to www.eia.gov port 80: Timed out (see http://curl.haxx.se/libcurl/c/libcurl-errors.html)' in C:\Bitnami\wamp\apps\symfony\htdocs\vendor\guzzlehttp\guzzle\src\Handler\CurlFactory.php:186 Stack trace: #0 C} [] []
[2017-01-04 11:32:34] applog.INFO: 采集@52---EIA-todayinenergy信息成功 [] []
[2017-01-04 11:32:53] applog.INFO: 采集@53---EIA-analysis信息成功 [] []
[2017-01-04 11:33:01] applog.INFO: 采集@54---oilpro-话题讨论信息成功 [] []
[2017-01-04 11:33:04] applog.INFO: 采集@55---quora-topic信息成功 [] []
[2017-01-04 11:33:12] applog.INFO: 采集@56---Worldoil-offshore信息成功 [] []
[2017-01-04 11:33:19] applog.INFO: 采集@57---Worldoil-deepwater信息成功 [] []
[2017-01-04 11:33:26] applog.INFO: 采集@58---Worldoil信息成功 [] []
[2017-01-04 11:33:31] applog.INFO: 采集@59---Worldoil-shale信息成功 [] []
[2017-01-04 11:33:39] applog.INFO: 采集@60---Worldoil-Geology&Geophysics信息成功 [] []
[2017-01-04 11:33:46] applog.INFO: 采集@61---Worldoil-drilling信息成功 [] []
[2017-01-04 11:33:57] applog.INFO: 采集@62---Worldoil-comletion信息成功 [] []
[2017-01-04 11:34:05] applog.INFO: 采集@63---Worldoil-production信息成功 [] []
[2017-01-04 11:34:12] applog.INFO: 采集@64---Worldoil-magazine信息成功 [] []
[2017-01-04 11:34:28] applog.INFO: 进入pushEzhan。。开始推送展会信息 [] []
[2017-01-04 11:34:32] applog.INFO: 采集@65---Baker Hughes-latest innovations信息成功 [] []
[2017-01-04 11:34:40] applog.INFO: 采集@66---Baker Hughes-Article Archive信息成功 [] []
[2017-01-04 11:34:57] applog.INFO: 进入pushEzhan。。开始推送展会信息 [] []
[2017-01-04 11:34:59] applog.INFO: 采集@67---Halliburton-case study信息成功 [] []
[2017-01-04 11:35:31] applog.INFO: 采集@68---Halliburton-Technical Papers & Articles信息成功 [] []
[2017-01-04 11:35:51] applog.INFO: 采集@69---Weatherford-investor news信息成功 [] []
[2017-01-04 11:36:03] applog.INFO: 进入pushEzhan。。开始推送展会信息 [] []
[2017-01-04 11:36:19] applog.INFO: 采集@70---CARBO-brochures信息成功 [] []
[2017-01-04 11:36:30] applog.INFO: 采集@71---CARBO-case histories信息成功 [] []
[2017-01-04 11:36:31] applog.INFO: 进入pushEzhan。。开始推送展会信息 [] []
[2017-01-04 11:36:58] applog.INFO: 进入pushEzhan。。开始推送展会信息 [] []
[2017-01-04 11:37:16] applog.INFO: 进入pushEzhan。。开始推送展会信息 [] []
[2017-01-04 11:37:26] applog.INFO: 进入pushEzhan。。开始推送展会信息 [] []
[2017-01-04 11:38:00] applog.WARNING: 采集@CARBO-technical papers信息失败 [] []
[2017-01-04 11:38:00] applog.WARNING: 错误原因：{exception 'GuzzleHttp\Exception\ConnectException' with message 'cURL error 28: Operation timed out after 90000 milliseconds with 122292 bytes received (see http://curl.haxx.se/libcurl/c/libcurl-errors.html)' in C:\Bitnami\wamp\apps\symfony\htdocs\vendor\guzzlehttp\guzzle\src\Handler\CurlFactory.php:} [] []
[2017-01-04 11:38:07] applog.INFO: 采集@73---泰纳瑞斯(Tenaris)-News信息成功 [] []
[2017-01-04 11:38:14] applog.INFO: 采集@74---泰纳瑞斯(Tenaris)-Press Releases信息成功 [] []
[2017-01-04 11:38:17] applog.INFO: 采集@75---泰纳瑞斯(Tenaris)-Case Studies信息成功 [] []
[2017-01-04 11:38:26] applog.INFO: 采集@76---TRACERCO-News信息成功 [] []
[2017-01-04 11:38:31] applog.INFO: 采集@77---TRACERCO-Insight; Tracerco™s Newsletter - Refining, Petrochemical, Oil & Gas Edition信息成功 [] []
[2017-01-04 11:38:35] applog.INFO: 采集@78---TRACERCO-Insight; Tracerco™s Newsletter - Offshore Oil & Gas, Reservoir Completion Edition信息成功 [] []
[2017-01-04 11:39:57] applog.INFO: 采集@79---TRACERCO-Blog信息成功 [] []
[2017-01-04 11:40:01] applog.INFO: 采集@80---TRACERCO-case studies—Oil & Gas Processing信息成功 [] []
[2017-01-04 11:40:05] applog.INFO: 采集@81---TRACERCO-Case studies Petrochemical & Refineries信息成功 [] []
[2017-01-04 11:40:10] applog.INFO: 进入pushEzhan。。开始推送展会信息 [] []
[2017-01-04 11:40:10] applog.INFO: 采集@82---TRACERCO-Case studies—subsea信息成功 [] []
[2017-01-04 11:40:16] applog.INFO: 采集@83---Borets-News信息成功 [] []
[2017-01-04 11:40:17] applog.NOTICE: http://wp.pecans.cn/api.php:推送结果------------------{"status":1,"res":{"id":85470,"msg":"The article was submitted successfully"}} [] []
[2017-01-04 11:40:18] applog.NOTICE: http://wp.pecans.cn/api.php:推送结果------------------{"status":1,"res":{"id":85469,"msg":"The article was submitted successfully"}} [] []
[2017-01-04 11:40:18] applog.WARNING: 采集@Borets-Brochures信息失败 [] []
[2017-01-04 11:40:18] applog.WARNING: 错误原因：{exception 'InvalidArgumentException' with message 'The current node list is empty.' in C:\Bitnami\wamp\apps\symfony\htdocs\vendor\symfony\dom-crawler\Crawler.php:703 Stack trace: #0 C:\Bitnami\wamp\apps\symfony\htdocs\src\AppBundle\Service\DomGrab.php(163): Symfony\Component\DomCrawler\Crawler->link} [] []
[2017-01-04 11:40:22] applog.INFO: 采集@85---APS-News信息成功 [] []
[2017-01-04 11:40:30] applog.INFO: 采集@86---Upstream信息成功 [] []
[2017-01-04 11:40:47] applog.INFO: 采集@87---Schlumberger-case study信息成功 [] []
[2017-01-04 11:41:09] applog.INFO: 进入pushEzhan。。开始推送展会信息 [] []
[2017-01-04 11:41:11] applog.NOTICE: http://wp.pecans.cn/api.php:推送结果------------------{"status":1,"res":{"id":85470,"msg":"The article was submitted successfully"}} [] []
[2017-01-04 11:41:11] applog.NOTICE: http://wp.pecans.cn/api.php:推送结果------------------{"status":1,"res":{"id":85469,"msg":"The article was submitted successfully"}} [] []
[2017-01-04 11:42:17] applog.WARNING: 采集@Schlumberger-product sheets信息失败 [] []
[2017-01-04 11:42:17] applog.WARNING: 错误原因：{exception 'GuzzleHttp\Exception\ConnectException' with message 'cURL error 28: Operation timed out after 89782 milliseconds with 282485 out of 730960 bytes received (see http://curl.haxx.se/libcurl/c/libcurl-errors.html)' in C:\Bitnami\wamp\apps\symfony\htdocs\vendor\guzzlehttp\guzzle\src\Handler\Cu} [] []
[2017-01-04 11:42:34] applog.INFO: 采集@89---McKinsey&Company-麦肯锡研究&观点信息成功 [] []
[2017-01-04 11:42:39] applog.INFO: 采集@90---IEA—topics信息成功 [] []
[2017-01-04 11:42:47] applog.INFO: 采集@91---theogm-oil-and-gas信息成功 [] []
[2017-01-04 11:42:55] applog.INFO: 采集@92---naturalgaseurope-news信息成功 [] []
[2017-01-04 11:43:08] applog.INFO: 采集@93---iooilandgas-powerful-thinking信息成功 [] []
[2017-01-04 11:43:11] applog.INFO: 采集@94---中石油-新闻信息信息成功 [] []
[2017-01-04 11:43:13] applog.INFO: 采集@95---中石油-公司公告信息成功 [] []
[2017-01-04 11:43:16] applog.INFO: 采集@96---中石油-业务公告信息成功 [] []
[2017-01-04 11:43:20] applog.INFO: 采集@97---中石油新闻中心-每日头条信息成功 [] []
[2017-01-04 11:43:22] applog.INFO: 采集@98---中石油新闻中心-行业新闻信息成功 [] []
[2017-01-04 11:43:25] applog.INFO: 采集@99---中石油新闻中心-媒体聚焦信息成功 [] []
[2017-01-04 11:43:27] applog.WARNING: 采集@中海油-要闻信息失败 [] []
[2017-01-04 11:43:27] applog.WARNING: 错误原因：{exception 'InvalidArgumentException' with message 'The current node list is empty.' in C:\Bitnami\wamp\apps\symfony\htdocs\vendor\symfony\dom-crawler\Crawler.php:703 Stack trace: #0 C:\Bitnami\wamp\apps\symfony\htdocs\src\AppBundle\Service\DomGrab.php(163): Symfony\Component\DomCrawler\Crawler->link} [] []
[2017-01-04 11:43:28] applog.WARNING: 采集@中海油-公司新闻信息失败 [] []
[2017-01-04 11:43:28] applog.WARNING: 错误原因：{exception 'InvalidArgumentException' with message 'The current node list is empty.' in C:\Bitnami\wamp\apps\symfony\htdocs\vendor\symfony\dom-crawler\Crawler.php:703 Stack trace: #0 C:\Bitnami\wamp\apps\symfony\htdocs\src\AppBundle\Service\DomGrab.php(163): Symfony\Component\DomCrawler\Crawler->link} [] []
[2017-01-04 11:43:28] applog.WARNING: 采集@中海油-科技创新信息失败 [] []
[2017-01-04 11:43:28] applog.WARNING: 错误原因：{exception 'InvalidArgumentException' with message 'The current node list is empty.' in C:\Bitnami\wamp\apps\symfony\htdocs\vendor\symfony\dom-crawler\Crawler.php:703 Stack trace: #0 C:\Bitnami\wamp\apps\symfony\htdocs\src\AppBundle\Service\DomGrab.php(163): Symfony\Component\DomCrawler\Crawler->link} [] []
[2017-01-04 11:43:29] applog.WARNING: 采集@中海油-公告信息信息失败 [] []
[2017-01-04 11:43:29] applog.WARNING: 错误原因：{exception 'InvalidArgumentException' with message 'The current node list is empty.' in C:\Bitnami\wamp\apps\symfony\htdocs\vendor\symfony\dom-crawler\Crawler.php:703 Stack trace: #0 C:\Bitnami\wamp\apps\symfony\htdocs\src\AppBundle\Service\DomGrab.php(163): Symfony\Component\DomCrawler\Crawler->link} [] []
[2017-01-04 11:43:32] applog.INFO: 采集@104---中石化新闻网-热点信息成功 [] []
[2017-01-04 11:43:34] applog.INFO: 采集@105---中石化新闻网-石化要闻信息成功 [] []
[2017-01-04 11:43:37] applog.INFO: 采集@106---中石化新闻网-油田企业信息成功 [] []
[2017-01-04 11:43:40] applog.INFO: 采集@107---大庆油田-油田动态信息成功 [] []
[2017-01-04 11:43:43] applog.INFO: 采集@108---延长石油-企业要闻信息成功 [] []
[2017-01-04 11:43:45] applog.INFO: 采集@109---延长石油-合作交流信息成功 [] []
[2017-01-04 11:43:48] applog.INFO: 采集@110---胜利油田-企业新闻信息成功 [] []
[2017-01-04 11:43:50] applog.INFO: 采集@111---辽河油田-公司动态信息成功 [] []
[2017-01-04 11:43:53] applog.INFO: 采集@112---辽河油田-科技创新信息成功 [] []
[2017-01-04 11:43:56] applog.INFO: 采集@113---华北油田信息-油田要闻信息成功 [] []
[2017-01-04 11:43:59] applog.INFO: 采集@114---吉林油田-公司动态信息成功 [] []
[2017-01-04 11:44:01] applog.INFO: 采集@115---中原油田-公司新闻信息成功 [] []
[2017-01-04 11:44:04] applog.INFO: 采集@116---江汉油田-油田新闻信息成功 [] []
[2017-01-04 11:44:07] applog.INFO: 采集@117---江苏油田-企业新闻信息成功 [] []
[2017-01-04 11:44:11] applog.INFO: 采集@118---塔里木油田-油田动态信息成功 [] []
[2017-01-04 11:44:14] applog.INFO: 采集@119---镇海炼化-公司新闻信息成功 [] []
[2017-01-04 11:44:17] applog.INFO: 采集@120---上海石化-新闻报道信息成功 [] []
[2017-01-04 11:44:19] applog.INFO: 采集@121---茂名石化-媒体聚焦信息成功 [] []
[2017-01-04 11:44:25] applog.INFO: 采集@122---金陵石化-企业新闻信息成功 [] []
[2017-01-04 11:44:28] applog.INFO: 采集@123---福建石化-公司动态信息成功 [] []
[2017-01-04 11:44:32] applog.INFO: 采集@124---高桥石化-企业新闻信息成功 [] []
[2017-01-04 11:44:53] applog.WARNING: 采集@齐鲁石化-石化新闻信息失败 [] []
[2017-01-04 11:44:53] applog.WARNING: 错误原因：{exception 'GuzzleHttp\Exception\RequestException' with message 'cURL error 56: Recv failure: Connection was reset (see http://curl.haxx.se/libcurl/c/libcurl-errors.html)' in C:\Bitnami\wamp\apps\symfony\htdocs\vendor\guzzlehttp\guzzle\src\Handler\CurlFactory.php:187 Stack trace: #0 C:\Bitnami\wamp\a} [] []
[2017-01-04 11:44:55] applog.INFO: 采集@126---燕山石化-媒体聚焦信息成功 [] []
[2017-01-04 11:45:01] applog.INFO: 采集@127---联合石化-公司新闻信息成功 [] []
[2017-01-04 11:45:01] applog.INFO: 采集信息结束 [] []
